[0.035s] Invoking command in '/home/labster/Desktop/ogmen_ws/build/ogmen_description': CMAKE_PREFIX_PATH=${CMAKE_PREFIX_PATH}:/opt/ros/humble /usr/bin/cmake /home/labster/Desktop/ogmen_ws/src/ogmen_description -DAMENT_CMAKE_SYMLINK_INSTALL=1 -DCMAKE_INSTALL_PREFIX=/home/labster/Desktop/ogmen_ws/install/ogmen_description
[1.374s] -- The C compiler identification is GNU 11.4.0
[2.116s] -- The CXX compiler identification is GNU 11.4.0
[2.154s] -- Detecting C compiler ABI info
[2.399s] -- Detecting C compiler ABI info - done
[2.418s] -- Check for working C compiler: /usr/bin/cc - skipped
[2.421s] -- Detecting C compile features
[2.425s] -- Detecting C compile features - done
[2.438s] -- Detecting CXX compiler ABI info
[2.628s] -- Detecting CXX compiler ABI info - done
[2.648s] -- Check for working CXX compiler: /usr/bin/c++ - skipped
[2.649s] -- Detecting CXX compile features
[2.650s] -- Detecting CXX compile features - done
[2.682s] -- Found ament_cmake: 1.3.8 (/opt/ros/humble/share/ament_cmake/cmake)
[3.050s] -- Found Python3: /usr/bin/python3 (found version "3.10.12") found components: Interpreter 
[3.217s] -- Override CMake install command with custom implementation using symlinks instead of copying resources
[3.382s] -- Found urdf: 2.6.0 (/opt/ros/humble/share/urdf/cmake)
[3.641s] -- Found xacro: 2.0.8 (/opt/ros/humble/share/xacro/cmake)
[3.680s] [33mCMake Warning (dev) at /usr/share/cmake-3.22/Modules/FindPackageHandleStandardArgs.cmake:438 (message):
[3.680s]   The package name passed to `find_package_handle_standard_args` (PkgConfig)
[3.680s]   does not match the name of the calling package (gazebo).  This can lead to
[3.680s]   problems in calling code that expects `find_package` result variables
[3.680s]   (e.g., `_FOUND`) to follow a certain pattern.
[3.680s] Call Stack (most recent call first):
[3.681s]   /usr/share/cmake-3.22/Modules/FindPkgConfig.cmake:99 (find_package_handle_standard_args)
[3.681s]   /usr/lib/x86_64-linux-gnu/cmake/gazebo/gazebo-config.cmake:72 (include)
[3.681s]   CMakeLists.txt:12 (find_package)
[3.681s] This warning is for project developers.  Use -Wno-dev to suppress it.
[3.681s] [0m
[3.681s] -- Found PkgConfig: /usr/bin/pkg-config (found version "0.29.2") 
[3.682s] -- Checking for module 'bullet>=2.82'
[3.732s] --   Found bullet, version 3.05
[4.247s] -- Found fcl: /usr/include (found suitable version "0.7.0", minimum required is "0.5.0") 
[4.427s] -- Found assimp: /usr/include (found version "5.2.0") 
[4.584s] -- Found DART: /usr/include (Required is at least version "6.6") found components: dart 
[5.067s] -- Found Boost: /usr/lib/x86_64-linux-gnu/cmake/Boost-1.74.0/BoostConfig.cmake (found suitable version "1.74.0", minimum required is "1.40.0") found components: thread system filesystem program_options regex iostreams date_time 
[5.182s] -- Found Protobuf: /usr/lib/x86_64-linux-gnu/libprotobuf.so (found version "3.12.4") 
[5.206s] -- Looking for ignition-math6 -- found version 6.15.1
[5.255s] -- Searching for dependencies of ignition-math6
[5.265s] -- Looking for OGRE...
[5.266s] -- OGRE_PREFIX_WATCH changed.
[5.280s] -- Checking for module 'OGRE'
[5.318s] --   Found OGRE, version 1.9.0
[5.428s] -- Found Ogre Ghadamon (1.9.0)
[5.455s] -- Found OGRE: optimized;/usr/lib/x86_64-linux-gnu/libOgreMain.so;debug;/usr/lib/x86_64-linux-gnu/libOgreMain.so
[5.469s] -- Looking for OGRE_Paging...
[5.480s] -- Found OGRE_Paging: optimized;/usr/lib/x86_64-linux-gnu/libOgrePaging.so;debug;/usr/lib/x86_64-linux-gnu/libOgrePaging.so
[5.480s] -- Looking for OGRE_Terrain...
[5.490s] -- Found OGRE_Terrain: optimized;/usr/lib/x86_64-linux-gnu/libOgreTerrain.so;debug;/usr/lib/x86_64-linux-gnu/libOgreTerrain.so
[5.491s] -- Looking for OGRE_Property...
[5.498s] -- Found OGRE_Property: optimized;/usr/lib/x86_64-linux-gnu/libOgreProperty.so;debug;/usr/lib/x86_64-linux-gnu/libOgreProperty.so
[5.499s] -- Looking for OGRE_RTShaderSystem...
[5.511s] -- Found OGRE_RTShaderSystem: optimized;/usr/lib/x86_64-linux-gnu/libOgreRTShaderSystem.so;debug;/usr/lib/x86_64-linux-gnu/libOgreRTShaderSystem.so
[5.512s] -- Looking for OGRE_Volume...
[5.523s] -- Found OGRE_Volume: optimized;/usr/lib/x86_64-linux-gnu/libOgreVolume.so;debug;/usr/lib/x86_64-linux-gnu/libOgreVolume.so
[5.523s] -- Looking for OGRE_Overlay...
[5.534s] -- Found OGRE_Overlay: optimized;/usr/lib/x86_64-linux-gnu/libOgreOverlay.so;debug;/usr/lib/x86_64-linux-gnu/libOgreOverlay.so
[5.710s] -- Looking for ignition-math6 -- found version 6.15.1
[5.730s] -- Looking for ignition-transport8 -- found version 8.2.1
[5.731s] -- Searching for dependencies of ignition-transport8
[5.768s] -- Found Protobuf: /usr/lib/x86_64-linux-gnu/libprotobuf.so (found suitable version "3.12.4", minimum required is "3") 
[5.789s] -- Config-file not installed for ZeroMQ -- checking for pkg-config
[5.800s] -- Checking for module 'libzmq >= 4'
[5.861s] --   Found libzmq , version 4.3.4
[5.964s] -- Found ZeroMQ: TRUE (Required is at least version "4") 
[5.979s] -- Checking for module 'uuid'
[6.024s] --   Found uuid, version 2.37.2
[6.122s] -- Found UUID: TRUE  
[6.133s] -- Looking for ignition-msgs5 -- found version 5.8.1
[6.134s] -- Searching for dependencies of ignition-msgs5
[6.191s] -- Looking for ignition-math6 -- found version 6.15.1
[6.206s] -- Checking for module 'tinyxml2'
[6.246s] --   Found tinyxml2, version 9.0.0
[6.350s] -- Looking for ignition-msgs5 -- found version 5.8.1
[6.358s] -- Looking for ignition-common3 -- found version 3.14.0
[6.359s] -- Searching for dependencies of ignition-common3
[6.362s] -- Looking for dlfcn.h - found
[6.363s] -- Looking for libdl - found
[6.367s] -- Found DL: TRUE  
[6.402s] -- Found tinyobjloader: /usr/lib/x86_64-linux-gnu/cmake/tinyobjloader/tinyobjloader-config.cmake (found version "2.0.0") 
[6.406s] -- Searching for <ignition-common3> component [graphics]
[6.416s] -- Looking for ignition-common3-graphics -- found version 3.14.0
[6.417s] -- Searching for dependencies of ignition-common3-graphics
[6.418s] -- Looking for ignition-math6 -- found version 6.15.1
[6.431s] -- Looking for ignition-fuel_tools4 -- found version 4.4.0
[6.432s] -- Searching for dependencies of ignition-fuel_tools4
[6.659s] -- Found CURL: /usr/lib/x86_64-linux-gnu/libcurl.so (found version "7.81.0")  
[6.696s] -- Checking for module 'jsoncpp'
[6.733s] --   Found jsoncpp, version 1.9.5
[6.832s] -- Found JSONCPP: TRUE  
[6.852s] -- Checking for module 'libzip'
[6.891s] --   Found libzip, version 1.7.3
[6.986s] -- Found ZIP: TRUE  
[6.986s] -- Looking for ignition-common3 -- found version 3.14.0
[6.987s] -- Looking for ignition-math6 -- found version 6.15.1
[6.987s] -- Looking for ignition-msgs5 -- found version 5.8.1
[7.026s] -- Found gazebo_ros_pkgs: 3.7.0 (/opt/ros/humble/share/gazebo_ros_pkgs/cmake)
[7.035s] -- Found tf2: 0.25.6 (/opt/ros/humble/share/tf2/cmake)
[7.158s] -- Found rosidl_generator_c: 3.1.5 (/opt/ros/humble/share/rosidl_generator_c/cmake)
[7.177s] -- Found rosidl_adapter: 3.1.5 (/opt/ros/humble/share/rosidl_adapter/cmake)
[7.212s] -- Found rosidl_generator_cpp: 3.1.5 (/opt/ros/humble/share/rosidl_generator_cpp/cmake)
[7.265s] -- Using all available rosidl_typesupport_c: rosidl_typesupport_fastrtps_c;rosidl_typesupport_introspection_c
[7.309s] -- Using all available rosidl_typesupport_cpp: rosidl_typesupport_fastrtps_cpp;rosidl_typesupport_introspection_cpp
[7.695s] -- Configuring done
[7.703s] -- Generating done
[7.706s] -- Build files have been written to: /home/labster/Desktop/ogmen_ws/build/ogmen_description
[7.721s] Invoked command in '/home/labster/Desktop/ogmen_ws/build/ogmen_description' returned '0': CMAKE_PREFIX_PATH=${CMAKE_PREFIX_PATH}:/opt/ros/humble /usr/bin/cmake /home/labster/Desktop/ogmen_ws/src/ogmen_description -DAMENT_CMAKE_SYMLINK_INSTALL=1 -DCMAKE_INSTALL_PREFIX=/home/labster/Desktop/ogmen_ws/install/ogmen_description
[7.725s] Invoking command in '/home/labster/Desktop/ogmen_ws/build/ogmen_description': CMAKE_PREFIX_PATH=${CMAKE_PREFIX_PATH}:/opt/ros/humble /usr/bin/cmake --build /home/labster/Desktop/ogmen_ws/build/ogmen_description -- -j12 -l12
[7.792s] Invoked command in '/home/labster/Desktop/ogmen_ws/build/ogmen_description' returned '0': CMAKE_PREFIX_PATH=${CMAKE_PREFIX_PATH}:/opt/ros/humble /usr/bin/cmake --build /home/labster/Desktop/ogmen_ws/build/ogmen_description -- -j12 -l12
[7.858s] Invoking command in '/home/labster/Desktop/ogmen_ws/build/ogmen_description': CMAKE_PREFIX_PATH=${CMAKE_PREFIX_PATH}:/opt/ros/humble /usr/bin/cmake --install /home/labster/Desktop/ogmen_ws/build/ogmen_description
[7.877s] -- Install configuration: ""
[7.878s] -- Execute custom install script
[7.879s] -- Symlinking: /home/labster/Desktop/ogmen_ws/install/ogmen_description/share/ogmen_description/launch/display.launch.py
[7.894s] -- Symlinking: /home/labster/Desktop/ogmen_ws/install/ogmen_description/share/ogmen_description/launch/gazebo.launch.py
[7.908s] -- Symlinking: /home/labster/Desktop/ogmen_ws/install/ogmen_description/share/ogmen_description/launch/gz-sim.launch.py
[7.923s] -- Symlinking: /home/labster/Desktop/ogmen_ws/install/ogmen_description/share/ogmen_description/meshes/base_link.stl
[7.939s] -- Symlinking: /home/labster/Desktop/ogmen_ws/install/ogmen_description/share/ogmen_description/meshes/camera_1.stl
[7.954s] -- Symlinking: /home/labster/Desktop/ogmen_ws/install/ogmen_description/share/ogmen_description/meshes/left_wheel_1.stl
[7.978s] -- Symlinking: /home/labster/Desktop/ogmen_ws/install/ogmen_description/share/ogmen_description/meshes/lidar_1.stl
[7.993s] -- Symlinking: /home/labster/Desktop/ogmen_ws/install/ogmen_description/share/ogmen_description/meshes/right_wheel_1.stl
[8.008s] -- Symlinking: /home/labster/Desktop/ogmen_ws/install/ogmen_description/share/ogmen_description/urdf/materials.xacro
[8.027s] -- Symlinking: /home/labster/Desktop/ogmen_ws/install/ogmen_description/share/ogmen_description/urdf/ogmen.gazebo
[8.042s] -- Symlinking: /home/labster/Desktop/ogmen_ws/install/ogmen_description/share/ogmen_description/urdf/ogmen.trans
[8.057s] -- Symlinking: /home/labster/Desktop/ogmen_ws/install/ogmen_description/share/ogmen_description/urdf/ogmen.xacro
[8.072s] -- Symlinking: /home/labster/Desktop/ogmen_ws/install/ogmen_description/share/ogmen_description/config/rviz_default.rviz
[8.087s] -- Symlinking: /home/labster/Desktop/ogmen_ws/install/ogmen_description/share/ogmen_description/worlds/empty.world
[8.102s] -- Symlinking: /home/labster/Desktop/ogmen_ws/install/ogmen_description/share/ogmen_description/worlds/empty_world.sdf
[8.117s] -- Symlinking: /home/labster/Desktop/ogmen_ws/install/ogmen_description/share/ament_index/resource_index/package_run_dependencies/ogmen_description
[8.132s] -- Symlinking: /home/labster/Desktop/ogmen_ws/install/ogmen_description/share/ament_index/resource_index/parent_prefix_path/ogmen_description
[8.155s] -- Symlinking: /home/labster/Desktop/ogmen_ws/install/ogmen_description/share/ogmen_description/environment/ament_prefix_path.sh
[8.179s] -- Symlinking: /home/labster/Desktop/ogmen_ws/install/ogmen_description/share/ogmen_description/environment/ament_prefix_path.dsv
[8.202s] -- Symlinking: /home/labster/Desktop/ogmen_ws/install/ogmen_description/share/ogmen_description/environment/path.sh
[8.225s] -- Symlinking: /home/labster/Desktop/ogmen_ws/install/ogmen_description/share/ogmen_description/environment/path.dsv
[8.248s] -- Symlinking: /home/labster/Desktop/ogmen_ws/install/ogmen_description/share/ogmen_description/local_setup.bash
[8.272s] -- Symlinking: /home/labster/Desktop/ogmen_ws/install/ogmen_description/share/ogmen_description/local_setup.sh
[8.295s] -- Symlinking: /home/labster/Desktop/ogmen_ws/install/ogmen_description/share/ogmen_description/local_setup.zsh
[8.318s] -- Symlinking: /home/labster/Desktop/ogmen_ws/install/ogmen_description/share/ogmen_description/local_setup.dsv
[8.342s] -- Symlinking: /home/labster/Desktop/ogmen_ws/install/ogmen_description/share/ogmen_description/package.dsv
[8.365s] -- Symlinking: /home/labster/Desktop/ogmen_ws/install/ogmen_description/share/ament_index/resource_index/packages/ogmen_description
[8.382s] -- Symlinking: /home/labster/Desktop/ogmen_ws/install/ogmen_description/share/ogmen_description/cmake/ogmen_descriptionConfig.cmake
[8.405s] -- Symlinking: /home/labster/Desktop/ogmen_ws/install/ogmen_description/share/ogmen_description/cmake/ogmen_descriptionConfig-version.cmake
[8.429s] -- Symlinking: /home/labster/Desktop/ogmen_ws/install/ogmen_description/share/ogmen_description/package.xml
[8.457s] Invoked command in '/home/labster/Desktop/ogmen_ws/build/ogmen_description' returned '0': CMAKE_PREFIX_PATH=${CMAKE_PREFIX_PATH}:/opt/ros/humble /usr/bin/cmake --install /home/labster/Desktop/ogmen_ws/build/ogmen_description
