[0.805s] Invoking command in '/home/labster/Desktop/ogmen_ws/src/ogmen_description': PYTHONPATH=/home/labster/Desktop/ogmen_ws/build/ogmen_description/prefix_override:/home/labster/Desktop/ogmen_ws/install/ogmen_description/lib/python3.10/site-packages:${PYTHONPATH} /usr/bin/python3 -W ignore:setup.py install is deprecated setup.py egg_info --egg-base ../../build/ogmen_description build --build-base /home/labster/Desktop/ogmen_ws/build/ogmen_description/build install --record /home/labster/Desktop/ogmen_ws/build/ogmen_description/install.log --install-scripts $base/lib/ogmen_description --single-version-externally-managed install_data
[1.018s] /usr/lib/python3/dist-packages/setuptools/dist.py:723: UserWarning: Usage of dash-separated 'script-dir' will not be supported in future versions. Please use the underscore name 'script_dir' instead
[1.018s]   warnings.warn(
[1.026s] running egg_info
[1.027s] writing ../../build/ogmen_description/ogmen_description.egg-info/PKG-INFO
[1.027s] writing dependency_links to ../../build/ogmen_description/ogmen_description.egg-info/dependency_links.txt
[1.027s] writing entry points to ../../build/ogmen_description/ogmen_description.egg-info/entry_points.txt
[1.027s] writing requirements to ../../build/ogmen_description/ogmen_description.egg-info/requires.txt
[1.027s] writing top-level names to ../../build/ogmen_description/ogmen_description.egg-info/top_level.txt
[1.029s] reading manifest file '../../build/ogmen_description/ogmen_description.egg-info/SOURCES.txt'
[1.032s] writing manifest file '../../build/ogmen_description/ogmen_description.egg-info/SOURCES.txt'
[1.032s] running build
[1.032s] running build_py
[1.033s] copying ogmen_description/reading_laser.py -> /home/labster/Desktop/ogmen_ws/build/ogmen_description/build/lib/ogmen_description
[1.033s] running install
[1.033s] running install_lib
[1.033s] copying /home/labster/Desktop/ogmen_ws/build/ogmen_description/build/lib/ogmen_description/reading_laser.py -> /home/labster/Desktop/ogmen_ws/install/ogmen_description/lib/python3.10/site-packages/ogmen_description
[1.034s] byte-compiling /home/labster/Desktop/ogmen_ws/install/ogmen_description/lib/python3.10/site-packages/ogmen_description/reading_laser.py to reading_laser.cpython-310.pyc
[1.034s] running install_data
[1.035s] running install_egg_info
[1.037s] removing '/home/labster/Desktop/ogmen_ws/install/ogmen_description/lib/python3.10/site-packages/ogmen_description-0.0.0-py3.10.egg-info' (and everything under it)
[1.037s] Copying ../../build/ogmen_description/ogmen_description.egg-info to /home/labster/Desktop/ogmen_ws/install/ogmen_description/lib/python3.10/site-packages/ogmen_description-0.0.0-py3.10.egg-info
[1.040s] running install_scripts
[1.058s] Installing talker script to /home/labster/Desktop/ogmen_ws/install/ogmen_description/lib/ogmen_description
[1.058s] writing list of installed files to '/home/labster/Desktop/ogmen_ws/build/ogmen_description/install.log'
[1.086s] Invoked command in '/home/labster/Desktop/ogmen_ws/src/ogmen_description' returned '0': PYTHONPATH=/home/labster/Desktop/ogmen_ws/build/ogmen_description/prefix_override:/home/labster/Desktop/ogmen_ws/install/ogmen_description/lib/python3.10/site-packages:${PYTHONPATH} /usr/bin/python3 -W ignore:setup.py install is deprecated setup.py egg_info --egg-base ../../build/ogmen_description build --build-base /home/labster/Desktop/ogmen_ws/build/ogmen_description/build install --record /home/labster/Desktop/ogmen_ws/build/ogmen_description/install.log --install-scripts $base/lib/ogmen_description --single-version-externally-managed install_data
