[0.020s] Invoking command in '/home/labster/Desktop/ogmen_ws/build/ogmen_description': CMAKE_PREFIX_PATH=${CMAKE_PREFIX_PATH}:/opt/ros/humble /usr/bin/cmake --build /home/labster/Desktop/ogmen_ws/build/ogmen_description -- -j12 -l12
[0.093s] Invoked command in '/home/labster/Desktop/ogmen_ws/build/ogmen_description' returned '0': CMAKE_PREFIX_PATH=${CMAKE_PREFIX_PATH}:/opt/ros/humble /usr/bin/cmake --build /home/labster/Desktop/ogmen_ws/build/ogmen_description -- -j12 -l12
[0.146s] Invoking command in '/home/labster/Desktop/ogmen_ws/build/ogmen_description': CMAKE_PREFIX_PATH=${CMAKE_PREFIX_PATH}:/opt/ros/humble /usr/bin/cmake --install /home/labster/Desktop/ogmen_ws/build/ogmen_description
[0.165s] -- Install configuration: ""
[0.170s] -- Execute custom install script
[0.172s] -- Up-to-date symlink: /home/labster/Desktop/ogmen_ws/install/ogmen_description/share/ogmen_description/launch/display.launch.py
[0.175s] -- Up-to-date symlink: /home/labster/Desktop/ogmen_ws/install/ogmen_description/share/ogmen_description/launch/gazebo.launch.py
[0.178s] -- Up-to-date symlink: /home/labster/Desktop/ogmen_ws/install/ogmen_description/share/ogmen_description/launch/gz-sim.launch.py
[0.180s] -- Up-to-date symlink: /home/labster/Desktop/ogmen_ws/install/ogmen_description/share/ogmen_description/meshes/base_link.stl
[0.182s] -- Up-to-date symlink: /home/labster/Desktop/ogmen_ws/install/ogmen_description/share/ogmen_description/meshes/camera_1.stl
[0.185s] -- Up-to-date symlink: /home/labster/Desktop/ogmen_ws/install/ogmen_description/share/ogmen_description/meshes/left_wheel_1.stl
[0.188s] -- Up-to-date symlink: /home/labster/Desktop/ogmen_ws/install/ogmen_description/share/ogmen_description/meshes/lidar_1.stl
[0.191s] -- Up-to-date symlink: /home/labster/Desktop/ogmen_ws/install/ogmen_description/share/ogmen_description/meshes/right_wheel_1.stl
[0.194s] -- Up-to-date symlink: /home/labster/Desktop/ogmen_ws/install/ogmen_description/share/ogmen_description/urdf/materials.xacro
[0.197s] -- Up-to-date symlink: /home/labster/Desktop/ogmen_ws/install/ogmen_description/share/ogmen_description/urdf/ogmen.gazebo
[0.199s] -- Up-to-date symlink: /home/labster/Desktop/ogmen_ws/install/ogmen_description/share/ogmen_description/urdf/ogmen.trans
[0.202s] -- Up-to-date symlink: /home/labster/Desktop/ogmen_ws/install/ogmen_description/share/ogmen_description/urdf/ogmen.xacro
[0.205s] -- Up-to-date symlink: /home/labster/Desktop/ogmen_ws/install/ogmen_description/share/ogmen_description/config/rviz_default.rviz
[0.208s] -- Up-to-date symlink: /home/labster/Desktop/ogmen_ws/install/ogmen_description/share/ogmen_description/worlds/empty.world
[0.210s] -- Up-to-date symlink: /home/labster/Desktop/ogmen_ws/install/ogmen_description/share/ogmen_description/worlds/empty_world.sdf
[0.213s] -- Symlinking: /home/labster/Desktop/ogmen_ws/install/ogmen_description/share/ogmen_description/worlds/ogmen_world.world
[0.233s] -- Up-to-date symlink: /home/labster/Desktop/ogmen_ws/install/ogmen_description/share/ament_index/resource_index/package_run_dependencies/ogmen_description
[0.234s] -- Up-to-date symlink: /home/labster/Desktop/ogmen_ws/install/ogmen_description/share/ament_index/resource_index/parent_prefix_path/ogmen_description
[0.235s] -- Up-to-date symlink: /home/labster/Desktop/ogmen_ws/install/ogmen_description/share/ogmen_description/environment/ament_prefix_path.sh
[0.235s] -- Up-to-date symlink: /home/labster/Desktop/ogmen_ws/install/ogmen_description/share/ogmen_description/environment/ament_prefix_path.dsv
[0.236s] -- Up-to-date symlink: /home/labster/Desktop/ogmen_ws/install/ogmen_description/share/ogmen_description/environment/path.sh
[0.236s] -- Up-to-date symlink: /home/labster/Desktop/ogmen_ws/install/ogmen_description/share/ogmen_description/environment/path.dsv
[0.237s] -- Up-to-date symlink: /home/labster/Desktop/ogmen_ws/install/ogmen_description/share/ogmen_description/local_setup.bash
[0.237s] -- Up-to-date symlink: /home/labster/Desktop/ogmen_ws/install/ogmen_description/share/ogmen_description/local_setup.sh
[0.238s] -- Up-to-date symlink: /home/labster/Desktop/ogmen_ws/install/ogmen_description/share/ogmen_description/local_setup.zsh
[0.238s] -- Up-to-date symlink: /home/labster/Desktop/ogmen_ws/install/ogmen_description/share/ogmen_description/local_setup.dsv
[0.238s] -- Symlinking: /home/labster/Desktop/ogmen_ws/install/ogmen_description/share/ogmen_description/package.dsv
[0.253s] -- Up-to-date symlink: /home/labster/Desktop/ogmen_ws/install/ogmen_description/share/ament_index/resource_index/packages/ogmen_description
[0.253s] -- Up-to-date symlink: /home/labster/Desktop/ogmen_ws/install/ogmen_description/share/ogmen_description/cmake/ogmen_descriptionConfig.cmake
[0.254s] -- Up-to-date symlink: /home/labster/Desktop/ogmen_ws/install/ogmen_description/share/ogmen_description/cmake/ogmen_descriptionConfig-version.cmake
[0.255s] -- Up-to-date symlink: /home/labster/Desktop/ogmen_ws/install/ogmen_description/share/ogmen_description/package.xml
[0.258s] Invoked command in '/home/labster/Desktop/ogmen_ws/build/ogmen_description' returned '0': CMAKE_PREFIX_PATH=${CMAKE_PREFIX_PATH}:/opt/ros/humble /usr/bin/cmake --install /home/labster/Desktop/ogmen_ws/build/ogmen_description
