/usr/lib/python3/dist-packages/setuptools/dist.py:723: UserWarning: Usage of dash-separated 'script-dir' will not be supported in future versions. Please use the underscore name 'script_dir' instead
  warnings.warn(
running egg_info
creating ../../build/ogmen_description/ogmen_description.egg-info
writing ../../build/ogmen_description/ogmen_description.egg-info/PKG-INFO
writing dependency_links to ../../build/ogmen_description/ogmen_description.egg-info/dependency_links.txt
writing entry points to ../../build/ogmen_description/ogmen_description.egg-info/entry_points.txt
writing requirements to ../../build/ogmen_description/ogmen_description.egg-info/requires.txt
writing top-level names to ../../build/ogmen_description/ogmen_description.egg-info/top_level.txt
writing manifest file '../../build/ogmen_description/ogmen_description.egg-info/SOURCES.txt'
reading manifest file '../../build/ogmen_description/ogmen_description.egg-info/SOURCES.txt'
writing manifest file '../../build/ogmen_description/ogmen_description.egg-info/SOURCES.txt'
running build
running build_py
creating /home/labster/Desktop/ogmen_ws/build/ogmen_description/build
creating /home/labster/Desktop/ogmen_ws/build/ogmen_description/build/lib
creating /home/labster/Desktop/ogmen_ws/build/ogmen_description/build/lib/ogmen_description
copying ogmen_description/__init__.py -> /home/labster/Desktop/ogmen_ws/build/ogmen_description/build/lib/ogmen_description
running install
running install_lib
creating /home/labster/Desktop/ogmen_ws/install/ogmen_description/lib/python3.10/site-packages/ogmen_description
copying /home/labster/Desktop/ogmen_ws/build/ogmen_description/build/lib/ogmen_description/__init__.py -> /home/labster/Desktop/ogmen_ws/install/ogmen_description/lib/python3.10/site-packages/ogmen_description
byte-compiling /home/labster/Desktop/ogmen_ws/install/ogmen_description/lib/python3.10/site-packages/ogmen_description/__init__.py to __init__.cpython-310.pyc
running install_data
copying resource/ogmen_description -> /home/labster/Desktop/ogmen_ws/install/ogmen_description/share/ament_index/resource_index/packages
copying config/display.rviz -> /home/labster/Desktop/ogmen_ws/install/ogmen_description/share/ogmen_description/config
running install_egg_info
Copying ../../build/ogmen_description/ogmen_description.egg-info to /home/labster/Desktop/ogmen_ws/install/ogmen_description/lib/python3.10/site-packages/ogmen_description-0.0.0-py3.10.egg-info
running install_scripts
writing list of installed files to '/home/labster/Desktop/ogmen_ws/build/ogmen_description/install.log'
