[0.792s] Invoking command in '/home/labster/Desktop/ogmen_ws/src/ogmen_description': PYTHONPATH=/home/labster/Desktop/ogmen_ws/build/ogmen_description/prefix_override:/home/labster/Desktop/ogmen_ws/install/ogmen_description/lib/python3.10/site-packages:${PYTHONPATH} /usr/bin/python3 -W ignore:setup.py install is deprecated setup.py egg_info --egg-base ../../build/ogmen_description build --build-base /home/labster/Desktop/ogmen_ws/build/ogmen_description/build install --record /home/labster/Desktop/ogmen_ws/build/ogmen_description/install.log --install-scripts $base/lib/ogmen_description --single-version-externally-managed install_data
[0.984s] /usr/lib/python3/dist-packages/setuptools/dist.py:723: UserWarning: Usage of dash-separated 'script-dir' will not be supported in future versions. Please use the underscore name 'script_dir' instead
[0.984s]   warnings.warn(
[0.990s] running egg_info
[0.990s] creating ../../build/ogmen_description/ogmen_description.egg-info
[0.991s] writing ../../build/ogmen_description/ogmen_description.egg-info/PKG-INFO
[0.991s] writing dependency_links to ../../build/ogmen_description/ogmen_description.egg-info/dependency_links.txt
[0.991s] writing entry points to ../../build/ogmen_description/ogmen_description.egg-info/entry_points.txt
[0.991s] writing requirements to ../../build/ogmen_description/ogmen_description.egg-info/requires.txt
[0.991s] writing top-level names to ../../build/ogmen_description/ogmen_description.egg-info/top_level.txt
[0.992s] writing manifest file '../../build/ogmen_description/ogmen_description.egg-info/SOURCES.txt'
[0.992s] reading manifest file '../../build/ogmen_description/ogmen_description.egg-info/SOURCES.txt'
[0.993s] writing manifest file '../../build/ogmen_description/ogmen_description.egg-info/SOURCES.txt'
[0.993s] running build
[0.994s] running build_py
[0.994s] creating /home/labster/Desktop/ogmen_ws/build/ogmen_description/build
[0.994s] creating /home/labster/Desktop/ogmen_ws/build/ogmen_description/build/lib
[0.994s] creating /home/labster/Desktop/ogmen_ws/build/ogmen_description/build/lib/ogmen_description
[0.994s] copying ogmen_description/__init__.py -> /home/labster/Desktop/ogmen_ws/build/ogmen_description/build/lib/ogmen_description
[0.995s] running install
[0.995s] running install_lib
[0.995s] creating /home/labster/Desktop/ogmen_ws/install/ogmen_description/lib/python3.10/site-packages/ogmen_description
[0.995s] copying /home/labster/Desktop/ogmen_ws/build/ogmen_description/build/lib/ogmen_description/__init__.py -> /home/labster/Desktop/ogmen_ws/install/ogmen_description/lib/python3.10/site-packages/ogmen_description
[0.995s] byte-compiling /home/labster/Desktop/ogmen_ws/install/ogmen_description/lib/python3.10/site-packages/ogmen_description/__init__.py to __init__.cpython-310.pyc
[0.996s] running install_data
[1.002s] copying resource/ogmen_description -> /home/labster/Desktop/ogmen_ws/install/ogmen_description/share/ament_index/resource_index/packages
[1.014s] copying config/display.rviz -> /home/labster/Desktop/ogmen_ws/install/ogmen_description/share/ogmen_description/config
[1.014s] running install_egg_info
[1.016s] Copying ../../build/ogmen_description/ogmen_description.egg-info to /home/labster/Desktop/ogmen_ws/install/ogmen_description/lib/python3.10/site-packages/ogmen_description-0.0.0-py3.10.egg-info
[1.017s] running install_scripts
[1.034s] writing list of installed files to '/home/labster/Desktop/ogmen_ws/build/ogmen_description/install.log'
[1.062s] Invoked command in '/home/labster/Desktop/ogmen_ws/src/ogmen_description' returned '0': PYTHONPATH=/home/labster/Desktop/ogmen_ws/build/ogmen_description/prefix_override:/home/labster/Desktop/ogmen_ws/install/ogmen_description/lib/python3.10/site-packages:${PYTHONPATH} /usr/bin/python3 -W ignore:setup.py install is deprecated setup.py egg_info --egg-base ../../build/ogmen_description build --build-base /home/labster/Desktop/ogmen_ws/build/ogmen_description/build install --record /home/labster/Desktop/ogmen_ws/build/ogmen_description/install.log --install-scripts $base/lib/ogmen_description --single-version-externally-managed install_data
