[1.334s] DEBUG:colcon:Command line arguments: ['/usr/bin/colcon', 'build', '--symlink-install']
[1.335s] DEBUG:colcon:Parsed command line arguments: Namespace(log_base=None, log_level=None, verb_name='build', build_base='build', install_base='install', merge_install=False, symlink_install=True, test_result_base=None, continue_on_error=False, executor='parallel', parallel_workers=12, event_handlers=None, ignore_user_meta=False, metas=['./colcon.meta'], base_paths=['.'], packages_ignore=None, packages_ignore_regex=None, paths=None, packages_up_to=None, packages_up_to_regex=None, packages_above=None, packages_above_and_dependencies=None, packages_above_depth=None, packages_select_by_dep=None, packages_skip_by_dep=None, packages_skip_up_to=None, packages_select_build_failed=False, packages_skip_build_finished=False, packages_select_test_failures=False, packages_skip_test_passed=False, packages_select=None, packages_skip=None, packages_select_regex=None, packages_skip_regex=None, packages_start=None, packages_end=None, allow_overriding=[], cmake_args=None, cmake_target=None, cmake_target_skip_unavailable=False, cmake_clean_cache=False, cmake_clean_first=False, cmake_force_configure=False, ament_cmake_args=None, catkin_cmake_args=None, catkin_skip_building_tests=False, verb_parser=<colcon_defaults.argument_parser.defaults.DefaultArgumentsDecorator object at 0x712aeaa34a60>, verb_extension=<colcon_core.verb.build.BuildVerb object at 0x712aeaa34280>, main=<bound method BuildVerb.main of <colcon_core.verb.build.BuildVerb object at 0x712aeaa34280>>)
[2.201s] Level 1:colcon.colcon_core.package_discovery:discover_packages(colcon_meta) check parameters
[2.201s] Level 1:colcon.colcon_core.package_discovery:discover_packages(recursive) check parameters
[2.202s] Level 1:colcon.colcon_core.package_discovery:discover_packages(ignore) check parameters
[2.202s] Level 1:colcon.colcon_core.package_discovery:discover_packages(path) check parameters
[2.202s] Level 1:colcon.colcon_core.package_discovery:discover_packages(colcon_meta) discover
[2.202s] Level 1:colcon.colcon_core.package_discovery:discover_packages(recursive) discover
[2.202s] INFO:colcon.colcon_core.package_discovery:Crawling recursively for packages in '/home/labster/Desktop/ogmen_ws'
[2.202s] Level 1:colcon.colcon_core.package_identification:_identify(.) by extensions ['ignore', 'ignore_ament_install']
[2.202s] Level 1:colcon.colcon_core.package_identification:_identify(.) by extension 'ignore'
[2.202s] Level 1:colcon.colcon_core.package_identification:_identify(.) by extension 'ignore_ament_install'
[2.203s] Level 1:colcon.colcon_core.package_identification:_identify(.) by extensions ['colcon_pkg']
[2.203s] Level 1:colcon.colcon_core.package_identification:_identify(.) by extension 'colcon_pkg'
[2.203s] Level 1:colcon.colcon_core.package_identification:_identify(.) by extensions ['colcon_meta']
[2.203s] Level 1:colcon.colcon_core.package_identification:_identify(.) by extension 'colcon_meta'
[2.203s] Level 1:colcon.colcon_core.package_identification:_identify(.) by extensions ['ros']
[2.203s] Level 1:colcon.colcon_core.package_identification:_identify(.) by extension 'ros'
[2.235s] Level 1:colcon.colcon_core.package_identification:_identify(.) by extensions ['cmake', 'python']
[2.236s] Level 1:colcon.colcon_core.package_identification:_identify(.) by extension 'cmake'
[2.236s] Level 1:colcon.colcon_core.package_identification:_identify(.) by extension 'python'
[2.236s] Level 1:colcon.colcon_core.package_identification:_identify(.) by extensions ['python_setup_py']
[2.236s] Level 1:colcon.colcon_core.package_identification:_identify(.) by extension 'python_setup_py'
[2.236s] Level 1:colcon.colcon_core.package_identification:_identify(build) by extensions ['ignore', 'ignore_ament_install']
[2.236s] Level 1:colcon.colcon_core.package_identification:_identify(build) by extension 'ignore'
[2.236s] Level 1:colcon.colcon_core.package_identification:_identify(build) ignored
[2.236s] Level 1:colcon.colcon_core.package_identification:_identify(install) by extensions ['ignore', 'ignore_ament_install']
[2.236s] Level 1:colcon.colcon_core.package_identification:_identify(install) by extension 'ignore'
[2.236s] Level 1:colcon.colcon_core.package_identification:_identify(install) ignored
[2.236s] Level 1:colcon.colcon_core.package_identification:_identify(log) by extensions ['ignore', 'ignore_ament_install']
[2.236s] Level 1:colcon.colcon_core.package_identification:_identify(log) by extension 'ignore'
[2.236s] Level 1:colcon.colcon_core.package_identification:_identify(log) ignored
[2.236s] Level 1:colcon.colcon_core.package_identification:_identify(src) by extensions ['ignore', 'ignore_ament_install']
[2.236s] Level 1:colcon.colcon_core.package_identification:_identify(src) by extension 'ignore'
[2.236s] Level 1:colcon.colcon_core.package_identification:_identify(src) by extension 'ignore_ament_install'
[2.236s] Level 1:colcon.colcon_core.package_identification:_identify(src) by extensions ['colcon_pkg']
[2.236s] Level 1:colcon.colcon_core.package_identification:_identify(src) by extension 'colcon_pkg'
[2.236s] Level 1:colcon.colcon_core.package_identification:_identify(src) by extensions ['colcon_meta']
[2.237s] Level 1:colcon.colcon_core.package_identification:_identify(src) by extension 'colcon_meta'
[2.237s] Level 1:colcon.colcon_core.package_identification:_identify(src) by extensions ['ros']
[2.237s] Level 1:colcon.colcon_core.package_identification:_identify(src) by extension 'ros'
[2.237s] Level 1:colcon.colcon_core.package_identification:_identify(src) by extensions ['cmake', 'python']
[2.237s] Level 1:colcon.colcon_core.package_identification:_identify(src) by extension 'cmake'
[2.237s] Level 1:colcon.colcon_core.package_identification:_identify(src) by extension 'python'
[2.237s] Level 1:colcon.colcon_core.package_identification:_identify(src) by extensions ['python_setup_py']
[2.237s] Level 1:colcon.colcon_core.package_identification:_identify(src) by extension 'python_setup_py'
[2.238s] Level 1:colcon.colcon_core.package_identification:_identify(src/ogmen_description) by extensions ['ignore', 'ignore_ament_install']
[2.238s] Level 1:colcon.colcon_core.package_identification:_identify(src/ogmen_description) by extension 'ignore'
[2.238s] Level 1:colcon.colcon_core.package_identification:_identify(src/ogmen_description) by extension 'ignore_ament_install'
[2.239s] Level 1:colcon.colcon_core.package_identification:_identify(src/ogmen_description) by extensions ['colcon_pkg']
[2.239s] Level 1:colcon.colcon_core.package_identification:_identify(src/ogmen_description) by extension 'colcon_pkg'
[2.239s] Level 1:colcon.colcon_core.package_identification:_identify(src/ogmen_description) by extensions ['colcon_meta']
[2.239s] Level 1:colcon.colcon_core.package_identification:_identify(src/ogmen_description) by extension 'colcon_meta'
[2.239s] Level 1:colcon.colcon_core.package_identification:_identify(src/ogmen_description) by extensions ['ros']
[2.239s] Level 1:colcon.colcon_core.package_identification:_identify(src/ogmen_description) by extension 'ros'
[2.248s] DEBUG:colcon.colcon_core.package_identification:Package 'src/ogmen_description' with type 'ros.ament_cmake' and name 'ogmen_description'
[2.248s] Level 1:colcon.colcon_core.package_discovery:discover_packages(recursive) using defaults
[2.248s] Level 1:colcon.colcon_core.package_discovery:discover_packages(ignore) discover
[2.248s] Level 1:colcon.colcon_core.package_discovery:discover_packages(ignore) using defaults
[2.248s] Level 1:colcon.colcon_core.package_discovery:discover_packages(path) discover
[2.248s] Level 1:colcon.colcon_core.package_discovery:discover_packages(path) using defaults
[2.339s] Level 1:colcon.colcon_core.package_discovery:discover_packages(prefix_path) check parameters
[2.340s] Level 1:colcon.colcon_core.package_discovery:discover_packages(prefix_path) discover
[2.351s] DEBUG:colcon.colcon_installed_package_information.package_discovery:Found 3 installed packages in /home/labster/microros_ws/src/install
[2.353s] DEBUG:colcon.colcon_installed_package_information.package_discovery:Found 280 installed packages in /opt/ros/humble
[2.366s] Level 1:colcon.colcon_core.package_discovery:discover_packages(prefix_path) using defaults
[2.418s] Level 5:colcon.colcon_core.verb:set package 'ogmen_description' build argument 'cmake_args' from command line to 'None'
[2.418s] Level 5:colcon.colcon_core.verb:set package 'ogmen_description' build argument 'cmake_target' from command line to 'None'
[2.418s] Level 5:colcon.colcon_core.verb:set package 'ogmen_description' build argument 'cmake_target_skip_unavailable' from command line to 'False'
[2.418s] Level 5:colcon.colcon_core.verb:set package 'ogmen_description' build argument 'cmake_clean_cache' from command line to 'False'
[2.418s] Level 5:colcon.colcon_core.verb:set package 'ogmen_description' build argument 'cmake_clean_first' from command line to 'False'
[2.418s] Level 5:colcon.colcon_core.verb:set package 'ogmen_description' build argument 'cmake_force_configure' from command line to 'False'
[2.418s] Level 5:colcon.colcon_core.verb:set package 'ogmen_description' build argument 'ament_cmake_args' from command line to 'None'
[2.418s] Level 5:colcon.colcon_core.verb:set package 'ogmen_description' build argument 'catkin_cmake_args' from command line to 'None'
[2.418s] Level 5:colcon.colcon_core.verb:set package 'ogmen_description' build argument 'catkin_skip_building_tests' from command line to 'False'
[2.418s] DEBUG:colcon.colcon_core.verb:Building package 'ogmen_description' with the following arguments: {'ament_cmake_args': None, 'build_base': '/home/labster/Desktop/ogmen_ws/build/ogmen_description', 'catkin_cmake_args': None, 'catkin_skip_building_tests': False, 'cmake_args': None, 'cmake_clean_cache': False, 'cmake_clean_first': False, 'cmake_force_configure': False, 'cmake_target': None, 'cmake_target_skip_unavailable': False, 'install_base': '/home/labster/Desktop/ogmen_ws/install/ogmen_description', 'merge_install': False, 'path': '/home/labster/Desktop/ogmen_ws/src/ogmen_description', 'symlink_install': True, 'test_result_base': None}
[2.418s] INFO:colcon.colcon_core.executor:Executing jobs using 'parallel' executor
[2.419s] DEBUG:colcon.colcon_parallel_executor.executor.parallel:run_until_complete
[2.419s] INFO:colcon.colcon_ros.task.ament_cmake.build:Building ROS package in '/home/labster/Desktop/ogmen_ws/src/ogmen_description' with build type 'ament_cmake'
[2.419s] INFO:colcon.colcon_cmake.task.cmake.build:Building CMake package in '/home/labster/Desktop/ogmen_ws/src/ogmen_description'
[2.439s] INFO:colcon.colcon_core.plugin_system:Skipping extension 'colcon_core.shell.bat': Not used on non-Windows systems
[2.440s] INFO:colcon.colcon_core.shell:Skip shell extension 'powershell' for command environment: Not usable outside of PowerShell
[2.440s] DEBUG:colcon.colcon_core.shell:Skip shell extension 'dsv' for command environment
[2.452s] DEBUG:colcon.colcon_core.event_handler.log_command:Invoking command in '/home/labster/Desktop/ogmen_ws/build/ogmen_description': CMAKE_PREFIX_PATH=${CMAKE_PREFIX_PATH}:/opt/ros/humble /usr/bin/cmake /home/labster/Desktop/ogmen_ws/src/ogmen_description -DAMENT_CMAKE_SYMLINK_INSTALL=1 -DCMAKE_INSTALL_PREFIX=/home/labster/Desktop/ogmen_ws/install/ogmen_description
[9.349s] DEBUG:colcon.colcon_core.event_handler.log_command:Invoked command in '/home/labster/Desktop/ogmen_ws/build/ogmen_description' returned '0': CMAKE_PREFIX_PATH=${CMAKE_PREFIX_PATH}:/opt/ros/humble /usr/bin/cmake /home/labster/Desktop/ogmen_ws/src/ogmen_description -DAMENT_CMAKE_SYMLINK_INSTALL=1 -DCMAKE_INSTALL_PREFIX=/home/labster/Desktop/ogmen_ws/install/ogmen_description
[9.354s] DEBUG:colcon.colcon_core.event_handler.log_command:Invoking command in '/home/labster/Desktop/ogmen_ws/build/ogmen_description': CMAKE_PREFIX_PATH=${CMAKE_PREFIX_PATH}:/opt/ros/humble /usr/bin/cmake --build /home/labster/Desktop/ogmen_ws/build/ogmen_description -- -j12 -l12
[9.417s] DEBUG:colcon.colcon_core.event_handler.log_command:Invoked command in '/home/labster/Desktop/ogmen_ws/build/ogmen_description' returned '0': CMAKE_PREFIX_PATH=${CMAKE_PREFIX_PATH}:/opt/ros/humble /usr/bin/cmake --build /home/labster/Desktop/ogmen_ws/build/ogmen_description -- -j12 -l12
[9.472s] DEBUG:colcon.colcon_core.event_handler.log_command:Invoking command in '/home/labster/Desktop/ogmen_ws/build/ogmen_description': CMAKE_PREFIX_PATH=${CMAKE_PREFIX_PATH}:/opt/ros/humble /usr/bin/cmake --install /home/labster/Desktop/ogmen_ws/build/ogmen_description
[9.847s] Level 1:colcon.colcon_core.environment:create_environment_scripts_only(ogmen_description)
[9.848s] DEBUG:colcon.colcon_core.event_handler.log_command:Invoked command in '/home/labster/Desktop/ogmen_ws/build/ogmen_description' returned '0': CMAKE_PREFIX_PATH=${CMAKE_PREFIX_PATH}:/opt/ros/humble /usr/bin/cmake --install /home/labster/Desktop/ogmen_ws/build/ogmen_description
[9.970s] Level 1:colcon.colcon_core.environment:checking '/home/labster/Desktop/ogmen_ws/install/ogmen_description' for CMake module files
[9.971s] Level 1:colcon.colcon_core.environment:checking '/home/labster/Desktop/ogmen_ws/install/ogmen_description' for CMake config files
[9.972s] Level 1:colcon.colcon_core.shell:create_environment_hook('ogmen_description', 'cmake_prefix_path')
[9.973s] INFO:colcon.colcon_core.shell:Creating environment hook '/home/labster/Desktop/ogmen_ws/install/ogmen_description/share/ogmen_description/hook/cmake_prefix_path.ps1'
[9.980s] INFO:colcon.colcon_core.shell:Creating environment descriptor '/home/labster/Desktop/ogmen_ws/install/ogmen_description/share/ogmen_description/hook/cmake_prefix_path.dsv'
[9.984s] INFO:colcon.colcon_core.shell:Creating environment hook '/home/labster/Desktop/ogmen_ws/install/ogmen_description/share/ogmen_description/hook/cmake_prefix_path.sh'
[9.988s] Level 1:colcon.colcon_core.environment:checking '/home/labster/Desktop/ogmen_ws/install/ogmen_description/bin'
[9.989s] Level 1:colcon.colcon_core.environment:checking '/home/labster/Desktop/ogmen_ws/install/ogmen_description/lib/pkgconfig/ogmen_description.pc'
[9.989s] Level 1:colcon.colcon_core.environment:checking '/home/labster/Desktop/ogmen_ws/install/ogmen_description/lib/python3.10/site-packages'
[9.989s] Level 1:colcon.colcon_core.environment:checking '/home/labster/Desktop/ogmen_ws/install/ogmen_description/bin'
[9.990s] INFO:colcon.colcon_core.shell:Creating package script '/home/labster/Desktop/ogmen_ws/install/ogmen_description/share/ogmen_description/package.ps1'
[9.995s] INFO:colcon.colcon_core.shell:Creating package descriptor '/home/labster/Desktop/ogmen_ws/install/ogmen_description/share/ogmen_description/package.dsv'
[10.000s] INFO:colcon.colcon_core.shell:Creating package script '/home/labster/Desktop/ogmen_ws/install/ogmen_description/share/ogmen_description/package.sh'
[10.005s] INFO:colcon.colcon_core.shell:Creating package script '/home/labster/Desktop/ogmen_ws/install/ogmen_description/share/ogmen_description/package.bash'
[10.013s] INFO:colcon.colcon_core.shell:Creating package script '/home/labster/Desktop/ogmen_ws/install/ogmen_description/share/ogmen_description/package.zsh'
[10.019s] Level 1:colcon.colcon_core.environment:create_file_with_runtime_dependencies(/home/labster/Desktop/ogmen_ws/install/ogmen_description/share/colcon-core/packages/ogmen_description)
[10.064s] Level 1:colcon.colcon_core.environment:create_environment_scripts_only(ogmen_description)
[10.064s] Level 1:colcon.colcon_core.environment:checking '/home/labster/Desktop/ogmen_ws/install/ogmen_description' for CMake module files
[10.065s] Level 1:colcon.colcon_core.environment:checking '/home/labster/Desktop/ogmen_ws/install/ogmen_description' for CMake config files
[10.066s] Level 1:colcon.colcon_core.shell:create_environment_hook('ogmen_description', 'cmake_prefix_path')
[10.067s] INFO:colcon.colcon_core.shell:Creating environment hook '/home/labster/Desktop/ogmen_ws/install/ogmen_description/share/ogmen_description/hook/cmake_prefix_path.ps1'
[10.067s] INFO:colcon.colcon_core.shell:Creating environment descriptor '/home/labster/Desktop/ogmen_ws/install/ogmen_description/share/ogmen_description/hook/cmake_prefix_path.dsv'
[10.068s] INFO:colcon.colcon_core.shell:Creating environment hook '/home/labster/Desktop/ogmen_ws/install/ogmen_description/share/ogmen_description/hook/cmake_prefix_path.sh'
[10.069s] Level 1:colcon.colcon_core.environment:checking '/home/labster/Desktop/ogmen_ws/install/ogmen_description/bin'
[10.069s] Level 1:colcon.colcon_core.environment:checking '/home/labster/Desktop/ogmen_ws/install/ogmen_description/lib/pkgconfig/ogmen_description.pc'
[10.070s] Level 1:colcon.colcon_core.environment:checking '/home/labster/Desktop/ogmen_ws/install/ogmen_description/lib/python3.10/site-packages'
[10.070s] Level 1:colcon.colcon_core.environment:checking '/home/labster/Desktop/ogmen_ws/install/ogmen_description/bin'
[10.071s] INFO:colcon.colcon_core.shell:Creating package script '/home/labster/Desktop/ogmen_ws/install/ogmen_description/share/ogmen_description/package.ps1'
[10.071s] INFO:colcon.colcon_core.shell:Creating package descriptor '/home/labster/Desktop/ogmen_ws/install/ogmen_description/share/ogmen_description/package.dsv'
[10.072s] INFO:colcon.colcon_core.shell:Creating package script '/home/labster/Desktop/ogmen_ws/install/ogmen_description/share/ogmen_description/package.sh'
[10.073s] INFO:colcon.colcon_core.shell:Creating package script '/home/labster/Desktop/ogmen_ws/install/ogmen_description/share/ogmen_description/package.bash'
[10.074s] INFO:colcon.colcon_core.shell:Creating package script '/home/labster/Desktop/ogmen_ws/install/ogmen_description/share/ogmen_description/package.zsh'
[10.075s] Level 1:colcon.colcon_core.environment:create_file_with_runtime_dependencies(/home/labster/Desktop/ogmen_ws/install/ogmen_description/share/colcon-core/packages/ogmen_description)
[10.075s] DEBUG:colcon.colcon_parallel_executor.executor.parallel:closing loop
[10.076s] DEBUG:colcon.colcon_parallel_executor.executor.parallel:loop closed
[10.076s] DEBUG:colcon.colcon_parallel_executor.executor.parallel:run_until_complete finished with '0'
[10.076s] DEBUG:colcon.colcon_core.event_reactor:joining thread
[10.104s] INFO:colcon.colcon_core.plugin_system:Skipping extension 'colcon_notification.desktop_notification.terminal_notifier': Not used on non-Darwin systems
[10.104s] INFO:colcon.colcon_core.plugin_system:Skipping extension 'colcon_notification.desktop_notification.win32': Not used on non-Windows systems
[10.105s] INFO:colcon.colcon_notification.desktop_notification:Sending desktop notification using 'notify2'
[10.116s] DEBUG:colcon.colcon_core.event_reactor:joined thread
[10.116s] INFO:colcon.colcon_core.shell:Creating prefix script '/home/labster/Desktop/ogmen_ws/install/local_setup.ps1'
[10.120s] INFO:colcon.colcon_core.shell:Creating prefix util module '/home/labster/Desktop/ogmen_ws/install/_local_setup_util_ps1.py'
[10.126s] INFO:colcon.colcon_core.shell:Creating prefix chain script '/home/labster/Desktop/ogmen_ws/install/setup.ps1'
[10.130s] INFO:colcon.colcon_core.shell:Creating prefix script '/home/labster/Desktop/ogmen_ws/install/local_setup.sh'
[10.134s] INFO:colcon.colcon_core.shell:Creating prefix util module '/home/labster/Desktop/ogmen_ws/install/_local_setup_util_sh.py'
[10.134s] INFO:colcon.colcon_core.shell:Creating prefix chain script '/home/labster/Desktop/ogmen_ws/install/setup.sh'
[10.138s] INFO:colcon.colcon_core.shell:Creating prefix script '/home/labster/Desktop/ogmen_ws/install/local_setup.bash'
[10.141s] INFO:colcon.colcon_core.shell:Creating prefix chain script '/home/labster/Desktop/ogmen_ws/install/setup.bash'
[10.145s] INFO:colcon.colcon_core.shell:Creating prefix script '/home/labster/Desktop/ogmen_ws/install/local_setup.zsh'
[10.147s] INFO:colcon.colcon_core.shell:Creating prefix chain script '/home/labster/Desktop/ogmen_ws/install/setup.zsh'
