[0.888s] DEBUG:colcon:Command line arguments: ['/usr/bin/colcon', 'build', '--symlink-install']
[0.888s] DEBUG:colcon:Parsed command line arguments: Namespace(log_base=None, log_level=None, verb_name='build', build_base='build', install_base='install', merge_install=False, symlink_install=True, test_result_base=None, continue_on_error=False, executor='parallel', parallel_workers=12, event_handlers=None, ignore_user_meta=False, metas=['./colcon.meta'], base_paths=['.'], packages_ignore=None, packages_ignore_regex=None, paths=None, packages_up_to=None, packages_up_to_regex=None, packages_above=None, packages_above_and_dependencies=None, packages_above_depth=None, packages_select_by_dep=None, packages_skip_by_dep=None, packages_skip_up_to=None, packages_select_build_failed=False, packages_skip_build_finished=False, packages_select_test_failures=False, packages_skip_test_passed=False, packages_select=None, packages_skip=None, packages_select_regex=None, packages_skip_regex=None, packages_start=None, packages_end=None, allow_overriding=[], cmake_args=None, cmake_target=None, cmake_target_skip_unavailable=False, cmake_clean_cache=False, cmake_clean_first=False, cmake_force_configure=False, ament_cmake_args=None, catkin_cmake_args=None, catkin_skip_building_tests=False, verb_parser=<colcon_defaults.argument_parser.defaults.DefaultArgumentsDecorator object at 0x76caeb93ca30>, verb_extension=<colcon_core.verb.build.BuildVerb object at 0x76caeb93c250>, main=<bound method BuildVerb.main of <colcon_core.verb.build.BuildVerb object at 0x76caeb93c250>>)
[1.894s] Level 1:colcon.colcon_core.package_discovery:discover_packages(colcon_meta) check parameters
[1.894s] Level 1:colcon.colcon_core.package_discovery:discover_packages(recursive) check parameters
[1.894s] Level 1:colcon.colcon_core.package_discovery:discover_packages(ignore) check parameters
[1.894s] Level 1:colcon.colcon_core.package_discovery:discover_packages(path) check parameters
[1.894s] Level 1:colcon.colcon_core.package_discovery:discover_packages(colcon_meta) discover
[1.894s] Level 1:colcon.colcon_core.package_discovery:discover_packages(recursive) discover
[1.894s] INFO:colcon.colcon_core.package_discovery:Crawling recursively for packages in '/home/labster/Desktop/ogmen_ws/src'
[1.895s] Level 1:colcon.colcon_core.package_identification:_identify(.) by extensions ['ignore', 'ignore_ament_install']
[1.895s] Level 1:colcon.colcon_core.package_identification:_identify(.) by extension 'ignore'
[1.895s] Level 1:colcon.colcon_core.package_identification:_identify(.) by extension 'ignore_ament_install'
[1.895s] Level 1:colcon.colcon_core.package_identification:_identify(.) by extensions ['colcon_pkg']
[1.895s] Level 1:colcon.colcon_core.package_identification:_identify(.) by extension 'colcon_pkg'
[1.895s] Level 1:colcon.colcon_core.package_identification:_identify(.) by extensions ['colcon_meta']
[1.895s] Level 1:colcon.colcon_core.package_identification:_identify(.) by extension 'colcon_meta'
[1.895s] Level 1:colcon.colcon_core.package_identification:_identify(.) by extensions ['ros']
[1.895s] Level 1:colcon.colcon_core.package_identification:_identify(.) by extension 'ros'
[1.940s] Level 1:colcon.colcon_core.package_identification:_identify(.) by extensions ['cmake', 'python']
[1.940s] Level 1:colcon.colcon_core.package_identification:_identify(.) by extension 'cmake'
[1.940s] Level 1:colcon.colcon_core.package_identification:_identify(.) by extension 'python'
[1.940s] Level 1:colcon.colcon_core.package_identification:_identify(.) by extensions ['python_setup_py']
[1.940s] Level 1:colcon.colcon_core.package_identification:_identify(.) by extension 'python_setup_py'
[1.940s] Level 1:colcon.colcon_core.package_identification:_identify(build) by extensions ['ignore', 'ignore_ament_install']
[1.940s] Level 1:colcon.colcon_core.package_identification:_identify(build) by extension 'ignore'
[1.940s] Level 1:colcon.colcon_core.package_identification:_identify(build) ignored
[1.940s] Level 1:colcon.colcon_core.package_identification:_identify(install) by extensions ['ignore', 'ignore_ament_install']
[1.940s] Level 1:colcon.colcon_core.package_identification:_identify(install) by extension 'ignore'
[1.940s] Level 1:colcon.colcon_core.package_identification:_identify(install) ignored
[1.940s] Level 1:colcon.colcon_core.package_identification:_identify(log) by extensions ['ignore', 'ignore_ament_install']
[1.940s] Level 1:colcon.colcon_core.package_identification:_identify(log) by extension 'ignore'
[1.940s] Level 1:colcon.colcon_core.package_identification:_identify(log) ignored
[1.942s] Level 1:colcon.colcon_core.package_identification:_identify(ogmen_description) by extensions ['ignore', 'ignore_ament_install']
[1.942s] Level 1:colcon.colcon_core.package_identification:_identify(ogmen_description) by extension 'ignore'
[1.942s] Level 1:colcon.colcon_core.package_identification:_identify(ogmen_description) by extension 'ignore_ament_install'
[1.942s] Level 1:colcon.colcon_core.package_identification:_identify(ogmen_description) by extensions ['colcon_pkg']
[1.942s] Level 1:colcon.colcon_core.package_identification:_identify(ogmen_description) by extension 'colcon_pkg'
[1.942s] Level 1:colcon.colcon_core.package_identification:_identify(ogmen_description) by extensions ['colcon_meta']
[1.942s] Level 1:colcon.colcon_core.package_identification:_identify(ogmen_description) by extension 'colcon_meta'
[1.942s] Level 1:colcon.colcon_core.package_identification:_identify(ogmen_description) by extensions ['ros']
[1.942s] Level 1:colcon.colcon_core.package_identification:_identify(ogmen_description) by extension 'ros'
[1.951s] DEBUG:colcon.colcon_core.package_identification:Package 'ogmen_description' with type 'ros.ament_cmake' and name 'ogmen_description'
[1.952s] Level 1:colcon.colcon_core.package_identification:_identify(sllidar_ros2) by extensions ['ignore', 'ignore_ament_install']
[1.952s] Level 1:colcon.colcon_core.package_identification:_identify(sllidar_ros2) by extension 'ignore'
[1.952s] Level 1:colcon.colcon_core.package_identification:_identify(sllidar_ros2) by extension 'ignore_ament_install'
[1.952s] Level 1:colcon.colcon_core.package_identification:_identify(sllidar_ros2) by extensions ['colcon_pkg']
[1.952s] Level 1:colcon.colcon_core.package_identification:_identify(sllidar_ros2) by extension 'colcon_pkg'
[1.952s] Level 1:colcon.colcon_core.package_identification:_identify(sllidar_ros2) by extensions ['colcon_meta']
[1.952s] Level 1:colcon.colcon_core.package_identification:_identify(sllidar_ros2) by extension 'colcon_meta'
[1.952s] Level 1:colcon.colcon_core.package_identification:_identify(sllidar_ros2) by extensions ['ros']
[1.952s] Level 1:colcon.colcon_core.package_identification:_identify(sllidar_ros2) by extension 'ros'
[1.954s] DEBUG:colcon.colcon_core.package_identification:Package 'sllidar_ros2' with type 'ros.ament_cmake' and name 'sllidar_ros2'
[1.954s] Level 1:colcon.colcon_core.package_discovery:discover_packages(recursive) using defaults
[1.954s] Level 1:colcon.colcon_core.package_discovery:discover_packages(ignore) discover
[1.954s] Level 1:colcon.colcon_core.package_discovery:discover_packages(ignore) using defaults
[1.954s] Level 1:colcon.colcon_core.package_discovery:discover_packages(path) discover
[1.954s] Level 1:colcon.colcon_core.package_discovery:discover_packages(path) using defaults
[2.002s] Level 1:colcon.colcon_core.package_discovery:discover_packages(prefix_path) check parameters
[2.002s] Level 1:colcon.colcon_core.package_discovery:discover_packages(prefix_path) discover
[2.012s] DEBUG:colcon.colcon_installed_package_information.package_discovery:Found 3 installed packages in /home/labster/microros_ws/src/install
[2.017s] DEBUG:colcon.colcon_installed_package_information.package_discovery:Found 280 installed packages in /opt/ros/humble
[2.030s] Level 1:colcon.colcon_core.package_discovery:discover_packages(prefix_path) using defaults
[2.390s] Level 5:colcon.colcon_core.verb:set package 'ogmen_description' build argument 'cmake_args' from command line to 'None'
[2.390s] Level 5:colcon.colcon_core.verb:set package 'ogmen_description' build argument 'cmake_target' from command line to 'None'
[2.390s] Level 5:colcon.colcon_core.verb:set package 'ogmen_description' build argument 'cmake_target_skip_unavailable' from command line to 'False'
[2.390s] Level 5:colcon.colcon_core.verb:set package 'ogmen_description' build argument 'cmake_clean_cache' from command line to 'False'
[2.390s] Level 5:colcon.colcon_core.verb:set package 'ogmen_description' build argument 'cmake_clean_first' from command line to 'False'
[2.390s] Level 5:colcon.colcon_core.verb:set package 'ogmen_description' build argument 'cmake_force_configure' from command line to 'False'
[2.390s] Level 5:colcon.colcon_core.verb:set package 'ogmen_description' build argument 'ament_cmake_args' from command line to 'None'
[2.390s] Level 5:colcon.colcon_core.verb:set package 'ogmen_description' build argument 'catkin_cmake_args' from command line to 'None'
[2.390s] Level 5:colcon.colcon_core.verb:set package 'ogmen_description' build argument 'catkin_skip_building_tests' from command line to 'False'
[2.390s] DEBUG:colcon.colcon_core.verb:Building package 'ogmen_description' with the following arguments: {'ament_cmake_args': None, 'build_base': '/home/labster/Desktop/ogmen_ws/src/build/ogmen_description', 'catkin_cmake_args': None, 'catkin_skip_building_tests': False, 'cmake_args': None, 'cmake_clean_cache': False, 'cmake_clean_first': False, 'cmake_force_configure': False, 'cmake_target': None, 'cmake_target_skip_unavailable': False, 'install_base': '/home/labster/Desktop/ogmen_ws/src/install/ogmen_description', 'merge_install': False, 'path': '/home/labster/Desktop/ogmen_ws/src/ogmen_description', 'symlink_install': True, 'test_result_base': None}
[2.391s] Level 5:colcon.colcon_core.verb:set package 'sllidar_ros2' build argument 'cmake_args' from command line to 'None'
[2.391s] Level 5:colcon.colcon_core.verb:set package 'sllidar_ros2' build argument 'cmake_target' from command line to 'None'
[2.391s] Level 5:colcon.colcon_core.verb:set package 'sllidar_ros2' build argument 'cmake_target_skip_unavailable' from command line to 'False'
[2.391s] Level 5:colcon.colcon_core.verb:set package 'sllidar_ros2' build argument 'cmake_clean_cache' from command line to 'False'
[2.391s] Level 5:colcon.colcon_core.verb:set package 'sllidar_ros2' build argument 'cmake_clean_first' from command line to 'False'
[2.392s] Level 5:colcon.colcon_core.verb:set package 'sllidar_ros2' build argument 'cmake_force_configure' from command line to 'False'
[2.392s] Level 5:colcon.colcon_core.verb:set package 'sllidar_ros2' build argument 'ament_cmake_args' from command line to 'None'
[2.392s] Level 5:colcon.colcon_core.verb:set package 'sllidar_ros2' build argument 'catkin_cmake_args' from command line to 'None'
[2.392s] Level 5:colcon.colcon_core.verb:set package 'sllidar_ros2' build argument 'catkin_skip_building_tests' from command line to 'False'
[2.392s] DEBUG:colcon.colcon_core.verb:Building package 'sllidar_ros2' with the following arguments: {'ament_cmake_args': None, 'build_base': '/home/labster/Desktop/ogmen_ws/src/build/sllidar_ros2', 'catkin_cmake_args': None, 'catkin_skip_building_tests': False, 'cmake_args': None, 'cmake_clean_cache': False, 'cmake_clean_first': False, 'cmake_force_configure': False, 'cmake_target': None, 'cmake_target_skip_unavailable': False, 'install_base': '/home/labster/Desktop/ogmen_ws/src/install/sllidar_ros2', 'merge_install': False, 'path': '/home/labster/Desktop/ogmen_ws/src/sllidar_ros2', 'symlink_install': True, 'test_result_base': None}
[2.392s] INFO:colcon.colcon_core.executor:Executing jobs using 'parallel' executor
[2.394s] DEBUG:colcon.colcon_parallel_executor.executor.parallel:run_until_complete
[2.394s] INFO:colcon.colcon_ros.task.ament_cmake.build:Building ROS package in '/home/labster/Desktop/ogmen_ws/src/ogmen_description' with build type 'ament_cmake'
[2.394s] INFO:colcon.colcon_cmake.task.cmake.build:Building CMake package in '/home/labster/Desktop/ogmen_ws/src/ogmen_description'
[2.412s] INFO:colcon.colcon_core.plugin_system:Skipping extension 'colcon_core.shell.bat': Not used on non-Windows systems
[2.412s] INFO:colcon.colcon_core.shell:Skip shell extension 'powershell' for command environment: Not usable outside of PowerShell
[2.412s] DEBUG:colcon.colcon_core.shell:Skip shell extension 'dsv' for command environment
[2.421s] INFO:colcon.colcon_ros.task.ament_cmake.build:Building ROS package in '/home/labster/Desktop/ogmen_ws/src/sllidar_ros2' with build type 'ament_cmake'
[2.422s] INFO:colcon.colcon_cmake.task.cmake.build:Building CMake package in '/home/labster/Desktop/ogmen_ws/src/sllidar_ros2'
[2.422s] INFO:colcon.colcon_core.shell:Skip shell extension 'powershell' for command environment: Not usable outside of PowerShell
[2.422s] DEBUG:colcon.colcon_core.shell:Skip shell extension 'dsv' for command environment
[2.621s] DEBUG:colcon.colcon_core.event_handler.log_command:Invoking command in '/home/labster/Desktop/ogmen_ws/src/build/sllidar_ros2': CMAKE_PREFIX_PATH=${CMAKE_PREFIX_PATH}:/opt/ros/humble /usr/bin/cmake --build /home/labster/Desktop/ogmen_ws/src/build/sllidar_ros2 -- -j12 -l12
[3.121s] DEBUG:colcon.colcon_core.event_handler.log_command:Invoking command in '/home/labster/Desktop/ogmen_ws/src/build/ogmen_description': CMAKE_PREFIX_PATH=${CMAKE_PREFIX_PATH}:/opt/ros/humble /usr/bin/cmake --build /home/labster/Desktop/ogmen_ws/src/build/ogmen_description -- -j12 -l12
[3.181s] DEBUG:colcon.colcon_core.event_handler.log_command:Invoked command in '/home/labster/Desktop/ogmen_ws/src/build/ogmen_description' returned '0': CMAKE_PREFIX_PATH=${CMAKE_PREFIX_PATH}:/opt/ros/humble /usr/bin/cmake --build /home/labster/Desktop/ogmen_ws/src/build/ogmen_description -- -j12 -l12
[3.224s] DEBUG:colcon.colcon_core.event_handler.log_command:Invoking command in '/home/labster/Desktop/ogmen_ws/src/build/ogmen_description': CMAKE_PREFIX_PATH=${CMAKE_PREFIX_PATH}:/opt/ros/humble /usr/bin/cmake --install /home/labster/Desktop/ogmen_ws/src/build/ogmen_description
[3.272s] Level 1:colcon.colcon_core.environment:create_environment_scripts_only(ogmen_description)
[3.272s] DEBUG:colcon.colcon_core.event_handler.log_command:Invoked command in '/home/labster/Desktop/ogmen_ws/src/build/ogmen_description' returned '0': CMAKE_PREFIX_PATH=${CMAKE_PREFIX_PATH}:/opt/ros/humble /usr/bin/cmake --install /home/labster/Desktop/ogmen_ws/src/build/ogmen_description
[5.504s] Level 1:colcon.colcon_core.environment:checking '/home/labster/Desktop/ogmen_ws/src/install/ogmen_description' for CMake module files
[5.505s] Level 1:colcon.colcon_core.environment:checking '/home/labster/Desktop/ogmen_ws/src/install/ogmen_description' for CMake config files
[5.506s] Level 1:colcon.colcon_core.shell:create_environment_hook('ogmen_description', 'cmake_prefix_path')
[5.506s] INFO:colcon.colcon_core.shell:Creating environment hook '/home/labster/Desktop/ogmen_ws/src/install/ogmen_description/share/ogmen_description/hook/cmake_prefix_path.ps1'
[5.542s] INFO:colcon.colcon_core.shell:Creating environment descriptor '/home/labster/Desktop/ogmen_ws/src/install/ogmen_description/share/ogmen_description/hook/cmake_prefix_path.dsv'
[5.584s] INFO:colcon.colcon_core.shell:Creating environment hook '/home/labster/Desktop/ogmen_ws/src/install/ogmen_description/share/ogmen_description/hook/cmake_prefix_path.sh'
[5.586s] Level 1:colcon.colcon_core.environment:checking '/home/labster/Desktop/ogmen_ws/src/install/ogmen_description/bin'
[5.586s] Level 1:colcon.colcon_core.environment:checking '/home/labster/Desktop/ogmen_ws/src/install/ogmen_description/lib/pkgconfig/ogmen_description.pc'
[5.587s] Level 1:colcon.colcon_core.environment:checking '/home/labster/Desktop/ogmen_ws/src/install/ogmen_description/lib/python3.10/site-packages'
[5.587s] Level 1:colcon.colcon_core.environment:checking '/home/labster/Desktop/ogmen_ws/src/install/ogmen_description/bin'
[5.588s] INFO:colcon.colcon_core.shell:Creating package script '/home/labster/Desktop/ogmen_ws/src/install/ogmen_description/share/ogmen_description/package.ps1'
[5.599s] INFO:colcon.colcon_core.shell:Creating package descriptor '/home/labster/Desktop/ogmen_ws/src/install/ogmen_description/share/ogmen_description/package.dsv'
[5.601s] INFO:colcon.colcon_core.shell:Creating package script '/home/labster/Desktop/ogmen_ws/src/install/ogmen_description/share/ogmen_description/package.sh'
[5.612s] INFO:colcon.colcon_core.shell:Creating package script '/home/labster/Desktop/ogmen_ws/src/install/ogmen_description/share/ogmen_description/package.bash'
[5.614s] INFO:colcon.colcon_core.shell:Creating package script '/home/labster/Desktop/ogmen_ws/src/install/ogmen_description/share/ogmen_description/package.zsh'
[5.615s] Level 1:colcon.colcon_core.environment:create_file_with_runtime_dependencies(/home/labster/Desktop/ogmen_ws/src/install/ogmen_description/share/colcon-core/packages/ogmen_description)
[5.677s] Level 1:colcon.colcon_core.environment:create_environment_scripts_only(ogmen_description)
[5.678s] Level 1:colcon.colcon_core.environment:checking '/home/labster/Desktop/ogmen_ws/src/install/ogmen_description' for CMake module files
[5.679s] Level 1:colcon.colcon_core.environment:checking '/home/labster/Desktop/ogmen_ws/src/install/ogmen_description' for CMake config files
[5.679s] Level 1:colcon.colcon_core.shell:create_environment_hook('ogmen_description', 'cmake_prefix_path')
[5.680s] INFO:colcon.colcon_core.shell:Creating environment hook '/home/labster/Desktop/ogmen_ws/src/install/ogmen_description/share/ogmen_description/hook/cmake_prefix_path.ps1'
[5.680s] INFO:colcon.colcon_core.shell:Creating environment descriptor '/home/labster/Desktop/ogmen_ws/src/install/ogmen_description/share/ogmen_description/hook/cmake_prefix_path.dsv'
[5.691s] INFO:colcon.colcon_core.shell:Creating environment hook '/home/labster/Desktop/ogmen_ws/src/install/ogmen_description/share/ogmen_description/hook/cmake_prefix_path.sh'
[5.704s] Level 1:colcon.colcon_core.environment:checking '/home/labster/Desktop/ogmen_ws/src/install/ogmen_description/bin'
[5.704s] Level 1:colcon.colcon_core.environment:checking '/home/labster/Desktop/ogmen_ws/src/install/ogmen_description/lib/pkgconfig/ogmen_description.pc'
[5.704s] Level 1:colcon.colcon_core.environment:checking '/home/labster/Desktop/ogmen_ws/src/install/ogmen_description/lib/python3.10/site-packages'
[5.705s] Level 1:colcon.colcon_core.environment:checking '/home/labster/Desktop/ogmen_ws/src/install/ogmen_description/bin'
[5.705s] INFO:colcon.colcon_core.shell:Creating package script '/home/labster/Desktop/ogmen_ws/src/install/ogmen_description/share/ogmen_description/package.ps1'
[5.715s] INFO:colcon.colcon_core.shell:Creating package descriptor '/home/labster/Desktop/ogmen_ws/src/install/ogmen_description/share/ogmen_description/package.dsv'
[5.727s] INFO:colcon.colcon_core.shell:Creating package script '/home/labster/Desktop/ogmen_ws/src/install/ogmen_description/share/ogmen_description/package.sh'
[5.739s] INFO:colcon.colcon_core.shell:Creating package script '/home/labster/Desktop/ogmen_ws/src/install/ogmen_description/share/ogmen_description/package.bash'
[5.776s] INFO:colcon.colcon_core.shell:Creating package script '/home/labster/Desktop/ogmen_ws/src/install/ogmen_description/share/ogmen_description/package.zsh'
[6.123s] Level 1:colcon.colcon_core.environment:create_file_with_runtime_dependencies(/home/labster/Desktop/ogmen_ws/src/install/ogmen_description/share/colcon-core/packages/ogmen_description)
[6.330s] DEBUG:colcon.colcon_core.event_handler.log_command:Invoked command in '/home/labster/Desktop/ogmen_ws/src/build/sllidar_ros2' returned '0': CMAKE_PREFIX_PATH=${CMAKE_PREFIX_PATH}:/opt/ros/humble /usr/bin/cmake --build /home/labster/Desktop/ogmen_ws/src/build/sllidar_ros2 -- -j12 -l12
[6.424s] DEBUG:colcon.colcon_core.event_handler.log_command:Invoking command in '/home/labster/Desktop/ogmen_ws/src/build/sllidar_ros2': CMAKE_PREFIX_PATH=${CMAKE_PREFIX_PATH}:/opt/ros/humble /usr/bin/cmake --install /home/labster/Desktop/ogmen_ws/src/build/sllidar_ros2
[6.485s] Level 1:colcon.colcon_core.environment:create_environment_scripts_only(sllidar_ros2)
[6.486s] Level 1:colcon.colcon_core.environment:checking '/home/labster/Desktop/ogmen_ws/src/install/sllidar_ros2' for CMake module files
[6.486s] DEBUG:colcon.colcon_core.event_handler.log_command:Invoked command in '/home/labster/Desktop/ogmen_ws/src/build/sllidar_ros2' returned '0': CMAKE_PREFIX_PATH=${CMAKE_PREFIX_PATH}:/opt/ros/humble /usr/bin/cmake --install /home/labster/Desktop/ogmen_ws/src/build/sllidar_ros2
[6.488s] Level 1:colcon.colcon_core.environment:checking '/home/labster/Desktop/ogmen_ws/src/install/sllidar_ros2' for CMake config files
[6.488s] Level 1:colcon.colcon_core.shell:create_environment_hook('sllidar_ros2', 'cmake_prefix_path')
[6.489s] INFO:colcon.colcon_core.shell:Creating environment hook '/home/labster/Desktop/ogmen_ws/src/install/sllidar_ros2/share/sllidar_ros2/hook/cmake_prefix_path.ps1'
[6.490s] INFO:colcon.colcon_core.shell:Creating environment descriptor '/home/labster/Desktop/ogmen_ws/src/install/sllidar_ros2/share/sllidar_ros2/hook/cmake_prefix_path.dsv'
[6.490s] INFO:colcon.colcon_core.shell:Creating environment hook '/home/labster/Desktop/ogmen_ws/src/install/sllidar_ros2/share/sllidar_ros2/hook/cmake_prefix_path.sh'
[6.491s] Level 1:colcon.colcon_core.environment:checking '/home/labster/Desktop/ogmen_ws/src/install/sllidar_ros2/lib'
[6.492s] Level 1:colcon.colcon_core.environment:checking '/home/labster/Desktop/ogmen_ws/src/install/sllidar_ros2/bin'
[6.492s] Level 1:colcon.colcon_core.environment:checking '/home/labster/Desktop/ogmen_ws/src/install/sllidar_ros2/lib/pkgconfig/sllidar_ros2.pc'
[6.492s] Level 1:colcon.colcon_core.environment:checking '/home/labster/Desktop/ogmen_ws/src/install/sllidar_ros2/lib/python3.10/site-packages'
[6.492s] Level 1:colcon.colcon_core.environment:checking '/home/labster/Desktop/ogmen_ws/src/install/sllidar_ros2/bin'
[6.492s] INFO:colcon.colcon_core.shell:Creating package script '/home/labster/Desktop/ogmen_ws/src/install/sllidar_ros2/share/sllidar_ros2/package.ps1'
[6.492s] INFO:colcon.colcon_core.shell:Creating package descriptor '/home/labster/Desktop/ogmen_ws/src/install/sllidar_ros2/share/sllidar_ros2/package.dsv'
[6.493s] INFO:colcon.colcon_core.shell:Creating package script '/home/labster/Desktop/ogmen_ws/src/install/sllidar_ros2/share/sllidar_ros2/package.sh'
[6.493s] INFO:colcon.colcon_core.shell:Creating package script '/home/labster/Desktop/ogmen_ws/src/install/sllidar_ros2/share/sllidar_ros2/package.bash'
[6.493s] INFO:colcon.colcon_core.shell:Creating package script '/home/labster/Desktop/ogmen_ws/src/install/sllidar_ros2/share/sllidar_ros2/package.zsh'
[6.493s] Level 1:colcon.colcon_core.environment:create_file_with_runtime_dependencies(/home/labster/Desktop/ogmen_ws/src/install/sllidar_ros2/share/colcon-core/packages/sllidar_ros2)
[6.673s] Level 1:colcon.colcon_core.environment:create_environment_scripts_only(sllidar_ros2)
[6.674s] Level 1:colcon.colcon_core.environment:checking '/home/labster/Desktop/ogmen_ws/src/install/sllidar_ros2' for CMake module files
[6.675s] Level 1:colcon.colcon_core.environment:checking '/home/labster/Desktop/ogmen_ws/src/install/sllidar_ros2' for CMake config files
[6.676s] Level 1:colcon.colcon_core.shell:create_environment_hook('sllidar_ros2', 'cmake_prefix_path')
[6.676s] INFO:colcon.colcon_core.shell:Creating environment hook '/home/labster/Desktop/ogmen_ws/src/install/sllidar_ros2/share/sllidar_ros2/hook/cmake_prefix_path.ps1'
[6.677s] INFO:colcon.colcon_core.shell:Creating environment descriptor '/home/labster/Desktop/ogmen_ws/src/install/sllidar_ros2/share/sllidar_ros2/hook/cmake_prefix_path.dsv'
[6.678s] INFO:colcon.colcon_core.shell:Creating environment hook '/home/labster/Desktop/ogmen_ws/src/install/sllidar_ros2/share/sllidar_ros2/hook/cmake_prefix_path.sh'
[6.679s] Level 1:colcon.colcon_core.environment:checking '/home/labster/Desktop/ogmen_ws/src/install/sllidar_ros2/lib'
[6.679s] Level 1:colcon.colcon_core.environment:checking '/home/labster/Desktop/ogmen_ws/src/install/sllidar_ros2/bin'
[6.679s] Level 1:colcon.colcon_core.environment:checking '/home/labster/Desktop/ogmen_ws/src/install/sllidar_ros2/lib/pkgconfig/sllidar_ros2.pc'
[6.679s] Level 1:colcon.colcon_core.environment:checking '/home/labster/Desktop/ogmen_ws/src/install/sllidar_ros2/lib/python3.10/site-packages'
[6.680s] Level 1:colcon.colcon_core.environment:checking '/home/labster/Desktop/ogmen_ws/src/install/sllidar_ros2/bin'
[6.680s] INFO:colcon.colcon_core.shell:Creating package script '/home/labster/Desktop/ogmen_ws/src/install/sllidar_ros2/share/sllidar_ros2/package.ps1'
[6.681s] INFO:colcon.colcon_core.shell:Creating package descriptor '/home/labster/Desktop/ogmen_ws/src/install/sllidar_ros2/share/sllidar_ros2/package.dsv'
[6.682s] INFO:colcon.colcon_core.shell:Creating package script '/home/labster/Desktop/ogmen_ws/src/install/sllidar_ros2/share/sllidar_ros2/package.sh'
[6.683s] INFO:colcon.colcon_core.shell:Creating package script '/home/labster/Desktop/ogmen_ws/src/install/sllidar_ros2/share/sllidar_ros2/package.bash'
[6.684s] INFO:colcon.colcon_core.shell:Creating package script '/home/labster/Desktop/ogmen_ws/src/install/sllidar_ros2/share/sllidar_ros2/package.zsh'
[6.684s] Level 1:colcon.colcon_core.environment:create_file_with_runtime_dependencies(/home/labster/Desktop/ogmen_ws/src/install/sllidar_ros2/share/colcon-core/packages/sllidar_ros2)
[6.685s] DEBUG:colcon.colcon_parallel_executor.executor.parallel:closing loop
[6.685s] DEBUG:colcon.colcon_parallel_executor.executor.parallel:loop closed
[6.686s] DEBUG:colcon.colcon_parallel_executor.executor.parallel:run_until_complete finished with '0'
[6.686s] DEBUG:colcon.colcon_core.event_reactor:joining thread
[7.121s] INFO:colcon.colcon_core.plugin_system:Skipping extension 'colcon_notification.desktop_notification.terminal_notifier': Not used on non-Darwin systems
[7.121s] INFO:colcon.colcon_core.plugin_system:Skipping extension 'colcon_notification.desktop_notification.win32': Not used on non-Windows systems
[7.122s] INFO:colcon.colcon_notification.desktop_notification:Sending desktop notification using 'notify2'
[7.147s] DEBUG:colcon.colcon_core.event_reactor:joined thread
[7.148s] INFO:colcon.colcon_core.shell:Creating prefix script '/home/labster/Desktop/ogmen_ws/src/install/local_setup.ps1'
[7.230s] INFO:colcon.colcon_core.shell:Creating prefix util module '/home/labster/Desktop/ogmen_ws/src/install/_local_setup_util_ps1.py'
[7.233s] INFO:colcon.colcon_core.shell:Creating prefix chain script '/home/labster/Desktop/ogmen_ws/src/install/setup.ps1'
[7.236s] INFO:colcon.colcon_core.shell:Creating prefix script '/home/labster/Desktop/ogmen_ws/src/install/local_setup.sh'
[7.237s] INFO:colcon.colcon_core.shell:Creating prefix util module '/home/labster/Desktop/ogmen_ws/src/install/_local_setup_util_sh.py'
[7.237s] INFO:colcon.colcon_core.shell:Creating prefix chain script '/home/labster/Desktop/ogmen_ws/src/install/setup.sh'
[7.240s] INFO:colcon.colcon_core.shell:Creating prefix script '/home/labster/Desktop/ogmen_ws/src/install/local_setup.bash'
[7.241s] INFO:colcon.colcon_core.shell:Creating prefix chain script '/home/labster/Desktop/ogmen_ws/src/install/setup.bash'
[7.243s] INFO:colcon.colcon_core.shell:Creating prefix script '/home/labster/Desktop/ogmen_ws/src/install/local_setup.zsh'
[7.244s] INFO:colcon.colcon_core.shell:Creating prefix chain script '/home/labster/Desktop/ogmen_ws/src/install/setup.zsh'
