[24.431s] DEBUG:colcon:Command line arguments: ['/usr/bin/colcon', 'build']
[24.431s] DEBUG:colcon:Parsed command line arguments: Namespace(log_base=None, log_level=None, verb_name='build', build_base='build', install_base='install', merge_install=False, symlink_install=False, test_result_base=None, continue_on_error=False, executor='parallel', parallel_workers=12, event_handlers=None, ignore_user_meta=False, metas=['./colcon.meta'], base_paths=['.'], packages_ignore=None, packages_ignore_regex=None, paths=None, packages_up_to=None, packages_up_to_regex=None, packages_above=None, packages_above_and_dependencies=None, packages_above_depth=None, packages_select_by_dep=None, packages_skip_by_dep=None, packages_skip_up_to=None, packages_select_build_failed=False, packages_skip_build_finished=False, packages_select_test_failures=False, packages_skip_test_passed=False, packages_select=None, packages_skip=None, packages_select_regex=None, packages_skip_regex=None, packages_start=None, packages_end=None, allow_overriding=[], cmake_args=None, cmake_target=None, cmake_target_skip_unavailable=False, cmake_clean_cache=False, cmake_clean_first=False, cmake_force_configure=False, ament_cmake_args=None, catkin_cmake_args=None, catkin_skip_building_tests=False, verb_parser=<colcon_defaults.argument_parser.defaults.DefaultArgumentsDecorator object at 0x7b35add248b0>, verb_extension=<colcon_core.verb.build.BuildVerb object at 0x7b35add240d0>, main=<bound method BuildVerb.main of <colcon_core.verb.build.BuildVerb object at 0x7b35add240d0>>)
[25.634s] Level 1:colcon.colcon_core.package_discovery:discover_packages(colcon_meta) check parameters
[25.634s] Level 1:colcon.colcon_core.package_discovery:discover_packages(recursive) check parameters
[25.634s] Level 1:colcon.colcon_core.package_discovery:discover_packages(ignore) check parameters
[25.634s] Level 1:colcon.colcon_core.package_discovery:discover_packages(path) check parameters
[25.634s] Level 1:colcon.colcon_core.package_discovery:discover_packages(colcon_meta) discover
[25.634s] Level 1:colcon.colcon_core.package_discovery:discover_packages(recursive) discover
[25.634s] INFO:colcon.colcon_core.package_discovery:Crawling recursively for packages in '/home/labster/Desktop/ogmen_ws'
[25.634s] Level 1:colcon.colcon_core.package_identification:_identify(.) by extensions ['ignore', 'ignore_ament_install']
[25.634s] Level 1:colcon.colcon_core.package_identification:_identify(.) by extension 'ignore'
[25.634s] Level 1:colcon.colcon_core.package_identification:_identify(.) by extension 'ignore_ament_install'
[25.634s] Level 1:colcon.colcon_core.package_identification:_identify(.) by extensions ['colcon_pkg']
[25.634s] Level 1:colcon.colcon_core.package_identification:_identify(.) by extension 'colcon_pkg'
[25.634s] Level 1:colcon.colcon_core.package_identification:_identify(.) by extensions ['colcon_meta']
[25.634s] Level 1:colcon.colcon_core.package_identification:_identify(.) by extension 'colcon_meta'
[25.634s] Level 1:colcon.colcon_core.package_identification:_identify(.) by extensions ['ros']
[25.634s] Level 1:colcon.colcon_core.package_identification:_identify(.) by extension 'ros'
[25.677s] Level 1:colcon.colcon_core.package_identification:_identify(.) by extensions ['cmake', 'python']
[25.677s] Level 1:colcon.colcon_core.package_identification:_identify(.) by extension 'cmake'
[25.677s] Level 1:colcon.colcon_core.package_identification:_identify(.) by extension 'python'
[25.677s] Level 1:colcon.colcon_core.package_identification:_identify(.) by extensions ['python_setup_py']
[25.677s] Level 1:colcon.colcon_core.package_identification:_identify(.) by extension 'python_setup_py'
[25.678s] Level 1:colcon.colcon_core.package_identification:_identify(build) by extensions ['ignore', 'ignore_ament_install']
[25.678s] Level 1:colcon.colcon_core.package_identification:_identify(build) by extension 'ignore'
[25.678s] Level 1:colcon.colcon_core.package_identification:_identify(build) ignored
[25.678s] Level 1:colcon.colcon_core.package_identification:_identify(install) by extensions ['ignore', 'ignore_ament_install']
[25.678s] Level 1:colcon.colcon_core.package_identification:_identify(install) by extension 'ignore'
[25.678s] Level 1:colcon.colcon_core.package_identification:_identify(install) ignored
[25.678s] Level 1:colcon.colcon_core.package_identification:_identify(log) by extensions ['ignore', 'ignore_ament_install']
[25.678s] Level 1:colcon.colcon_core.package_identification:_identify(log) by extension 'ignore'
[25.678s] Level 1:colcon.colcon_core.package_identification:_identify(log) ignored
[25.678s] Level 1:colcon.colcon_core.package_identification:_identify(src) by extensions ['ignore', 'ignore_ament_install']
[25.678s] Level 1:colcon.colcon_core.package_identification:_identify(src) by extension 'ignore'
[25.678s] Level 1:colcon.colcon_core.package_identification:_identify(src) by extension 'ignore_ament_install'
[25.678s] Level 1:colcon.colcon_core.package_identification:_identify(src) by extensions ['colcon_pkg']
[25.678s] Level 1:colcon.colcon_core.package_identification:_identify(src) by extension 'colcon_pkg'
[25.678s] Level 1:colcon.colcon_core.package_identification:_identify(src) by extensions ['colcon_meta']
[25.678s] Level 1:colcon.colcon_core.package_identification:_identify(src) by extension 'colcon_meta'
[25.678s] Level 1:colcon.colcon_core.package_identification:_identify(src) by extensions ['ros']
[25.678s] Level 1:colcon.colcon_core.package_identification:_identify(src) by extension 'ros'
[25.679s] Level 1:colcon.colcon_core.package_identification:_identify(src) by extensions ['cmake', 'python']
[25.679s] Level 1:colcon.colcon_core.package_identification:_identify(src) by extension 'cmake'
[25.679s] Level 1:colcon.colcon_core.package_identification:_identify(src) by extension 'python'
[25.679s] Level 1:colcon.colcon_core.package_identification:_identify(src) by extensions ['python_setup_py']
[25.679s] Level 1:colcon.colcon_core.package_identification:_identify(src) by extension 'python_setup_py'
[25.680s] Level 1:colcon.colcon_core.package_identification:_identify(src/ogmen_description) by extensions ['ignore', 'ignore_ament_install']
[25.680s] Level 1:colcon.colcon_core.package_identification:_identify(src/ogmen_description) by extension 'ignore'
[25.680s] Level 1:colcon.colcon_core.package_identification:_identify(src/ogmen_description) by extension 'ignore_ament_install'
[25.681s] Level 1:colcon.colcon_core.package_identification:_identify(src/ogmen_description) by extensions ['colcon_pkg']
[25.681s] Level 1:colcon.colcon_core.package_identification:_identify(src/ogmen_description) by extension 'colcon_pkg'
[25.681s] Level 1:colcon.colcon_core.package_identification:_identify(src/ogmen_description) by extensions ['colcon_meta']
[25.681s] Level 1:colcon.colcon_core.package_identification:_identify(src/ogmen_description) by extension 'colcon_meta'
[25.681s] Level 1:colcon.colcon_core.package_identification:_identify(src/ogmen_description) by extensions ['ros']
[25.681s] Level 1:colcon.colcon_core.package_identification:_identify(src/ogmen_description) by extension 'ros'
[25.689s] DEBUG:colcon.colcon_core.package_identification:Package 'src/ogmen_description' with type 'ros.ament_python' and name 'ogmen_description'
[25.689s] Level 1:colcon.colcon_core.package_discovery:discover_packages(recursive) using defaults
[25.689s] Level 1:colcon.colcon_core.package_discovery:discover_packages(ignore) discover
[25.689s] Level 1:colcon.colcon_core.package_discovery:discover_packages(ignore) using defaults
[25.689s] Level 1:colcon.colcon_core.package_discovery:discover_packages(path) discover
[25.689s] Level 1:colcon.colcon_core.package_discovery:discover_packages(path) using defaults
[25.782s] Level 1:colcon.colcon_core.package_discovery:discover_packages(prefix_path) check parameters
[25.782s] Level 1:colcon.colcon_core.package_discovery:discover_packages(prefix_path) discover
[25.794s] DEBUG:colcon.colcon_installed_package_information.package_discovery:Found 3 installed packages in /home/labster/microros_ws/src/install
[25.796s] DEBUG:colcon.colcon_installed_package_information.package_discovery:Found 280 installed packages in /opt/ros/humble
[25.812s] Level 1:colcon.colcon_core.package_discovery:discover_packages(prefix_path) using defaults
[25.861s] Level 5:colcon.colcon_core.verb:set package 'ogmen_description' build argument 'cmake_args' from command line to 'None'
[25.861s] Level 5:colcon.colcon_core.verb:set package 'ogmen_description' build argument 'cmake_target' from command line to 'None'
[25.861s] Level 5:colcon.colcon_core.verb:set package 'ogmen_description' build argument 'cmake_target_skip_unavailable' from command line to 'False'
[25.861s] Level 5:colcon.colcon_core.verb:set package 'ogmen_description' build argument 'cmake_clean_cache' from command line to 'False'
[25.861s] Level 5:colcon.colcon_core.verb:set package 'ogmen_description' build argument 'cmake_clean_first' from command line to 'False'
[25.861s] Level 5:colcon.colcon_core.verb:set package 'ogmen_description' build argument 'cmake_force_configure' from command line to 'False'
[25.861s] Level 5:colcon.colcon_core.verb:set package 'ogmen_description' build argument 'ament_cmake_args' from command line to 'None'
[25.862s] Level 5:colcon.colcon_core.verb:set package 'ogmen_description' build argument 'catkin_cmake_args' from command line to 'None'
[25.862s] Level 5:colcon.colcon_core.verb:set package 'ogmen_description' build argument 'catkin_skip_building_tests' from command line to 'False'
[25.862s] DEBUG:colcon.colcon_core.verb:Building package 'ogmen_description' with the following arguments: {'ament_cmake_args': None, 'build_base': '/home/labster/Desktop/ogmen_ws/build/ogmen_description', 'catkin_cmake_args': None, 'catkin_skip_building_tests': False, 'cmake_args': None, 'cmake_clean_cache': False, 'cmake_clean_first': False, 'cmake_force_configure': False, 'cmake_target': None, 'cmake_target_skip_unavailable': False, 'install_base': '/home/labster/Desktop/ogmen_ws/install/ogmen_description', 'merge_install': False, 'path': '/home/labster/Desktop/ogmen_ws/src/ogmen_description', 'symlink_install': False, 'test_result_base': None}
[25.862s] INFO:colcon.colcon_core.executor:Executing jobs using 'parallel' executor
[25.863s] DEBUG:colcon.colcon_parallel_executor.executor.parallel:run_until_complete
[25.863s] INFO:colcon.colcon_ros.task.ament_python.build:Building ROS package in '/home/labster/Desktop/ogmen_ws/src/ogmen_description' with build type 'ament_python'
[25.863s] Level 1:colcon.colcon_core.shell:create_environment_hook('ogmen_description', 'ament_prefix_path')
[25.882s] INFO:colcon.colcon_core.plugin_system:Skipping extension 'colcon_core.shell.bat': Not used on non-Windows systems
[25.882s] INFO:colcon.colcon_core.shell:Creating environment hook '/home/labster/Desktop/ogmen_ws/install/ogmen_description/share/ogmen_description/hook/ament_prefix_path.ps1'
[25.889s] INFO:colcon.colcon_core.shell:Creating environment descriptor '/home/labster/Desktop/ogmen_ws/install/ogmen_description/share/ogmen_description/hook/ament_prefix_path.dsv'
[25.893s] INFO:colcon.colcon_core.shell:Creating environment hook '/home/labster/Desktop/ogmen_ws/install/ogmen_description/share/ogmen_description/hook/ament_prefix_path.sh'
[25.899s] INFO:colcon.colcon_core.shell:Skip shell extension 'powershell' for command environment: Not usable outside of PowerShell
[25.899s] DEBUG:colcon.colcon_core.shell:Skip shell extension 'dsv' for command environment
[26.143s] INFO:colcon.colcon_core.task.python.build:Building Python package in '/home/labster/Desktop/ogmen_ws/src/ogmen_description'
[26.144s] INFO:colcon.colcon_core.shell:Skip shell extension 'powershell' for command environment: Not usable outside of PowerShell
[26.144s] DEBUG:colcon.colcon_core.shell:Skip shell extension 'dsv' for command environment
[27.278s] DEBUG:colcon.colcon_core.event_handler.log_command:Invoking command in '/home/labster/Desktop/ogmen_ws/src/ogmen_description': PYTHONPATH=/home/labster/Desktop/ogmen_ws/build/ogmen_description/prefix_override:/home/labster/Desktop/ogmen_ws/install/ogmen_description/lib/python3.10/site-packages:${PYTHONPATH} /usr/bin/python3 -W ignore:setup.py install is deprecated setup.py egg_info --egg-base ../../build/ogmen_description build --build-base /home/labster/Desktop/ogmen_ws/build/ogmen_description/build install --record /home/labster/Desktop/ogmen_ws/build/ogmen_description/install.log --install-scripts $base/lib/ogmen_description --single-version-externally-managed install_data
[27.587s] DEBUG:colcon.colcon_core.event_handler.log_command:Invoked command in '/home/labster/Desktop/ogmen_ws/src/ogmen_description' returned '0': PYTHONPATH=/home/labster/Desktop/ogmen_ws/build/ogmen_description/prefix_override:/home/labster/Desktop/ogmen_ws/install/ogmen_description/lib/python3.10/site-packages:${PYTHONPATH} /usr/bin/python3 -W ignore:setup.py install is deprecated setup.py egg_info --egg-base ../../build/ogmen_description build --build-base /home/labster/Desktop/ogmen_ws/build/ogmen_description/build install --record /home/labster/Desktop/ogmen_ws/build/ogmen_description/install.log --install-scripts $base/lib/ogmen_description --single-version-externally-managed install_data
[27.616s] Level 1:colcon.colcon_core.environment:checking '/home/labster/Desktop/ogmen_ws/install/ogmen_description' for CMake module files
[27.625s] Level 1:colcon.colcon_core.environment:checking '/home/labster/Desktop/ogmen_ws/install/ogmen_description' for CMake config files
[27.634s] Level 1:colcon.colcon_core.shell:create_environment_hook('ogmen_description', 'cmake_prefix_path')
[27.634s] INFO:colcon.colcon_core.shell:Creating environment hook '/home/labster/Desktop/ogmen_ws/install/ogmen_description/share/ogmen_description/hook/cmake_prefix_path.ps1'
[27.635s] INFO:colcon.colcon_core.shell:Creating environment descriptor '/home/labster/Desktop/ogmen_ws/install/ogmen_description/share/ogmen_description/hook/cmake_prefix_path.dsv'
[27.636s] INFO:colcon.colcon_core.shell:Creating environment hook '/home/labster/Desktop/ogmen_ws/install/ogmen_description/share/ogmen_description/hook/cmake_prefix_path.sh'
[27.637s] Level 1:colcon.colcon_core.environment:checking '/home/labster/Desktop/ogmen_ws/install/ogmen_description/lib'
[27.638s] Level 1:colcon.colcon_core.environment:checking '/home/labster/Desktop/ogmen_ws/install/ogmen_description/bin'
[27.638s] Level 1:colcon.colcon_core.environment:checking '/home/labster/Desktop/ogmen_ws/install/ogmen_description/lib/pkgconfig/ogmen_description.pc'
[27.638s] Level 1:colcon.colcon_core.environment:checking '/home/labster/Desktop/ogmen_ws/install/ogmen_description/lib/python3.10/site-packages'
[27.639s] Level 1:colcon.colcon_core.shell:create_environment_hook('ogmen_description', 'pythonpath')
[27.639s] INFO:colcon.colcon_core.shell:Creating environment hook '/home/labster/Desktop/ogmen_ws/install/ogmen_description/share/ogmen_description/hook/pythonpath.ps1'
[27.640s] INFO:colcon.colcon_core.shell:Creating environment descriptor '/home/labster/Desktop/ogmen_ws/install/ogmen_description/share/ogmen_description/hook/pythonpath.dsv'
[27.641s] INFO:colcon.colcon_core.shell:Creating environment hook '/home/labster/Desktop/ogmen_ws/install/ogmen_description/share/ogmen_description/hook/pythonpath.sh'
[27.642s] Level 1:colcon.colcon_core.environment:checking '/home/labster/Desktop/ogmen_ws/install/ogmen_description/bin'
[27.642s] Level 1:colcon.colcon_core.environment:create_environment_scripts_only(ogmen_description)
[27.643s] INFO:colcon.colcon_core.shell:Creating package script '/home/labster/Desktop/ogmen_ws/install/ogmen_description/share/ogmen_description/package.ps1'
[27.646s] INFO:colcon.colcon_core.shell:Creating package descriptor '/home/labster/Desktop/ogmen_ws/install/ogmen_description/share/ogmen_description/package.dsv'
[27.649s] INFO:colcon.colcon_core.shell:Creating package script '/home/labster/Desktop/ogmen_ws/install/ogmen_description/share/ogmen_description/package.sh'
[27.652s] INFO:colcon.colcon_core.shell:Creating package script '/home/labster/Desktop/ogmen_ws/install/ogmen_description/share/ogmen_description/package.bash'
[27.656s] INFO:colcon.colcon_core.shell:Creating package script '/home/labster/Desktop/ogmen_ws/install/ogmen_description/share/ogmen_description/package.zsh'
[27.661s] Level 1:colcon.colcon_core.environment:create_file_with_runtime_dependencies(/home/labster/Desktop/ogmen_ws/install/ogmen_description/share/colcon-core/packages/ogmen_description)
[27.664s] DEBUG:colcon.colcon_parallel_executor.executor.parallel:closing loop
[27.664s] DEBUG:colcon.colcon_parallel_executor.executor.parallel:loop closed
[27.665s] DEBUG:colcon.colcon_parallel_executor.executor.parallel:run_until_complete finished with '0'
[27.665s] DEBUG:colcon.colcon_core.event_reactor:joining thread
[27.690s] INFO:colcon.colcon_core.plugin_system:Skipping extension 'colcon_notification.desktop_notification.terminal_notifier': Not used on non-Darwin systems
[27.690s] INFO:colcon.colcon_core.plugin_system:Skipping extension 'colcon_notification.desktop_notification.win32': Not used on non-Windows systems
[27.690s] INFO:colcon.colcon_notification.desktop_notification:Sending desktop notification using 'notify2'
[27.728s] DEBUG:colcon.colcon_core.event_reactor:joined thread
[27.728s] INFO:colcon.colcon_core.shell:Creating prefix script '/home/labster/Desktop/ogmen_ws/install/local_setup.ps1'
[27.732s] INFO:colcon.colcon_core.shell:Creating prefix util module '/home/labster/Desktop/ogmen_ws/install/_local_setup_util_ps1.py'
[27.736s] INFO:colcon.colcon_core.shell:Creating prefix chain script '/home/labster/Desktop/ogmen_ws/install/setup.ps1'
[27.740s] INFO:colcon.colcon_core.shell:Creating prefix script '/home/labster/Desktop/ogmen_ws/install/local_setup.sh'
[27.743s] INFO:colcon.colcon_core.shell:Creating prefix util module '/home/labster/Desktop/ogmen_ws/install/_local_setup_util_sh.py'
[27.745s] INFO:colcon.colcon_core.shell:Creating prefix chain script '/home/labster/Desktop/ogmen_ws/install/setup.sh'
[27.748s] INFO:colcon.colcon_core.shell:Creating prefix script '/home/labster/Desktop/ogmen_ws/install/local_setup.bash'
[27.751s] INFO:colcon.colcon_core.shell:Creating prefix chain script '/home/labster/Desktop/ogmen_ws/install/setup.bash'
[27.754s] INFO:colcon.colcon_core.shell:Creating prefix script '/home/labster/Desktop/ogmen_ws/install/local_setup.zsh'
[27.756s] INFO:colcon.colcon_core.shell:Creating prefix chain script '/home/labster/Desktop/ogmen_ws/install/setup.zsh'
