[0.739s] Invoking command in '/home/labster/Desktop/ogmen_ws/src/ogmen_description': PYTHONPATH=/home/labster/Desktop/ogmen_ws/build/ogmen_description/prefix_override:/home/labster/Desktop/ogmen_ws/install/ogmen_description/lib/python3.10/site-packages:${PYTHONPATH} /usr/bin/python3 -W ignore:setup.py install is deprecated setup.py egg_info --egg-base ../../build/ogmen_description build --build-base /home/labster/Desktop/ogmen_ws/build/ogmen_description/build install --record /home/labster/Desktop/ogmen_ws/build/ogmen_description/install.log --install-scripts $base/lib/ogmen_description --single-version-externally-managed install_data
[0.935s] /usr/lib/python3/dist-packages/setuptools/dist.py:723: UserWarning: Usage of dash-separated 'script-dir' will not be supported in future versions. Please use the underscore name 'script_dir' instead
[0.935s]   warnings.warn(
[0.941s] running egg_info
[0.942s] writing ../../build/ogmen_description/ogmen_description.egg-info/PKG-INFO
[0.942s] writing dependency_links to ../../build/ogmen_description/ogmen_description.egg-info/dependency_links.txt
[0.942s] writing entry points to ../../build/ogmen_description/ogmen_description.egg-info/entry_points.txt
[0.943s] writing requirements to ../../build/ogmen_description/ogmen_description.egg-info/requires.txt
[0.943s] writing top-level names to ../../build/ogmen_description/ogmen_description.egg-info/top_level.txt
[0.944s] reading manifest file '../../build/ogmen_description/ogmen_description.egg-info/SOURCES.txt'
[0.947s] writing manifest file '../../build/ogmen_description/ogmen_description.egg-info/SOURCES.txt'
[0.947s] running build
[0.947s] running build_py
[0.947s] running install
[0.948s] running install_lib
[0.948s] running install_data
[0.948s] copying launch/cgazebo.launch.py -> /home/labster/Desktop/ogmen_ws/install/ogmen_description/share/ogmen_description/launch
[0.949s] running install_egg_info
[0.950s] removing '/home/labster/Desktop/ogmen_ws/install/ogmen_description/lib/python3.10/site-packages/ogmen_description-0.0.0-py3.10.egg-info' (and everything under it)
[0.951s] Copying ../../build/ogmen_description/ogmen_description.egg-info to /home/labster/Desktop/ogmen_ws/install/ogmen_description/lib/python3.10/site-packages/ogmen_description-0.0.0-py3.10.egg-info
[0.953s] running install_scripts
[0.971s] writing list of installed files to '/home/labster/Desktop/ogmen_ws/build/ogmen_description/install.log'
[0.998s] Invoked command in '/home/labster/Desktop/ogmen_ws/src/ogmen_description' returned '0': PYTHONPATH=/home/labster/Desktop/ogmen_ws/build/ogmen_description/prefix_override:/home/labster/Desktop/ogmen_ws/install/ogmen_description/lib/python3.10/site-packages:${PYTHONPATH} /usr/bin/python3 -W ignore:setup.py install is deprecated setup.py egg_info --egg-base ../../build/ogmen_description build --build-base /home/labster/Desktop/ogmen_ws/build/ogmen_description/build install --record /home/labster/Desktop/ogmen_ws/build/ogmen_description/install.log --install-scripts $base/lib/ogmen_description --single-version-externally-managed install_data
