[0.067s] Invoking command in '/home/labster/Desktop/ogmen_ws/build/ogmen_description': CMAKE_PREFIX_PATH=${CMAKE_PREFIX_PATH}:/opt/ros/humble /usr/bin/cmake /home/labster/Desktop/ogmen_ws/src/ogmen_description -DCMAKE_INSTALL_PREFIX=/home/labster/Desktop/ogmen_ws/install/ogmen_description
[0.506s] -- Found ament_cmake: 1.3.8 (/opt/ros/humble/share/ament_cmake/cmake)
[0.760s] -- Override CMake install command with custom implementation using symlinks instead of copying resources
[1.133s] -- Found urdf: 2.6.0 (/opt/ros/humble/share/urdf/cmake)
[2.263s] -- Found xacro: 2.0.8 (/opt/ros/humble/share/xacro/cmake)
[2.308s] [33mCMake Warning (dev) at /usr/share/cmake-3.22/Modules/FindPackageHandleStandardArgs.cmake:438 (message):
[2.308s]   The package name passed to `find_package_handle_standard_args` (PkgConfig)
[2.308s]   does not match the name of the calling package (gazebo).  This can lead to
[2.308s]   problems in calling code that expects `find_package` result variables
[2.309s]   (e.g., `_FOUND`) to follow a certain pattern.
[2.309s] Call Stack (most recent call first):
[2.309s]   /usr/share/cmake-3.22/Modules/FindPkgConfig.cmake:99 (find_package_handle_standard_args)
[2.309s]   /usr/lib/x86_64-linux-gnu/cmake/gazebo/gazebo-config.cmake:72 (include)
[2.309s]   CMakeLists.txt:12 (find_package)
[2.309s] This warning is for project developers.  Use -Wno-dev to suppress it.
[2.310s] [0m
[2.575s] -- Found DART: /usr/include (Required is at least version "6.6") found components: dart 
[2.880s] -- Found Protobuf: /usr/lib/x86_64-linux-gnu/libprotobuf.so (found version "3.12.4") 
[2.917s] -- Looking for ignition-math6 -- found version 6.15.1
[2.997s] -- Searching for dependencies of ignition-math6
[3.018s] -- Looking for OGRE...
[3.044s] -- Found Ogre Ghadamon (1.9.0)
[3.048s] -- Found OGRE: optimized;/usr/lib/x86_64-linux-gnu/libOgreMain.so;debug;/usr/lib/x86_64-linux-gnu/libOgreMain.so
[3.071s] -- Looking for OGRE_Paging...
[3.071s] -- Found OGRE_Paging: optimized;/usr/lib/x86_64-linux-gnu/libOgrePaging.so;debug;/usr/lib/x86_64-linux-gnu/libOgrePaging.so
[3.071s] -- Looking for OGRE_Terrain...
[3.072s] -- Found OGRE_Terrain: optimized;/usr/lib/x86_64-linux-gnu/libOgreTerrain.so;debug;/usr/lib/x86_64-linux-gnu/libOgreTerrain.so
[3.072s] -- Looking for OGRE_Property...
[3.072s] -- Found OGRE_Property: optimized;/usr/lib/x86_64-linux-gnu/libOgreProperty.so;debug;/usr/lib/x86_64-linux-gnu/libOgreProperty.so
[3.072s] -- Looking for OGRE_RTShaderSystem...
[3.073s] -- Found OGRE_RTShaderSystem: optimized;/usr/lib/x86_64-linux-gnu/libOgreRTShaderSystem.so;debug;/usr/lib/x86_64-linux-gnu/libOgreRTShaderSystem.so
[3.073s] -- Looking for OGRE_Volume...
[3.073s] -- Found OGRE_Volume: optimized;/usr/lib/x86_64-linux-gnu/libOgreVolume.so;debug;/usr/lib/x86_64-linux-gnu/libOgreVolume.so
[3.073s] -- Looking for OGRE_Overlay...
[3.073s] -- Found OGRE_Overlay: optimized;/usr/lib/x86_64-linux-gnu/libOgreOverlay.so;debug;/usr/lib/x86_64-linux-gnu/libOgreOverlay.so
[3.223s] -- Looking for ignition-math6 -- found version 6.15.1
[3.239s] -- Looking for ignition-transport8 -- found version 8.2.1
[3.239s] -- Searching for dependencies of ignition-transport8
[3.267s] -- Found Protobuf: /usr/lib/x86_64-linux-gnu/libprotobuf.so (found suitable version "3.12.4", minimum required is "3") 
[3.283s] -- Config-file not installed for ZeroMQ -- checking for pkg-config
[3.291s] -- Checking for module 'libzmq >= 4'
[3.354s] --   Found libzmq , version 4.3.4
[3.442s] -- Checking for module 'uuid'
[3.482s] --   Found uuid, version 2.37.2
[3.552s] -- Looking for ignition-msgs5 -- found version 5.8.1
[3.553s] -- Searching for dependencies of ignition-msgs5
[3.576s] -- Looking for ignition-math6 -- found version 6.15.1
[3.595s] -- Looking for ignition-msgs5 -- found version 5.8.1
[3.603s] -- Looking for ignition-common3 -- found version 3.14.0
[3.604s] -- Searching for dependencies of ignition-common3
[3.607s] -- Looking for dlfcn.h - found
[3.607s] -- Looking for libdl - found
[3.627s] -- Searching for <ignition-common3> component [graphics]
[3.632s] -- Looking for ignition-common3-graphics -- found version 3.14.0
[3.633s] -- Searching for dependencies of ignition-common3-graphics
[3.634s] -- Looking for ignition-math6 -- found version 6.15.1
[3.641s] -- Looking for ignition-fuel_tools4 -- found version 4.4.0
[3.641s] -- Searching for dependencies of ignition-fuel_tools4
[3.771s] -- Checking for module 'jsoncpp'
[3.805s] --   Found jsoncpp, version 1.9.5
[3.884s] -- Checking for module 'libzip'
[3.916s] --   Found libzip, version 1.7.3
[3.997s] -- Looking for ignition-common3 -- found version 3.14.0
[3.997s] -- Looking for ignition-math6 -- found version 6.15.1
[3.998s] -- Looking for ignition-msgs5 -- found version 5.8.1
[4.049s] -- Found gazebo_ros_pkgs: 3.7.0 (/opt/ros/humble/share/gazebo_ros_pkgs/cmake)
[4.056s] -- Found tf2: 0.25.6 (/opt/ros/humble/share/tf2/cmake)
[4.103s] -- Found rosidl_generator_c: 3.1.5 (/opt/ros/humble/share/rosidl_generator_c/cmake)
[4.110s] -- Found rosidl_adapter: 3.1.5 (/opt/ros/humble/share/rosidl_adapter/cmake)
[4.127s] -- Found rosidl_generator_cpp: 3.1.5 (/opt/ros/humble/share/rosidl_generator_cpp/cmake)
[4.143s] -- Using all available rosidl_typesupport_c: rosidl_typesupport_fastrtps_c;rosidl_typesupport_introspection_c
[4.156s] -- Using all available rosidl_typesupport_cpp: rosidl_typesupport_fastrtps_cpp;rosidl_typesupport_introspection_cpp
[4.400s] -- Configuring done
[4.456s] -- Generating done
[4.464s] -- Build files have been written to: /home/labster/Desktop/ogmen_ws/build/ogmen_description
[4.481s] Invoked command in '/home/labster/Desktop/ogmen_ws/build/ogmen_description' returned '0': CMAKE_PREFIX_PATH=${CMAKE_PREFIX_PATH}:/opt/ros/humble /usr/bin/cmake /home/labster/Desktop/ogmen_ws/src/ogmen_description -DCMAKE_INSTALL_PREFIX=/home/labster/Desktop/ogmen_ws/install/ogmen_description
[4.485s] Invoking command in '/home/labster/Desktop/ogmen_ws/build/ogmen_description': CMAKE_PREFIX_PATH=${CMAKE_PREFIX_PATH}:/opt/ros/humble /usr/bin/cmake --build /home/labster/Desktop/ogmen_ws/build/ogmen_description -- -j12 -l12
[4.566s] Invoked command in '/home/labster/Desktop/ogmen_ws/build/ogmen_description' returned '0': CMAKE_PREFIX_PATH=${CMAKE_PREFIX_PATH}:/opt/ros/humble /usr/bin/cmake --build /home/labster/Desktop/ogmen_ws/build/ogmen_description -- -j12 -l12
[4.611s] Invoking command in '/home/labster/Desktop/ogmen_ws/build/ogmen_description': CMAKE_PREFIX_PATH=${CMAKE_PREFIX_PATH}:/opt/ros/humble /usr/bin/cmake --install /home/labster/Desktop/ogmen_ws/build/ogmen_description
[4.619s] -- Install configuration: ""
[4.619s] -- Execute custom install script
[4.624s] -- Up-to-date symlink: /home/labster/Desktop/ogmen_ws/install/ogmen_description/share/ogmen_description/launch/display.launch.py
[4.625s] -- Up-to-date symlink: /home/labster/Desktop/ogmen_ws/install/ogmen_description/share/ogmen_description/launch/gazebo.launch.py
[4.626s] -- Up-to-date symlink: /home/labster/Desktop/ogmen_ws/install/ogmen_description/share/ogmen_description/launch/gz-sim.launch.py
[4.630s] -- Up-to-date symlink: /home/labster/Desktop/ogmen_ws/install/ogmen_description/share/ogmen_description/meshes/base_link.stl
[4.631s] -- Up-to-date symlink: /home/labster/Desktop/ogmen_ws/install/ogmen_description/share/ogmen_description/meshes/camera_1.stl
[4.632s] -- Up-to-date symlink: /home/labster/Desktop/ogmen_ws/install/ogmen_description/share/ogmen_description/meshes/left_wheel_1.stl
[4.633s] -- Up-to-date symlink: /home/labster/Desktop/ogmen_ws/install/ogmen_description/share/ogmen_description/meshes/lidar_1.stl
[4.633s] -- Up-to-date symlink: /home/labster/Desktop/ogmen_ws/install/ogmen_description/share/ogmen_description/meshes/right_wheel_1.stl
[4.637s] -- Up-to-date symlink: /home/labster/Desktop/ogmen_ws/install/ogmen_description/share/ogmen_description/urdf/materials.xacro
[4.638s] -- Up-to-date symlink: /home/labster/Desktop/ogmen_ws/install/ogmen_description/share/ogmen_description/urdf/ogmen.gazebo
[4.639s] -- Up-to-date symlink: /home/labster/Desktop/ogmen_ws/install/ogmen_description/share/ogmen_description/urdf/ogmen.trans
[4.640s] -- Up-to-date symlink: /home/labster/Desktop/ogmen_ws/install/ogmen_description/share/ogmen_description/urdf/ogmen.xacro
[4.643s] -- Up-to-date symlink: /home/labster/Desktop/ogmen_ws/install/ogmen_description/share/ogmen_description/config/rviz_default.rviz
[4.647s] -- Up-to-date symlink: /home/labster/Desktop/ogmen_ws/install/ogmen_description/share/ogmen_description/worlds/empty.world
[4.647s] -- Up-to-date symlink: /home/labster/Desktop/ogmen_ws/install/ogmen_description/share/ogmen_description/worlds/empty_world.sdf
[4.648s] -- Up-to-date symlink: /home/labster/Desktop/ogmen_ws/install/ogmen_description/share/ogmen_description/worlds/ogmen_world.world
[4.650s] -- Up-to-date symlink: /home/labster/Desktop/ogmen_ws/install/ogmen_description/share/ament_index/resource_index/package_run_dependencies/ogmen_description
[4.652s] -- Up-to-date symlink: /home/labster/Desktop/ogmen_ws/install/ogmen_description/share/ament_index/resource_index/parent_prefix_path/ogmen_description
[4.654s] -- Up-to-date symlink: /home/labster/Desktop/ogmen_ws/install/ogmen_description/share/ogmen_description/environment/ament_prefix_path.sh
[4.654s] -- Up-to-date symlink: /home/labster/Desktop/ogmen_ws/install/ogmen_description/share/ogmen_description/environment/ament_prefix_path.dsv
[4.655s] -- Up-to-date symlink: /home/labster/Desktop/ogmen_ws/install/ogmen_description/share/ogmen_description/environment/path.sh
[4.655s] -- Up-to-date symlink: /home/labster/Desktop/ogmen_ws/install/ogmen_description/share/ogmen_description/environment/path.dsv
[4.656s] -- Up-to-date symlink: /home/labster/Desktop/ogmen_ws/install/ogmen_description/share/ogmen_description/local_setup.bash
[4.656s] -- Up-to-date symlink: /home/labster/Desktop/ogmen_ws/install/ogmen_description/share/ogmen_description/local_setup.sh
[4.657s] -- Up-to-date symlink: /home/labster/Desktop/ogmen_ws/install/ogmen_description/share/ogmen_description/local_setup.zsh
[4.658s] -- Up-to-date symlink: /home/labster/Desktop/ogmen_ws/install/ogmen_description/share/ogmen_description/local_setup.dsv
[4.658s] -- Symlinking: /home/labster/Desktop/ogmen_ws/install/ogmen_description/share/ogmen_description/package.dsv
[4.671s] -- Up-to-date symlink: /home/labster/Desktop/ogmen_ws/install/ogmen_description/share/ament_index/resource_index/packages/ogmen_description
[4.673s] -- Up-to-date symlink: /home/labster/Desktop/ogmen_ws/install/ogmen_description/share/ogmen_description/cmake/ogmen_descriptionConfig.cmake
[4.674s] -- Up-to-date symlink: /home/labster/Desktop/ogmen_ws/install/ogmen_description/share/ogmen_description/cmake/ogmen_descriptionConfig-version.cmake
[4.675s] -- Up-to-date symlink: /home/labster/Desktop/ogmen_ws/install/ogmen_description/share/ogmen_description/package.xml
[4.679s] Invoked command in '/home/labster/Desktop/ogmen_ws/build/ogmen_description' returned '0': CMAKE_PREFIX_PATH=${CMAKE_PREFIX_PATH}:/opt/ros/humble /usr/bin/cmake --install /home/labster/Desktop/ogmen_ws/build/ogmen_description
