[0.086s] Invoking command in '/home/labster/Desktop/ogmen_ws/build/sllidar_ros2': CMAKE_PREFIX_PATH=${CMAKE_PREFIX_PATH}:/opt/ros/humble /usr/bin/cmake /home/labster/Desktop/ogmen_ws/src/sllidar_ros2 -DCMAKE_INSTALL_PREFIX=/home/labster/Desktop/ogmen_ws/install/sllidar_ros2
[0.497s] -- Found ament_cmake: 1.3.8 (/opt/ros/humble/share/ament_cmake/cmake)
[0.735s] -- Override CMake install command with custom implementation using symlinks instead of copying resources
[1.107s] -- Found rclcpp: 16.0.8 (/opt/ros/humble/share/rclcpp/cmake)
[2.180s] -- Found rosidl_generator_c: 3.1.5 (/opt/ros/humble/share/rosidl_generator_c/cmake)
[2.207s] -- Found rosidl_adapter: 3.1.5 (/opt/ros/humble/share/rosidl_adapter/cmake)
[2.280s] -- Found rosidl_generator_cpp: 3.1.5 (/opt/ros/humble/share/rosidl_generator_cpp/cmake)
[2.416s] -- Using all available rosidl_typesupport_c: rosidl_typesupport_fastrtps_c;rosidl_typesupport_introspection_c
[2.497s] -- Using all available rosidl_typesupport_cpp: rosidl_typesupport_fastrtps_cpp;rosidl_typesupport_introspection_cpp
[2.861s] -- Found rmw_implementation_cmake: 6.1.1 (/opt/ros/humble/share/rmw_implementation_cmake/cmake)
[2.906s] -- Found rmw_fastrtps_cpp: 6.2.6 (/opt/ros/humble/share/rmw_fastrtps_cpp/cmake)
[3.214s] -- Using RMW implementation 'rmw_fastrtps_cpp' as default
[3.509s] -- Found sensor_msgs: 4.2.3 (/opt/ros/humble/share/sensor_msgs/cmake)
[3.683s] -- Found std_srvs: 4.2.3 (/opt/ros/humble/share/std_srvs/cmake)
[3.906s] -- Configuring done
[4.063s] -- Generating done
[4.072s] -- Build files have been written to: /home/labster/Desktop/ogmen_ws/build/sllidar_ros2
[4.094s] Invoked command in '/home/labster/Desktop/ogmen_ws/build/sllidar_ros2' returned '0': CMAKE_PREFIX_PATH=${CMAKE_PREFIX_PATH}:/opt/ros/humble /usr/bin/cmake /home/labster/Desktop/ogmen_ws/src/sllidar_ros2 -DCMAKE_INSTALL_PREFIX=/home/labster/Desktop/ogmen_ws/install/sllidar_ros2
[4.099s] Invoking command in '/home/labster/Desktop/ogmen_ws/build/sllidar_ros2': CMAKE_PREFIX_PATH=${CMAKE_PREFIX_PATH}:/opt/ros/humble /usr/bin/cmake --build /home/labster/Desktop/ogmen_ws/build/sllidar_ros2 -- -j12 -l12
[4.213s] [35m[1mConsolidate compiler generated dependencies of target sllidar_client[0m
[4.282s] [35m[1mConsolidate compiler generated dependencies of target sllidar_node[0m
[4.465s] [ 10%] Built target sllidar_client
[4.492s] [100%] Built target sllidar_node
[4.521s] Invoked command in '/home/labster/Desktop/ogmen_ws/build/sllidar_ros2' returned '0': CMAKE_PREFIX_PATH=${CMAKE_PREFIX_PATH}:/opt/ros/humble /usr/bin/cmake --build /home/labster/Desktop/ogmen_ws/build/sllidar_ros2 -- -j12 -l12
[4.718s] Invoking command in '/home/labster/Desktop/ogmen_ws/build/sllidar_ros2': CMAKE_PREFIX_PATH=${CMAKE_PREFIX_PATH}:/opt/ros/humble /usr/bin/cmake --install /home/labster/Desktop/ogmen_ws/build/sllidar_ros2
[4.726s] -- Install configuration: ""
[4.726s] -- Execute custom install script
[4.731s] -- Up-to-date symlink: /home/labster/Desktop/ogmen_ws/install/sllidar_ros2/share/sllidar_ros2/launch/sllidar_a1_launch.py
[4.732s] -- Up-to-date symlink: /home/labster/Desktop/ogmen_ws/install/sllidar_ros2/share/sllidar_ros2/launch/sllidar_a2m12_launch .py
[4.733s] -- Up-to-date symlink: /home/labster/Desktop/ogmen_ws/install/sllidar_ros2/share/sllidar_ros2/launch/sllidar_a2m7_launch.py
[4.735s] -- Up-to-date symlink: /home/labster/Desktop/ogmen_ws/install/sllidar_ros2/share/sllidar_ros2/launch/sllidar_a2m8_launch.py
[4.736s] -- Up-to-date symlink: /home/labster/Desktop/ogmen_ws/install/sllidar_ros2/share/sllidar_ros2/launch/sllidar_a3_launch.py
[4.737s] -- Up-to-date symlink: /home/labster/Desktop/ogmen_ws/install/sllidar_ros2/share/sllidar_ros2/launch/sllidar_c1_launch.py
[4.738s] -- Up-to-date symlink: /home/labster/Desktop/ogmen_ws/install/sllidar_ros2/share/sllidar_ros2/launch/sllidar_s1_launch.py
[4.739s] -- Up-to-date symlink: /home/labster/Desktop/ogmen_ws/install/sllidar_ros2/share/sllidar_ros2/launch/sllidar_s1_tcp_launch.py
[4.740s] -- Up-to-date symlink: /home/labster/Desktop/ogmen_ws/install/sllidar_ros2/share/sllidar_ros2/launch/sllidar_s2_launch.py
[4.740s] -- Up-to-date symlink: /home/labster/Desktop/ogmen_ws/install/sllidar_ros2/share/sllidar_ros2/launch/sllidar_s2e_launch.py
[4.741s] -- Up-to-date symlink: /home/labster/Desktop/ogmen_ws/install/sllidar_ros2/share/sllidar_ros2/launch/sllidar_s3_launch.py
[4.741s] -- Up-to-date symlink: /home/labster/Desktop/ogmen_ws/install/sllidar_ros2/share/sllidar_ros2/launch/sllidar_t1_launch.py
[4.742s] -- Up-to-date symlink: /home/labster/Desktop/ogmen_ws/install/sllidar_ros2/share/sllidar_ros2/launch/view_sllidar_a1_launch.py
[4.742s] -- Up-to-date symlink: /home/labster/Desktop/ogmen_ws/install/sllidar_ros2/share/sllidar_ros2/launch/view_sllidar_a2m12_launch.py
[4.743s] -- Up-to-date symlink: /home/labster/Desktop/ogmen_ws/install/sllidar_ros2/share/sllidar_ros2/launch/view_sllidar_a2m7_launch.py
[4.744s] -- Up-to-date symlink: /home/labster/Desktop/ogmen_ws/install/sllidar_ros2/share/sllidar_ros2/launch/view_sllidar_a2m8_launch.py
[4.744s] -- Up-to-date symlink: /home/labster/Desktop/ogmen_ws/install/sllidar_ros2/share/sllidar_ros2/launch/view_sllidar_a3_launch.py
[4.745s] -- Up-to-date symlink: /home/labster/Desktop/ogmen_ws/install/sllidar_ros2/share/sllidar_ros2/launch/view_sllidar_c1_launch.py
[4.745s] -- Up-to-date symlink: /home/labster/Desktop/ogmen_ws/install/sllidar_ros2/share/sllidar_ros2/launch/view_sllidar_s1_launch.py
[4.746s] -- Up-to-date symlink: /home/labster/Desktop/ogmen_ws/install/sllidar_ros2/share/sllidar_ros2/launch/view_sllidar_s1_tcp_launch.py
[4.746s] -- Up-to-date symlink: /home/labster/Desktop/ogmen_ws/install/sllidar_ros2/share/sllidar_ros2/launch/view_sllidar_s2_launch.py
[4.747s] -- Up-to-date symlink: /home/labster/Desktop/ogmen_ws/install/sllidar_ros2/share/sllidar_ros2/launch/view_sllidar_s2e_launch.py
[4.748s] -- Up-to-date symlink: /home/labster/Desktop/ogmen_ws/install/sllidar_ros2/share/sllidar_ros2/launch/view_sllidar_s3_launch.py
[4.748s] -- Up-to-date symlink: /home/labster/Desktop/ogmen_ws/install/sllidar_ros2/share/sllidar_ros2/launch/view_sllidar_t1_launch.py
[4.752s] -- Up-to-date symlink: /home/labster/Desktop/ogmen_ws/install/sllidar_ros2/share/sllidar_ros2/rviz/sllidar_ros2.rviz
[4.754s] -- Up-to-date symlink: /home/labster/Desktop/ogmen_ws/install/sllidar_ros2/lib/sllidar_ros2/sllidar_node
[4.755s] -- Up-to-date symlink: /home/labster/Desktop/ogmen_ws/install/sllidar_ros2/lib/sllidar_ros2/sllidar_client
[4.757s] -- Up-to-date symlink: /home/labster/Desktop/ogmen_ws/install/sllidar_ros2/share/ament_index/resource_index/package_run_dependencies/sllidar_ros2
[4.758s] -- Up-to-date symlink: /home/labster/Desktop/ogmen_ws/install/sllidar_ros2/share/ament_index/resource_index/parent_prefix_path/sllidar_ros2
[4.760s] -- Up-to-date symlink: /home/labster/Desktop/ogmen_ws/install/sllidar_ros2/share/sllidar_ros2/environment/ament_prefix_path.sh
[4.761s] -- Up-to-date symlink: /home/labster/Desktop/ogmen_ws/install/sllidar_ros2/share/sllidar_ros2/environment/ament_prefix_path.dsv
[4.761s] -- Up-to-date symlink: /home/labster/Desktop/ogmen_ws/install/sllidar_ros2/share/sllidar_ros2/environment/path.sh
[4.762s] -- Up-to-date symlink: /home/labster/Desktop/ogmen_ws/install/sllidar_ros2/share/sllidar_ros2/environment/path.dsv
[4.763s] -- Up-to-date symlink: /home/labster/Desktop/ogmen_ws/install/sllidar_ros2/share/sllidar_ros2/local_setup.bash
[4.763s] -- Up-to-date symlink: /home/labster/Desktop/ogmen_ws/install/sllidar_ros2/share/sllidar_ros2/local_setup.sh
[4.764s] -- Up-to-date symlink: /home/labster/Desktop/ogmen_ws/install/sllidar_ros2/share/sllidar_ros2/local_setup.zsh
[4.765s] -- Up-to-date symlink: /home/labster/Desktop/ogmen_ws/install/sllidar_ros2/share/sllidar_ros2/local_setup.dsv
[4.765s] -- Symlinking: /home/labster/Desktop/ogmen_ws/install/sllidar_ros2/share/sllidar_ros2/package.dsv
[4.778s] -- Up-to-date symlink: /home/labster/Desktop/ogmen_ws/install/sllidar_ros2/share/ament_index/resource_index/packages/sllidar_ros2
[4.780s] -- Up-to-date symlink: /home/labster/Desktop/ogmen_ws/install/sllidar_ros2/share/sllidar_ros2/cmake/ament_cmake_export_dependencies-extras.cmake
[4.781s] -- Up-to-date symlink: /home/labster/Desktop/ogmen_ws/install/sllidar_ros2/share/sllidar_ros2/cmake/ament_cmake_export_include_directories-extras.cmake
[4.782s] -- Up-to-date symlink: /home/labster/Desktop/ogmen_ws/install/sllidar_ros2/share/sllidar_ros2/cmake/sllidar_ros2Config.cmake
[4.782s] -- Up-to-date symlink: /home/labster/Desktop/ogmen_ws/install/sllidar_ros2/share/sllidar_ros2/cmake/sllidar_ros2Config-version.cmake
[4.783s] -- Up-to-date symlink: /home/labster/Desktop/ogmen_ws/install/sllidar_ros2/share/sllidar_ros2/package.xml
[4.787s] Invoked command in '/home/labster/Desktop/ogmen_ws/build/sllidar_ros2' returned '0': CMAKE_PREFIX_PATH=${CMAKE_PREFIX_PATH}:/opt/ros/humble /usr/bin/cmake --install /home/labster/Desktop/ogmen_ws/build/sllidar_ros2
