[0.641s] DEBUG:colcon:Command line arguments: ['/usr/bin/colcon', 'build', '--symlink-install']
[0.642s] DEBUG:colcon:Parsed command line arguments: Namespace(log_base=None, log_level=None, verb_name='build', build_base='build', install_base='install', merge_install=False, symlink_install=True, test_result_base=None, continue_on_error=False, executor='parallel', parallel_workers=12, event_handlers=None, ignore_user_meta=False, metas=['./colcon.meta'], base_paths=['.'], packages_ignore=None, packages_ignore_regex=None, paths=None, packages_up_to=None, packages_up_to_regex=None, packages_above=None, packages_above_and_dependencies=None, packages_above_depth=None, packages_select_by_dep=None, packages_skip_by_dep=None, packages_skip_up_to=None, packages_select_build_failed=False, packages_skip_build_finished=False, packages_select_test_failures=False, packages_skip_test_passed=False, packages_select=None, packages_skip=None, packages_select_regex=None, packages_skip_regex=None, packages_start=None, packages_end=None, allow_overriding=[], cmake_args=None, cmake_target=None, cmake_target_skip_unavailable=False, cmake_clean_cache=False, cmake_clean_first=False, cmake_force_configure=False, ament_cmake_args=None, catkin_cmake_args=None, catkin_skip_building_tests=False, verb_parser=<colcon_defaults.argument_parser.defaults.DefaultArgumentsDecorator object at 0x7ab499938a30>, verb_extension=<colcon_core.verb.build.BuildVerb object at 0x7ab499938250>, main=<bound method BuildVerb.main of <colcon_core.verb.build.BuildVerb object at 0x7ab499938250>>)
[1.406s] Level 1:colcon.colcon_core.package_discovery:discover_packages(colcon_meta) check parameters
[1.406s] Level 1:colcon.colcon_core.package_discovery:discover_packages(recursive) check parameters
[1.406s] Level 1:colcon.colcon_core.package_discovery:discover_packages(ignore) check parameters
[1.406s] Level 1:colcon.colcon_core.package_discovery:discover_packages(path) check parameters
[1.406s] Level 1:colcon.colcon_core.package_discovery:discover_packages(colcon_meta) discover
[1.407s] Level 1:colcon.colcon_core.package_discovery:discover_packages(recursive) discover
[1.407s] INFO:colcon.colcon_core.package_discovery:Crawling recursively for packages in '/home/labster/Desktop/ogmen_ws/src'
[1.407s] Level 1:colcon.colcon_core.package_identification:_identify(.) by extensions ['ignore', 'ignore_ament_install']
[1.407s] Level 1:colcon.colcon_core.package_identification:_identify(.) by extension 'ignore'
[1.407s] Level 1:colcon.colcon_core.package_identification:_identify(.) by extension 'ignore_ament_install'
[1.408s] Level 1:colcon.colcon_core.package_identification:_identify(.) by extensions ['colcon_pkg']
[1.408s] Level 1:colcon.colcon_core.package_identification:_identify(.) by extension 'colcon_pkg'
[1.408s] Level 1:colcon.colcon_core.package_identification:_identify(.) by extensions ['colcon_meta']
[1.408s] Level 1:colcon.colcon_core.package_identification:_identify(.) by extension 'colcon_meta'
[1.408s] Level 1:colcon.colcon_core.package_identification:_identify(.) by extensions ['ros']
[1.408s] Level 1:colcon.colcon_core.package_identification:_identify(.) by extension 'ros'
[1.464s] Level 1:colcon.colcon_core.package_identification:_identify(.) by extensions ['cmake', 'python']
[1.464s] Level 1:colcon.colcon_core.package_identification:_identify(.) by extension 'cmake'
[1.464s] Level 1:colcon.colcon_core.package_identification:_identify(.) by extension 'python'
[1.464s] Level 1:colcon.colcon_core.package_identification:_identify(.) by extensions ['python_setup_py']
[1.464s] Level 1:colcon.colcon_core.package_identification:_identify(.) by extension 'python_setup_py'
[1.464s] Level 1:colcon.colcon_core.package_identification:_identify(build) by extensions ['ignore', 'ignore_ament_install']
[1.464s] Level 1:colcon.colcon_core.package_identification:_identify(build) by extension 'ignore'
[1.464s] Level 1:colcon.colcon_core.package_identification:_identify(build) ignored
[1.465s] Level 1:colcon.colcon_core.package_identification:_identify(install) by extensions ['ignore', 'ignore_ament_install']
[1.465s] Level 1:colcon.colcon_core.package_identification:_identify(install) by extension 'ignore'
[1.465s] Level 1:colcon.colcon_core.package_identification:_identify(install) ignored
[1.465s] Level 1:colcon.colcon_core.package_identification:_identify(log) by extensions ['ignore', 'ignore_ament_install']
[1.465s] Level 1:colcon.colcon_core.package_identification:_identify(log) by extension 'ignore'
[1.465s] Level 1:colcon.colcon_core.package_identification:_identify(log) ignored
[1.467s] Level 1:colcon.colcon_core.package_identification:_identify(ogmen_description) by extensions ['ignore', 'ignore_ament_install']
[1.467s] Level 1:colcon.colcon_core.package_identification:_identify(ogmen_description) by extension 'ignore'
[1.467s] Level 1:colcon.colcon_core.package_identification:_identify(ogmen_description) by extension 'ignore_ament_install'
[1.467s] Level 1:colcon.colcon_core.package_identification:_identify(ogmen_description) by extensions ['colcon_pkg']
[1.467s] Level 1:colcon.colcon_core.package_identification:_identify(ogmen_description) by extension 'colcon_pkg'
[1.467s] Level 1:colcon.colcon_core.package_identification:_identify(ogmen_description) by extensions ['colcon_meta']
[1.467s] Level 1:colcon.colcon_core.package_identification:_identify(ogmen_description) by extension 'colcon_meta'
[1.467s] Level 1:colcon.colcon_core.package_identification:_identify(ogmen_description) by extensions ['ros']
[1.467s] Level 1:colcon.colcon_core.package_identification:_identify(ogmen_description) by extension 'ros'
[1.487s] DEBUG:colcon.colcon_core.package_identification:Package 'ogmen_description' with type 'ros.ament_cmake' and name 'ogmen_description'
[1.487s] Level 1:colcon.colcon_core.package_identification:_identify(sllidar_ros2) by extensions ['ignore', 'ignore_ament_install']
[1.487s] Level 1:colcon.colcon_core.package_identification:_identify(sllidar_ros2) by extension 'ignore'
[1.487s] Level 1:colcon.colcon_core.package_identification:_identify(sllidar_ros2) by extension 'ignore_ament_install'
[1.487s] Level 1:colcon.colcon_core.package_identification:_identify(sllidar_ros2) by extensions ['colcon_pkg']
[1.487s] Level 1:colcon.colcon_core.package_identification:_identify(sllidar_ros2) by extension 'colcon_pkg'
[1.488s] Level 1:colcon.colcon_core.package_identification:_identify(sllidar_ros2) by extensions ['colcon_meta']
[1.488s] Level 1:colcon.colcon_core.package_identification:_identify(sllidar_ros2) by extension 'colcon_meta'
[1.488s] Level 1:colcon.colcon_core.package_identification:_identify(sllidar_ros2) by extensions ['ros']
[1.488s] Level 1:colcon.colcon_core.package_identification:_identify(sllidar_ros2) by extension 'ros'
[1.488s] DEBUG:colcon.colcon_core.package_identification:Package 'sllidar_ros2' with type 'ros.ament_cmake' and name 'sllidar_ros2'
[1.488s] Level 1:colcon.colcon_core.package_discovery:discover_packages(recursive) using defaults
[1.488s] Level 1:colcon.colcon_core.package_discovery:discover_packages(ignore) discover
[1.488s] Level 1:colcon.colcon_core.package_discovery:discover_packages(ignore) using defaults
[1.488s] Level 1:colcon.colcon_core.package_discovery:discover_packages(path) discover
[1.488s] Level 1:colcon.colcon_core.package_discovery:discover_packages(path) using defaults
[1.556s] Level 1:colcon.colcon_core.package_discovery:discover_packages(prefix_path) check parameters
[1.556s] Level 1:colcon.colcon_core.package_discovery:discover_packages(prefix_path) discover
[1.609s] DEBUG:colcon.colcon_installed_package_information.package_discovery:Found 3 installed packages in /home/labster/microros_ws/src/install
[1.616s] DEBUG:colcon.colcon_installed_package_information.package_discovery:Found 280 installed packages in /opt/ros/humble
[1.637s] Level 1:colcon.colcon_core.package_discovery:discover_packages(prefix_path) using defaults
[2.018s] Level 5:colcon.colcon_core.verb:set package 'ogmen_description' build argument 'cmake_args' from command line to 'None'
[2.018s] Level 5:colcon.colcon_core.verb:set package 'ogmen_description' build argument 'cmake_target' from command line to 'None'
[2.018s] Level 5:colcon.colcon_core.verb:set package 'ogmen_description' build argument 'cmake_target_skip_unavailable' from command line to 'False'
[2.019s] Level 5:colcon.colcon_core.verb:set package 'ogmen_description' build argument 'cmake_clean_cache' from command line to 'False'
[2.019s] Level 5:colcon.colcon_core.verb:set package 'ogmen_description' build argument 'cmake_clean_first' from command line to 'False'
[2.019s] Level 5:colcon.colcon_core.verb:set package 'ogmen_description' build argument 'cmake_force_configure' from command line to 'False'
[2.019s] Level 5:colcon.colcon_core.verb:set package 'ogmen_description' build argument 'ament_cmake_args' from command line to 'None'
[2.019s] Level 5:colcon.colcon_core.verb:set package 'ogmen_description' build argument 'catkin_cmake_args' from command line to 'None'
[2.019s] Level 5:colcon.colcon_core.verb:set package 'ogmen_description' build argument 'catkin_skip_building_tests' from command line to 'False'
[2.019s] DEBUG:colcon.colcon_core.verb:Building package 'ogmen_description' with the following arguments: {'ament_cmake_args': None, 'build_base': '/home/labster/Desktop/ogmen_ws/src/build/ogmen_description', 'catkin_cmake_args': None, 'catkin_skip_building_tests': False, 'cmake_args': None, 'cmake_clean_cache': False, 'cmake_clean_first': False, 'cmake_force_configure': False, 'cmake_target': None, 'cmake_target_skip_unavailable': False, 'install_base': '/home/labster/Desktop/ogmen_ws/src/install/ogmen_description', 'merge_install': False, 'path': '/home/labster/Desktop/ogmen_ws/src/ogmen_description', 'symlink_install': True, 'test_result_base': None}
[2.020s] Level 5:colcon.colcon_core.verb:set package 'sllidar_ros2' build argument 'cmake_args' from command line to 'None'
[2.020s] Level 5:colcon.colcon_core.verb:set package 'sllidar_ros2' build argument 'cmake_target' from command line to 'None'
[2.020s] Level 5:colcon.colcon_core.verb:set package 'sllidar_ros2' build argument 'cmake_target_skip_unavailable' from command line to 'False'
[2.020s] Level 5:colcon.colcon_core.verb:set package 'sllidar_ros2' build argument 'cmake_clean_cache' from command line to 'False'
[2.020s] Level 5:colcon.colcon_core.verb:set package 'sllidar_ros2' build argument 'cmake_clean_first' from command line to 'False'
[2.020s] Level 5:colcon.colcon_core.verb:set package 'sllidar_ros2' build argument 'cmake_force_configure' from command line to 'False'
[2.020s] Level 5:colcon.colcon_core.verb:set package 'sllidar_ros2' build argument 'ament_cmake_args' from command line to 'None'
[2.020s] Level 5:colcon.colcon_core.verb:set package 'sllidar_ros2' build argument 'catkin_cmake_args' from command line to 'None'
[2.020s] Level 5:colcon.colcon_core.verb:set package 'sllidar_ros2' build argument 'catkin_skip_building_tests' from command line to 'False'
[2.020s] DEBUG:colcon.colcon_core.verb:Building package 'sllidar_ros2' with the following arguments: {'ament_cmake_args': None, 'build_base': '/home/labster/Desktop/ogmen_ws/src/build/sllidar_ros2', 'catkin_cmake_args': None, 'catkin_skip_building_tests': False, 'cmake_args': None, 'cmake_clean_cache': False, 'cmake_clean_first': False, 'cmake_force_configure': False, 'cmake_target': None, 'cmake_target_skip_unavailable': False, 'install_base': '/home/labster/Desktop/ogmen_ws/src/install/sllidar_ros2', 'merge_install': False, 'path': '/home/labster/Desktop/ogmen_ws/src/sllidar_ros2', 'symlink_install': True, 'test_result_base': None}
[2.020s] INFO:colcon.colcon_core.executor:Executing jobs using 'parallel' executor
[2.022s] DEBUG:colcon.colcon_parallel_executor.executor.parallel:run_until_complete
[2.023s] INFO:colcon.colcon_ros.task.ament_cmake.build:Building ROS package in '/home/labster/Desktop/ogmen_ws/src/ogmen_description' with build type 'ament_cmake'
[2.023s] INFO:colcon.colcon_cmake.task.cmake.build:Building CMake package in '/home/labster/Desktop/ogmen_ws/src/ogmen_description'
[2.040s] INFO:colcon.colcon_core.plugin_system:Skipping extension 'colcon_core.shell.bat': Not used on non-Windows systems
[2.040s] INFO:colcon.colcon_core.shell:Skip shell extension 'powershell' for command environment: Not usable outside of PowerShell
[2.040s] DEBUG:colcon.colcon_core.shell:Skip shell extension 'dsv' for command environment
[2.059s] INFO:colcon.colcon_ros.task.ament_cmake.build:Building ROS package in '/home/labster/Desktop/ogmen_ws/src/sllidar_ros2' with build type 'ament_cmake'
[2.059s] INFO:colcon.colcon_cmake.task.cmake.build:Building CMake package in '/home/labster/Desktop/ogmen_ws/src/sllidar_ros2'
[2.060s] INFO:colcon.colcon_core.shell:Skip shell extension 'powershell' for command environment: Not usable outside of PowerShell
[2.060s] DEBUG:colcon.colcon_core.shell:Skip shell extension 'dsv' for command environment
[2.067s] DEBUG:colcon.colcon_core.event_handler.log_command:Invoking command in '/home/labster/Desktop/ogmen_ws/src/build/ogmen_description': CMAKE_PREFIX_PATH=${CMAKE_PREFIX_PATH}:/opt/ros/humble /usr/bin/cmake /home/labster/Desktop/ogmen_ws/src/ogmen_description -DAMENT_CMAKE_SYMLINK_INSTALL=1 -DCMAKE_INSTALL_PREFIX=/home/labster/Desktop/ogmen_ws/src/install/ogmen_description
[2.076s] DEBUG:colcon.colcon_core.event_handler.log_command:Invoking command in '/home/labster/Desktop/ogmen_ws/src/build/sllidar_ros2': CMAKE_PREFIX_PATH=${CMAKE_PREFIX_PATH}:/opt/ros/humble /usr/bin/cmake /home/labster/Desktop/ogmen_ws/src/sllidar_ros2 -DAMENT_CMAKE_SYMLINK_INSTALL=1 -DCMAKE_INSTALL_PREFIX=/home/labster/Desktop/ogmen_ws/src/install/sllidar_ros2
[6.009s] DEBUG:colcon.colcon_core.event_handler.log_command:Invoked command in '/home/labster/Desktop/ogmen_ws/src/build/sllidar_ros2' returned '0': CMAKE_PREFIX_PATH=${CMAKE_PREFIX_PATH}:/opt/ros/humble /usr/bin/cmake /home/labster/Desktop/ogmen_ws/src/sllidar_ros2 -DAMENT_CMAKE_SYMLINK_INSTALL=1 -DCMAKE_INSTALL_PREFIX=/home/labster/Desktop/ogmen_ws/src/install/sllidar_ros2
[6.012s] DEBUG:colcon.colcon_core.event_handler.log_command:Invoking command in '/home/labster/Desktop/ogmen_ws/src/build/sllidar_ros2': CMAKE_PREFIX_PATH=${CMAKE_PREFIX_PATH}:/opt/ros/humble /usr/bin/cmake --build /home/labster/Desktop/ogmen_ws/src/build/sllidar_ros2 -- -j12 -l12
[6.687s] DEBUG:colcon.colcon_core.event_handler.log_command:Invoked command in '/home/labster/Desktop/ogmen_ws/src/build/ogmen_description' returned '0': CMAKE_PREFIX_PATH=${CMAKE_PREFIX_PATH}:/opt/ros/humble /usr/bin/cmake /home/labster/Desktop/ogmen_ws/src/ogmen_description -DAMENT_CMAKE_SYMLINK_INSTALL=1 -DCMAKE_INSTALL_PREFIX=/home/labster/Desktop/ogmen_ws/src/install/ogmen_description
[6.689s] DEBUG:colcon.colcon_core.event_handler.log_command:Invoking command in '/home/labster/Desktop/ogmen_ws/src/build/ogmen_description': CMAKE_PREFIX_PATH=${CMAKE_PREFIX_PATH}:/opt/ros/humble /usr/bin/cmake --build /home/labster/Desktop/ogmen_ws/src/build/ogmen_description -- -j12 -l12
[6.764s] DEBUG:colcon.colcon_core.event_handler.log_command:Invoked command in '/home/labster/Desktop/ogmen_ws/src/build/ogmen_description' returned '0': CMAKE_PREFIX_PATH=${CMAKE_PREFIX_PATH}:/opt/ros/humble /usr/bin/cmake --build /home/labster/Desktop/ogmen_ws/src/build/ogmen_description -- -j12 -l12
[6.826s] DEBUG:colcon.colcon_core.event_handler.log_command:Invoking command in '/home/labster/Desktop/ogmen_ws/src/build/ogmen_description': CMAKE_PREFIX_PATH=${CMAKE_PREFIX_PATH}:/opt/ros/humble /usr/bin/cmake --install /home/labster/Desktop/ogmen_ws/src/build/ogmen_description
[7.537s] Level 1:colcon.colcon_core.environment:create_environment_scripts_only(ogmen_description)
[7.537s] DEBUG:colcon.colcon_core.event_handler.log_command:Invoked command in '/home/labster/Desktop/ogmen_ws/src/build/ogmen_description' returned '0': CMAKE_PREFIX_PATH=${CMAKE_PREFIX_PATH}:/opt/ros/humble /usr/bin/cmake --install /home/labster/Desktop/ogmen_ws/src/build/ogmen_description
[7.646s] Level 1:colcon.colcon_core.environment:checking '/home/labster/Desktop/ogmen_ws/src/install/ogmen_description' for CMake module files
[7.646s] Level 1:colcon.colcon_core.environment:checking '/home/labster/Desktop/ogmen_ws/src/install/ogmen_description' for CMake config files
[7.647s] Level 1:colcon.colcon_core.shell:create_environment_hook('ogmen_description', 'cmake_prefix_path')
[7.647s] INFO:colcon.colcon_core.shell:Creating environment hook '/home/labster/Desktop/ogmen_ws/src/install/ogmen_description/share/ogmen_description/hook/cmake_prefix_path.ps1'
[7.668s] INFO:colcon.colcon_core.shell:Creating environment descriptor '/home/labster/Desktop/ogmen_ws/src/install/ogmen_description/share/ogmen_description/hook/cmake_prefix_path.dsv'
[7.673s] INFO:colcon.colcon_core.shell:Creating environment hook '/home/labster/Desktop/ogmen_ws/src/install/ogmen_description/share/ogmen_description/hook/cmake_prefix_path.sh'
[7.679s] Level 1:colcon.colcon_core.environment:checking '/home/labster/Desktop/ogmen_ws/src/install/ogmen_description/bin'
[7.679s] Level 1:colcon.colcon_core.environment:checking '/home/labster/Desktop/ogmen_ws/src/install/ogmen_description/lib/pkgconfig/ogmen_description.pc'
[7.679s] Level 1:colcon.colcon_core.environment:checking '/home/labster/Desktop/ogmen_ws/src/install/ogmen_description/lib/python3.10/site-packages'
[7.679s] Level 1:colcon.colcon_core.environment:checking '/home/labster/Desktop/ogmen_ws/src/install/ogmen_description/bin'
[7.680s] INFO:colcon.colcon_core.shell:Creating package script '/home/labster/Desktop/ogmen_ws/src/install/ogmen_description/share/ogmen_description/package.ps1'
[7.685s] INFO:colcon.colcon_core.shell:Creating package descriptor '/home/labster/Desktop/ogmen_ws/src/install/ogmen_description/share/ogmen_description/package.dsv'
[7.691s] INFO:colcon.colcon_core.shell:Creating package script '/home/labster/Desktop/ogmen_ws/src/install/ogmen_description/share/ogmen_description/package.sh'
[7.696s] INFO:colcon.colcon_core.shell:Creating package script '/home/labster/Desktop/ogmen_ws/src/install/ogmen_description/share/ogmen_description/package.bash'
[7.702s] INFO:colcon.colcon_core.shell:Creating package script '/home/labster/Desktop/ogmen_ws/src/install/ogmen_description/share/ogmen_description/package.zsh'
[7.725s] Level 1:colcon.colcon_core.environment:create_file_with_runtime_dependencies(/home/labster/Desktop/ogmen_ws/src/install/ogmen_description/share/colcon-core/packages/ogmen_description)
[7.756s] Level 1:colcon.colcon_core.environment:create_environment_scripts_only(ogmen_description)
[7.757s] Level 1:colcon.colcon_core.environment:checking '/home/labster/Desktop/ogmen_ws/src/install/ogmen_description' for CMake module files
[7.757s] Level 1:colcon.colcon_core.environment:checking '/home/labster/Desktop/ogmen_ws/src/install/ogmen_description' for CMake config files
[7.757s] Level 1:colcon.colcon_core.shell:create_environment_hook('ogmen_description', 'cmake_prefix_path')
[7.757s] INFO:colcon.colcon_core.shell:Creating environment hook '/home/labster/Desktop/ogmen_ws/src/install/ogmen_description/share/ogmen_description/hook/cmake_prefix_path.ps1'
[7.760s] INFO:colcon.colcon_core.shell:Creating environment descriptor '/home/labster/Desktop/ogmen_ws/src/install/ogmen_description/share/ogmen_description/hook/cmake_prefix_path.dsv'
[7.760s] INFO:colcon.colcon_core.shell:Creating environment hook '/home/labster/Desktop/ogmen_ws/src/install/ogmen_description/share/ogmen_description/hook/cmake_prefix_path.sh'
[7.761s] Level 1:colcon.colcon_core.environment:checking '/home/labster/Desktop/ogmen_ws/src/install/ogmen_description/bin'
[7.761s] Level 1:colcon.colcon_core.environment:checking '/home/labster/Desktop/ogmen_ws/src/install/ogmen_description/lib/pkgconfig/ogmen_description.pc'
[7.761s] Level 1:colcon.colcon_core.environment:checking '/home/labster/Desktop/ogmen_ws/src/install/ogmen_description/lib/python3.10/site-packages'
[7.761s] Level 1:colcon.colcon_core.environment:checking '/home/labster/Desktop/ogmen_ws/src/install/ogmen_description/bin'
[7.761s] INFO:colcon.colcon_core.shell:Creating package script '/home/labster/Desktop/ogmen_ws/src/install/ogmen_description/share/ogmen_description/package.ps1'
[7.762s] INFO:colcon.colcon_core.shell:Creating package descriptor '/home/labster/Desktop/ogmen_ws/src/install/ogmen_description/share/ogmen_description/package.dsv'
[7.763s] INFO:colcon.colcon_core.shell:Creating package script '/home/labster/Desktop/ogmen_ws/src/install/ogmen_description/share/ogmen_description/package.sh'
[7.763s] INFO:colcon.colcon_core.shell:Creating package script '/home/labster/Desktop/ogmen_ws/src/install/ogmen_description/share/ogmen_description/package.bash'
[7.764s] INFO:colcon.colcon_core.shell:Creating package script '/home/labster/Desktop/ogmen_ws/src/install/ogmen_description/share/ogmen_description/package.zsh'
[7.764s] Level 1:colcon.colcon_core.environment:create_file_with_runtime_dependencies(/home/labster/Desktop/ogmen_ws/src/install/ogmen_description/share/colcon-core/packages/ogmen_description)
[16.377s] DEBUG:colcon.colcon_core.event_handler.log_command:Invoked command in '/home/labster/Desktop/ogmen_ws/src/build/sllidar_ros2' returned '0': CMAKE_PREFIX_PATH=${CMAKE_PREFIX_PATH}:/opt/ros/humble /usr/bin/cmake --build /home/labster/Desktop/ogmen_ws/src/build/sllidar_ros2 -- -j12 -l12
[16.450s] DEBUG:colcon.colcon_core.event_handler.log_command:Invoking command in '/home/labster/Desktop/ogmen_ws/src/build/sllidar_ros2': CMAKE_PREFIX_PATH=${CMAKE_PREFIX_PATH}:/opt/ros/humble /usr/bin/cmake --install /home/labster/Desktop/ogmen_ws/src/build/sllidar_ros2
[17.377s] Level 1:colcon.colcon_core.environment:create_environment_scripts_only(sllidar_ros2)
[17.378s] Level 1:colcon.colcon_core.environment:checking '/home/labster/Desktop/ogmen_ws/src/install/sllidar_ros2' for CMake module files
[17.379s] DEBUG:colcon.colcon_core.event_handler.log_command:Invoked command in '/home/labster/Desktop/ogmen_ws/src/build/sllidar_ros2' returned '0': CMAKE_PREFIX_PATH=${CMAKE_PREFIX_PATH}:/opt/ros/humble /usr/bin/cmake --install /home/labster/Desktop/ogmen_ws/src/build/sllidar_ros2
[17.380s] Level 1:colcon.colcon_core.environment:checking '/home/labster/Desktop/ogmen_ws/src/install/sllidar_ros2' for CMake config files
[17.380s] Level 1:colcon.colcon_core.shell:create_environment_hook('sllidar_ros2', 'cmake_prefix_path')
[17.381s] INFO:colcon.colcon_core.shell:Creating environment hook '/home/labster/Desktop/ogmen_ws/src/install/sllidar_ros2/share/sllidar_ros2/hook/cmake_prefix_path.ps1'
[17.381s] INFO:colcon.colcon_core.shell:Creating environment descriptor '/home/labster/Desktop/ogmen_ws/src/install/sllidar_ros2/share/sllidar_ros2/hook/cmake_prefix_path.dsv'
[17.382s] INFO:colcon.colcon_core.shell:Creating environment hook '/home/labster/Desktop/ogmen_ws/src/install/sllidar_ros2/share/sllidar_ros2/hook/cmake_prefix_path.sh'
[17.383s] Level 1:colcon.colcon_core.environment:checking '/home/labster/Desktop/ogmen_ws/src/install/sllidar_ros2/lib'
[17.383s] Level 1:colcon.colcon_core.environment:checking '/home/labster/Desktop/ogmen_ws/src/install/sllidar_ros2/bin'
[17.383s] Level 1:colcon.colcon_core.environment:checking '/home/labster/Desktop/ogmen_ws/src/install/sllidar_ros2/lib/pkgconfig/sllidar_ros2.pc'
[17.384s] Level 1:colcon.colcon_core.environment:checking '/home/labster/Desktop/ogmen_ws/src/install/sllidar_ros2/lib/python3.10/site-packages'
[17.384s] Level 1:colcon.colcon_core.environment:checking '/home/labster/Desktop/ogmen_ws/src/install/sllidar_ros2/bin'
[17.385s] INFO:colcon.colcon_core.shell:Creating package script '/home/labster/Desktop/ogmen_ws/src/install/sllidar_ros2/share/sllidar_ros2/package.ps1'
[17.386s] INFO:colcon.colcon_core.shell:Creating package descriptor '/home/labster/Desktop/ogmen_ws/src/install/sllidar_ros2/share/sllidar_ros2/package.dsv'
[17.386s] INFO:colcon.colcon_core.shell:Creating package script '/home/labster/Desktop/ogmen_ws/src/install/sllidar_ros2/share/sllidar_ros2/package.sh'
[17.387s] INFO:colcon.colcon_core.shell:Creating package script '/home/labster/Desktop/ogmen_ws/src/install/sllidar_ros2/share/sllidar_ros2/package.bash'
[17.388s] INFO:colcon.colcon_core.shell:Creating package script '/home/labster/Desktop/ogmen_ws/src/install/sllidar_ros2/share/sllidar_ros2/package.zsh'
[17.388s] Level 1:colcon.colcon_core.environment:create_file_with_runtime_dependencies(/home/labster/Desktop/ogmen_ws/src/install/sllidar_ros2/share/colcon-core/packages/sllidar_ros2)
[17.542s] Level 1:colcon.colcon_core.environment:create_environment_scripts_only(sllidar_ros2)
[17.542s] Level 1:colcon.colcon_core.environment:checking '/home/labster/Desktop/ogmen_ws/src/install/sllidar_ros2' for CMake module files
[17.543s] Level 1:colcon.colcon_core.environment:checking '/home/labster/Desktop/ogmen_ws/src/install/sllidar_ros2' for CMake config files
[17.544s] Level 1:colcon.colcon_core.shell:create_environment_hook('sllidar_ros2', 'cmake_prefix_path')
[17.544s] INFO:colcon.colcon_core.shell:Creating environment hook '/home/labster/Desktop/ogmen_ws/src/install/sllidar_ros2/share/sllidar_ros2/hook/cmake_prefix_path.ps1'
[17.545s] INFO:colcon.colcon_core.shell:Creating environment descriptor '/home/labster/Desktop/ogmen_ws/src/install/sllidar_ros2/share/sllidar_ros2/hook/cmake_prefix_path.dsv'
[17.546s] INFO:colcon.colcon_core.shell:Creating environment hook '/home/labster/Desktop/ogmen_ws/src/install/sllidar_ros2/share/sllidar_ros2/hook/cmake_prefix_path.sh'
[17.547s] Level 1:colcon.colcon_core.environment:checking '/home/labster/Desktop/ogmen_ws/src/install/sllidar_ros2/lib'
[17.547s] Level 1:colcon.colcon_core.environment:checking '/home/labster/Desktop/ogmen_ws/src/install/sllidar_ros2/bin'
[17.547s] Level 1:colcon.colcon_core.environment:checking '/home/labster/Desktop/ogmen_ws/src/install/sllidar_ros2/lib/pkgconfig/sllidar_ros2.pc'
[17.548s] Level 1:colcon.colcon_core.environment:checking '/home/labster/Desktop/ogmen_ws/src/install/sllidar_ros2/lib/python3.10/site-packages'
[17.548s] Level 1:colcon.colcon_core.environment:checking '/home/labster/Desktop/ogmen_ws/src/install/sllidar_ros2/bin'
[17.549s] INFO:colcon.colcon_core.shell:Creating package script '/home/labster/Desktop/ogmen_ws/src/install/sllidar_ros2/share/sllidar_ros2/package.ps1'
[17.549s] INFO:colcon.colcon_core.shell:Creating package descriptor '/home/labster/Desktop/ogmen_ws/src/install/sllidar_ros2/share/sllidar_ros2/package.dsv'
[17.550s] INFO:colcon.colcon_core.shell:Creating package script '/home/labster/Desktop/ogmen_ws/src/install/sllidar_ros2/share/sllidar_ros2/package.sh'
[17.551s] INFO:colcon.colcon_core.shell:Creating package script '/home/labster/Desktop/ogmen_ws/src/install/sllidar_ros2/share/sllidar_ros2/package.bash'
[17.552s] INFO:colcon.colcon_core.shell:Creating package script '/home/labster/Desktop/ogmen_ws/src/install/sllidar_ros2/share/sllidar_ros2/package.zsh'
[17.553s] Level 1:colcon.colcon_core.environment:create_file_with_runtime_dependencies(/home/labster/Desktop/ogmen_ws/src/install/sllidar_ros2/share/colcon-core/packages/sllidar_ros2)
[17.553s] DEBUG:colcon.colcon_parallel_executor.executor.parallel:closing loop
[17.554s] DEBUG:colcon.colcon_parallel_executor.executor.parallel:loop closed
[17.554s] DEBUG:colcon.colcon_parallel_executor.executor.parallel:run_until_complete finished with '0'
[17.555s] DEBUG:colcon.colcon_core.event_reactor:joining thread
[17.606s] INFO:colcon.colcon_core.plugin_system:Skipping extension 'colcon_notification.desktop_notification.terminal_notifier': Not used on non-Darwin systems
[17.606s] INFO:colcon.colcon_core.plugin_system:Skipping extension 'colcon_notification.desktop_notification.win32': Not used on non-Windows systems
[17.607s] INFO:colcon.colcon_notification.desktop_notification:Sending desktop notification using 'notify2'
[17.621s] DEBUG:colcon.colcon_core.event_reactor:joined thread
[17.621s] INFO:colcon.colcon_core.shell:Creating prefix script '/home/labster/Desktop/ogmen_ws/src/install/local_setup.ps1'
[17.625s] INFO:colcon.colcon_core.shell:Creating prefix util module '/home/labster/Desktop/ogmen_ws/src/install/_local_setup_util_ps1.py'
[17.629s] INFO:colcon.colcon_core.shell:Creating prefix chain script '/home/labster/Desktop/ogmen_ws/src/install/setup.ps1'
[17.639s] INFO:colcon.colcon_core.shell:Creating prefix script '/home/labster/Desktop/ogmen_ws/src/install/local_setup.sh'
[17.641s] INFO:colcon.colcon_core.shell:Creating prefix util module '/home/labster/Desktop/ogmen_ws/src/install/_local_setup_util_sh.py'
[17.642s] INFO:colcon.colcon_core.shell:Creating prefix chain script '/home/labster/Desktop/ogmen_ws/src/install/setup.sh'
[17.645s] INFO:colcon.colcon_core.shell:Creating prefix script '/home/labster/Desktop/ogmen_ws/src/install/local_setup.bash'
[17.647s] INFO:colcon.colcon_core.shell:Creating prefix chain script '/home/labster/Desktop/ogmen_ws/src/install/setup.bash'
[17.650s] INFO:colcon.colcon_core.shell:Creating prefix script '/home/labster/Desktop/ogmen_ws/src/install/local_setup.zsh'
[17.651s] INFO:colcon.colcon_core.shell:Creating prefix chain script '/home/labster/Desktop/ogmen_ws/src/install/setup.zsh'
