[0.714s] Invoking command in '/home/labster/Desktop/ogmen_ws/src/ogmen_description': PYTHONPATH=/home/labster/Desktop/ogmen_ws/build/ogmen_description/prefix_override:/home/labster/Desktop/ogmen_ws/install/ogmen_description/lib/python3.10/site-packages:${PYTHONPATH} /usr/bin/python3 -W ignore:setup.py install is deprecated setup.py egg_info --egg-base ../../build/ogmen_description build --build-base /home/labster/Desktop/ogmen_ws/build/ogmen_description/build install --record /home/labster/Desktop/ogmen_ws/build/ogmen_description/install.log --install-scripts $base/lib/ogmen_description --single-version-externally-managed install_data
[0.910s] /usr/lib/python3/dist-packages/setuptools/dist.py:723: UserWarning: Usage of dash-separated 'script-dir' will not be supported in future versions. Please use the underscore name 'script_dir' instead
[0.910s]   warnings.warn(
[0.916s] running egg_info
[0.917s] writing ../../build/ogmen_description/ogmen_description.egg-info/PKG-INFO
[0.917s] writing dependency_links to ../../build/ogmen_description/ogmen_description.egg-info/dependency_links.txt
[0.918s] writing entry points to ../../build/ogmen_description/ogmen_description.egg-info/entry_points.txt
[0.918s] writing requirements to ../../build/ogmen_description/ogmen_description.egg-info/requires.txt
[0.919s] writing top-level names to ../../build/ogmen_description/ogmen_description.egg-info/top_level.txt
[0.922s] reading manifest file '../../build/ogmen_description/ogmen_description.egg-info/SOURCES.txt'
[0.923s] writing manifest file '../../build/ogmen_description/ogmen_description.egg-info/SOURCES.txt'
[0.923s] running build
[0.923s] running build_py
[0.923s] running install
[0.924s] running install_lib
[0.924s] running install_data
[0.933s] running install_egg_info
[0.935s] removing '/home/labster/Desktop/ogmen_ws/install/ogmen_description/lib/python3.10/site-packages/ogmen_description-0.0.0-py3.10.egg-info' (and everything under it)
[0.935s] Copying ../../build/ogmen_description/ogmen_description.egg-info to /home/labster/Desktop/ogmen_ws/install/ogmen_description/lib/python3.10/site-packages/ogmen_description-0.0.0-py3.10.egg-info
[0.937s] running install_scripts
[0.956s] writing list of installed files to '/home/labster/Desktop/ogmen_ws/build/ogmen_description/install.log'
[0.983s] Invoked command in '/home/labster/Desktop/ogmen_ws/src/ogmen_description' returned '0': PYTHONPATH=/home/labster/Desktop/ogmen_ws/build/ogmen_description/prefix_override:/home/labster/Desktop/ogmen_ws/install/ogmen_description/lib/python3.10/site-packages:${PYTHONPATH} /usr/bin/python3 -W ignore:setup.py install is deprecated setup.py egg_info --egg-base ../../build/ogmen_description build --build-base /home/labster/Desktop/ogmen_ws/build/ogmen_description/build install --record /home/labster/Desktop/ogmen_ws/build/ogmen_description/install.log --install-scripts $base/lib/ogmen_description --single-version-externally-managed install_data
