[0.085s] DEBUG:colcon:Command line arguments: ['/usr/bin/colcon', 'build']
[0.085s] DEBUG:colcon:Parsed command line arguments: Namespace(log_base=None, log_level=None, verb_name='build', build_base='build', install_base='install', merge_install=False, symlink_install=False, test_result_base=None, continue_on_error=False, executor='parallel', parallel_workers=12, event_handlers=None, ignore_user_meta=False, metas=['./colcon.meta'], base_paths=['.'], packages_ignore=None, packages_ignore_regex=None, paths=None, packages_up_to=None, packages_up_to_regex=None, packages_above=None, packages_above_and_dependencies=None, packages_above_depth=None, packages_select_by_dep=None, packages_skip_by_dep=None, packages_skip_up_to=None, packages_select_build_failed=False, packages_skip_build_finished=False, packages_select_test_failures=False, packages_skip_test_passed=False, packages_select=None, packages_skip=None, packages_select_regex=None, packages_skip_regex=None, packages_start=None, packages_end=None, allow_overriding=[], cmake_args=None, cmake_target=None, cmake_target_skip_unavailable=False, cmake_clean_cache=False, cmake_clean_first=False, cmake_force_configure=False, ament_cmake_args=None, catkin_cmake_args=None, catkin_skip_building_tests=False, verb_parser=<colcon_defaults.argument_parser.defaults.DefaultArgumentsDecorator object at 0x70f03d8348b0>, verb_extension=<colcon_core.verb.build.BuildVerb object at 0x70f03d8340d0>, main=<bound method BuildVerb.main of <colcon_core.verb.build.BuildVerb object at 0x70f03d8340d0>>)
[0.223s] Level 1:colcon.colcon_core.package_discovery:discover_packages(colcon_meta) check parameters
[0.223s] Level 1:colcon.colcon_core.package_discovery:discover_packages(recursive) check parameters
[0.223s] Level 1:colcon.colcon_core.package_discovery:discover_packages(ignore) check parameters
[0.223s] Level 1:colcon.colcon_core.package_discovery:discover_packages(path) check parameters
[0.223s] Level 1:colcon.colcon_core.package_discovery:discover_packages(colcon_meta) discover
[0.223s] Level 1:colcon.colcon_core.package_discovery:discover_packages(recursive) discover
[0.223s] INFO:colcon.colcon_core.package_discovery:Crawling recursively for packages in '/home/labster/Desktop/ogmen_ws'
[0.223s] Level 1:colcon.colcon_core.package_identification:_identify(.) by extensions ['ignore', 'ignore_ament_install']
[0.223s] Level 1:colcon.colcon_core.package_identification:_identify(.) by extension 'ignore'
[0.223s] Level 1:colcon.colcon_core.package_identification:_identify(.) by extension 'ignore_ament_install'
[0.223s] Level 1:colcon.colcon_core.package_identification:_identify(.) by extensions ['colcon_pkg']
[0.223s] Level 1:colcon.colcon_core.package_identification:_identify(.) by extension 'colcon_pkg'
[0.223s] Level 1:colcon.colcon_core.package_identification:_identify(.) by extensions ['colcon_meta']
[0.223s] Level 1:colcon.colcon_core.package_identification:_identify(.) by extension 'colcon_meta'
[0.223s] Level 1:colcon.colcon_core.package_identification:_identify(.) by extensions ['ros']
[0.223s] Level 1:colcon.colcon_core.package_identification:_identify(.) by extension 'ros'
[0.233s] Level 1:colcon.colcon_core.package_identification:_identify(.) by extensions ['cmake', 'python']
[0.233s] Level 1:colcon.colcon_core.package_identification:_identify(.) by extension 'cmake'
[0.233s] Level 1:colcon.colcon_core.package_identification:_identify(.) by extension 'python'
[0.233s] Level 1:colcon.colcon_core.package_identification:_identify(.) by extensions ['python_setup_py']
[0.233s] Level 1:colcon.colcon_core.package_identification:_identify(.) by extension 'python_setup_py'
[0.233s] Level 1:colcon.colcon_core.package_identification:_identify(build) by extensions ['ignore', 'ignore_ament_install']
[0.233s] Level 1:colcon.colcon_core.package_identification:_identify(build) by extension 'ignore'
[0.233s] Level 1:colcon.colcon_core.package_identification:_identify(build) ignored
[0.233s] Level 1:colcon.colcon_core.package_identification:_identify(install) by extensions ['ignore', 'ignore_ament_install']
[0.233s] Level 1:colcon.colcon_core.package_identification:_identify(install) by extension 'ignore'
[0.233s] Level 1:colcon.colcon_core.package_identification:_identify(install) ignored
[0.233s] Level 1:colcon.colcon_core.package_identification:_identify(log) by extensions ['ignore', 'ignore_ament_install']
[0.233s] Level 1:colcon.colcon_core.package_identification:_identify(log) by extension 'ignore'
[0.233s] Level 1:colcon.colcon_core.package_identification:_identify(log) ignored
[0.234s] Level 1:colcon.colcon_core.package_identification:_identify(src) by extensions ['ignore', 'ignore_ament_install']
[0.234s] Level 1:colcon.colcon_core.package_identification:_identify(src) by extension 'ignore'
[0.234s] Level 1:colcon.colcon_core.package_identification:_identify(src) by extension 'ignore_ament_install'
[0.234s] Level 1:colcon.colcon_core.package_identification:_identify(src) by extensions ['colcon_pkg']
[0.234s] Level 1:colcon.colcon_core.package_identification:_identify(src) by extension 'colcon_pkg'
[0.234s] Level 1:colcon.colcon_core.package_identification:_identify(src) by extensions ['colcon_meta']
[0.234s] Level 1:colcon.colcon_core.package_identification:_identify(src) by extension 'colcon_meta'
[0.234s] Level 1:colcon.colcon_core.package_identification:_identify(src) by extensions ['ros']
[0.234s] Level 1:colcon.colcon_core.package_identification:_identify(src) by extension 'ros'
[0.234s] Level 1:colcon.colcon_core.package_identification:_identify(src) by extensions ['cmake', 'python']
[0.234s] Level 1:colcon.colcon_core.package_identification:_identify(src) by extension 'cmake'
[0.234s] Level 1:colcon.colcon_core.package_identification:_identify(src) by extension 'python'
[0.234s] Level 1:colcon.colcon_core.package_identification:_identify(src) by extensions ['python_setup_py']
[0.234s] Level 1:colcon.colcon_core.package_identification:_identify(src) by extension 'python_setup_py'
[0.234s] Level 1:colcon.colcon_core.package_identification:_identify(src/build) by extensions ['ignore', 'ignore_ament_install']
[0.234s] Level 1:colcon.colcon_core.package_identification:_identify(src/build) by extension 'ignore'
[0.234s] Level 1:colcon.colcon_core.package_identification:_identify(src/build) ignored
[0.234s] Level 1:colcon.colcon_core.package_identification:_identify(src/install) by extensions ['ignore', 'ignore_ament_install']
[0.234s] Level 1:colcon.colcon_core.package_identification:_identify(src/install) by extension 'ignore'
[0.234s] Level 1:colcon.colcon_core.package_identification:_identify(src/install) ignored
[0.234s] Level 1:colcon.colcon_core.package_identification:_identify(src/log) by extensions ['ignore', 'ignore_ament_install']
[0.235s] Level 1:colcon.colcon_core.package_identification:_identify(src/log) by extension 'ignore'
[0.235s] Level 1:colcon.colcon_core.package_identification:_identify(src/log) ignored
[0.235s] Level 1:colcon.colcon_core.package_identification:_identify(src/ogmen_description) by extensions ['ignore', 'ignore_ament_install']
[0.235s] Level 1:colcon.colcon_core.package_identification:_identify(src/ogmen_description) by extension 'ignore'
[0.235s] Level 1:colcon.colcon_core.package_identification:_identify(src/ogmen_description) by extension 'ignore_ament_install'
[0.235s] Level 1:colcon.colcon_core.package_identification:_identify(src/ogmen_description) by extensions ['colcon_pkg']
[0.235s] Level 1:colcon.colcon_core.package_identification:_identify(src/ogmen_description) by extension 'colcon_pkg'
[0.235s] Level 1:colcon.colcon_core.package_identification:_identify(src/ogmen_description) by extensions ['colcon_meta']
[0.235s] Level 1:colcon.colcon_core.package_identification:_identify(src/ogmen_description) by extension 'colcon_meta'
[0.235s] Level 1:colcon.colcon_core.package_identification:_identify(src/ogmen_description) by extensions ['ros']
[0.235s] Level 1:colcon.colcon_core.package_identification:_identify(src/ogmen_description) by extension 'ros'
[0.237s] DEBUG:colcon.colcon_core.package_identification:Package 'src/ogmen_description' with type 'ros.ament_cmake' and name 'ogmen_description'
[0.237s] Level 1:colcon.colcon_core.package_identification:_identify(src/sllidar_ros2) by extensions ['ignore', 'ignore_ament_install']
[0.237s] Level 1:colcon.colcon_core.package_identification:_identify(src/sllidar_ros2) by extension 'ignore'
[0.237s] Level 1:colcon.colcon_core.package_identification:_identify(src/sllidar_ros2) by extension 'ignore_ament_install'
[0.237s] Level 1:colcon.colcon_core.package_identification:_identify(src/sllidar_ros2) by extensions ['colcon_pkg']
[0.237s] Level 1:colcon.colcon_core.package_identification:_identify(src/sllidar_ros2) by extension 'colcon_pkg'
[0.237s] Level 1:colcon.colcon_core.package_identification:_identify(src/sllidar_ros2) by extensions ['colcon_meta']
[0.237s] Level 1:colcon.colcon_core.package_identification:_identify(src/sllidar_ros2) by extension 'colcon_meta'
[0.238s] Level 1:colcon.colcon_core.package_identification:_identify(src/sllidar_ros2) by extensions ['ros']
[0.238s] Level 1:colcon.colcon_core.package_identification:_identify(src/sllidar_ros2) by extension 'ros'
[0.238s] DEBUG:colcon.colcon_core.package_identification:Package 'src/sllidar_ros2' with type 'ros.ament_cmake' and name 'sllidar_ros2'
[0.238s] Level 1:colcon.colcon_core.package_discovery:discover_packages(recursive) using defaults
[0.238s] Level 1:colcon.colcon_core.package_discovery:discover_packages(ignore) discover
[0.238s] Level 1:colcon.colcon_core.package_discovery:discover_packages(ignore) using defaults
[0.238s] Level 1:colcon.colcon_core.package_discovery:discover_packages(path) discover
[0.238s] Level 1:colcon.colcon_core.package_discovery:discover_packages(path) using defaults
[0.254s] Level 1:colcon.colcon_core.package_discovery:discover_packages(prefix_path) check parameters
[0.254s] Level 1:colcon.colcon_core.package_discovery:discover_packages(prefix_path) discover
[0.255s] DEBUG:colcon.colcon_installed_package_information.package_discovery:Found 2 installed packages in /home/labster/Desktop/ogmen_ws/install
[0.256s] DEBUG:colcon.colcon_installed_package_information.package_discovery:Found 3 installed packages in /home/labster/microros_ws/src/install
[0.257s] DEBUG:colcon.colcon_installed_package_information.package_discovery:Found 280 installed packages in /opt/ros/humble
[0.270s] Level 1:colcon.colcon_core.package_discovery:discover_packages(prefix_path) using defaults
[0.300s] Level 5:colcon.colcon_core.verb:set package 'ogmen_description' build argument 'cmake_args' from command line to 'None'
[0.300s] Level 5:colcon.colcon_core.verb:set package 'ogmen_description' build argument 'cmake_target' from command line to 'None'
[0.300s] Level 5:colcon.colcon_core.verb:set package 'ogmen_description' build argument 'cmake_target_skip_unavailable' from command line to 'False'
[0.301s] Level 5:colcon.colcon_core.verb:set package 'ogmen_description' build argument 'cmake_clean_cache' from command line to 'False'
[0.301s] Level 5:colcon.colcon_core.verb:set package 'ogmen_description' build argument 'cmake_clean_first' from command line to 'False'
[0.301s] Level 5:colcon.colcon_core.verb:set package 'ogmen_description' build argument 'cmake_force_configure' from command line to 'False'
[0.301s] Level 5:colcon.colcon_core.verb:set package 'ogmen_description' build argument 'ament_cmake_args' from command line to 'None'
[0.301s] Level 5:colcon.colcon_core.verb:set package 'ogmen_description' build argument 'catkin_cmake_args' from command line to 'None'
[0.301s] Level 5:colcon.colcon_core.verb:set package 'ogmen_description' build argument 'catkin_skip_building_tests' from command line to 'False'
[0.301s] DEBUG:colcon.colcon_core.verb:Building package 'ogmen_description' with the following arguments: {'ament_cmake_args': None, 'build_base': '/home/labster/Desktop/ogmen_ws/build/ogmen_description', 'catkin_cmake_args': None, 'catkin_skip_building_tests': False, 'cmake_args': None, 'cmake_clean_cache': False, 'cmake_clean_first': False, 'cmake_force_configure': False, 'cmake_target': None, 'cmake_target_skip_unavailable': False, 'install_base': '/home/labster/Desktop/ogmen_ws/install/ogmen_description', 'merge_install': False, 'path': '/home/labster/Desktop/ogmen_ws/src/ogmen_description', 'symlink_install': False, 'test_result_base': None}
[0.301s] Level 5:colcon.colcon_core.verb:set package 'sllidar_ros2' build argument 'cmake_args' from command line to 'None'
[0.301s] Level 5:colcon.colcon_core.verb:set package 'sllidar_ros2' build argument 'cmake_target' from command line to 'None'
[0.301s] Level 5:colcon.colcon_core.verb:set package 'sllidar_ros2' build argument 'cmake_target_skip_unavailable' from command line to 'False'
[0.301s] Level 5:colcon.colcon_core.verb:set package 'sllidar_ros2' build argument 'cmake_clean_cache' from command line to 'False'
[0.301s] Level 5:colcon.colcon_core.verb:set package 'sllidar_ros2' build argument 'cmake_clean_first' from command line to 'False'
[0.301s] Level 5:colcon.colcon_core.verb:set package 'sllidar_ros2' build argument 'cmake_force_configure' from command line to 'False'
[0.301s] Level 5:colcon.colcon_core.verb:set package 'sllidar_ros2' build argument 'ament_cmake_args' from command line to 'None'
[0.301s] Level 5:colcon.colcon_core.verb:set package 'sllidar_ros2' build argument 'catkin_cmake_args' from command line to 'None'
[0.301s] Level 5:colcon.colcon_core.verb:set package 'sllidar_ros2' build argument 'catkin_skip_building_tests' from command line to 'False'
[0.301s] DEBUG:colcon.colcon_core.verb:Building package 'sllidar_ros2' with the following arguments: {'ament_cmake_args': None, 'build_base': '/home/labster/Desktop/ogmen_ws/build/sllidar_ros2', 'catkin_cmake_args': None, 'catkin_skip_building_tests': False, 'cmake_args': None, 'cmake_clean_cache': False, 'cmake_clean_first': False, 'cmake_force_configure': False, 'cmake_target': None, 'cmake_target_skip_unavailable': False, 'install_base': '/home/labster/Desktop/ogmen_ws/install/sllidar_ros2', 'merge_install': False, 'path': '/home/labster/Desktop/ogmen_ws/src/sllidar_ros2', 'symlink_install': False, 'test_result_base': None}
[0.301s] INFO:colcon.colcon_core.executor:Executing jobs using 'parallel' executor
[0.302s] DEBUG:colcon.colcon_parallel_executor.executor.parallel:run_until_complete
[0.302s] INFO:colcon.colcon_ros.task.ament_cmake.build:Building ROS package in '/home/labster/Desktop/ogmen_ws/src/ogmen_description' with build type 'ament_cmake'
[0.303s] INFO:colcon.colcon_cmake.task.cmake.build:Building CMake package in '/home/labster/Desktop/ogmen_ws/src/ogmen_description'
[0.305s] INFO:colcon.colcon_core.plugin_system:Skipping extension 'colcon_core.shell.bat': Not used on non-Windows systems
[0.305s] INFO:colcon.colcon_core.shell:Skip shell extension 'powershell' for command environment: Not usable outside of PowerShell
[0.305s] DEBUG:colcon.colcon_core.shell:Skip shell extension 'dsv' for command environment
[0.320s] INFO:colcon.colcon_ros.task.ament_cmake.build:Building ROS package in '/home/labster/Desktop/ogmen_ws/src/sllidar_ros2' with build type 'ament_cmake'
[0.321s] INFO:colcon.colcon_cmake.task.cmake.build:Building CMake package in '/home/labster/Desktop/ogmen_ws/src/sllidar_ros2'
[0.321s] INFO:colcon.colcon_core.shell:Skip shell extension 'powershell' for command environment: Not usable outside of PowerShell
[0.321s] DEBUG:colcon.colcon_core.shell:Skip shell extension 'dsv' for command environment
[0.518s] DEBUG:colcon.colcon_core.event_handler.log_command:Invoking command in '/home/labster/Desktop/ogmen_ws/build/ogmen_description': CMAKE_PREFIX_PATH=${CMAKE_PREFIX_PATH}:/opt/ros/humble /usr/bin/cmake --build /home/labster/Desktop/ogmen_ws/build/ogmen_description -- -j12 -l12
[0.521s] DEBUG:colcon.colcon_core.event_handler.log_command:Invoking command in '/home/labster/Desktop/ogmen_ws/build/sllidar_ros2': CMAKE_PREFIX_PATH=${CMAKE_PREFIX_PATH}:/opt/ros/humble /usr/bin/cmake --build /home/labster/Desktop/ogmen_ws/build/sllidar_ros2 -- -j12 -l12
[0.589s] DEBUG:colcon.colcon_core.event_handler.log_command:Invoked command in '/home/labster/Desktop/ogmen_ws/build/ogmen_description' returned '0': CMAKE_PREFIX_PATH=${CMAKE_PREFIX_PATH}:/opt/ros/humble /usr/bin/cmake --build /home/labster/Desktop/ogmen_ws/build/ogmen_description -- -j12 -l12
[0.627s] DEBUG:colcon.colcon_core.event_handler.log_command:Invoking command in '/home/labster/Desktop/ogmen_ws/build/ogmen_description': CMAKE_PREFIX_PATH=${CMAKE_PREFIX_PATH}:/opt/ros/humble /usr/bin/cmake --install /home/labster/Desktop/ogmen_ws/build/ogmen_description
[0.629s] DEBUG:colcon.colcon_core.event_handler.log_command:Invoked command in '/home/labster/Desktop/ogmen_ws/build/sllidar_ros2' returned '0': CMAKE_PREFIX_PATH=${CMAKE_PREFIX_PATH}:/opt/ros/humble /usr/bin/cmake --build /home/labster/Desktop/ogmen_ws/build/sllidar_ros2 -- -j12 -l12
[0.669s] Level 1:colcon.colcon_core.environment:create_environment_scripts_only(ogmen_description)
[0.670s] DEBUG:colcon.colcon_core.event_handler.log_command:Invoked command in '/home/labster/Desktop/ogmen_ws/build/ogmen_description' returned '0': CMAKE_PREFIX_PATH=${CMAKE_PREFIX_PATH}:/opt/ros/humble /usr/bin/cmake --install /home/labster/Desktop/ogmen_ws/build/ogmen_description
[0.672s] Level 1:colcon.colcon_core.environment:checking '/home/labster/Desktop/ogmen_ws/install/ogmen_description' for CMake module files
[0.672s] Level 1:colcon.colcon_core.environment:checking '/home/labster/Desktop/ogmen_ws/install/ogmen_description' for CMake config files
[0.672s] Level 1:colcon.colcon_core.shell:create_environment_hook('ogmen_description', 'cmake_prefix_path')
[0.673s] INFO:colcon.colcon_core.shell:Creating environment hook '/home/labster/Desktop/ogmen_ws/install/ogmen_description/share/ogmen_description/hook/cmake_prefix_path.ps1'
[0.704s] INFO:colcon.colcon_core.shell:Creating environment descriptor '/home/labster/Desktop/ogmen_ws/install/ogmen_description/share/ogmen_description/hook/cmake_prefix_path.dsv'
[0.705s] INFO:colcon.colcon_core.shell:Creating environment hook '/home/labster/Desktop/ogmen_ws/install/ogmen_description/share/ogmen_description/hook/cmake_prefix_path.sh'
[0.706s] Level 1:colcon.colcon_core.environment:checking '/home/labster/Desktop/ogmen_ws/install/ogmen_description/bin'
[0.706s] Level 1:colcon.colcon_core.environment:checking '/home/labster/Desktop/ogmen_ws/install/ogmen_description/lib/pkgconfig/ogmen_description.pc'
[0.706s] Level 1:colcon.colcon_core.environment:checking '/home/labster/Desktop/ogmen_ws/install/ogmen_description/lib/python3.10/site-packages'
[0.706s] Level 1:colcon.colcon_core.environment:checking '/home/labster/Desktop/ogmen_ws/install/ogmen_description/bin'
[0.707s] INFO:colcon.colcon_core.shell:Creating package script '/home/labster/Desktop/ogmen_ws/install/ogmen_description/share/ogmen_description/package.ps1'
[0.707s] INFO:colcon.colcon_core.shell:Creating package descriptor '/home/labster/Desktop/ogmen_ws/install/ogmen_description/share/ogmen_description/package.dsv'
[0.708s] INFO:colcon.colcon_core.shell:Creating package script '/home/labster/Desktop/ogmen_ws/install/ogmen_description/share/ogmen_description/package.sh'
[0.708s] INFO:colcon.colcon_core.shell:Creating package script '/home/labster/Desktop/ogmen_ws/install/ogmen_description/share/ogmen_description/package.bash'
[0.709s] INFO:colcon.colcon_core.shell:Creating package script '/home/labster/Desktop/ogmen_ws/install/ogmen_description/share/ogmen_description/package.zsh'
[0.709s] Level 1:colcon.colcon_core.environment:create_file_with_runtime_dependencies(/home/labster/Desktop/ogmen_ws/install/ogmen_description/share/colcon-core/packages/ogmen_description)
[0.712s] DEBUG:colcon.colcon_core.event_handler.log_command:Invoking command in '/home/labster/Desktop/ogmen_ws/build/sllidar_ros2': CMAKE_PREFIX_PATH=${CMAKE_PREFIX_PATH}:/opt/ros/humble /usr/bin/cmake --install /home/labster/Desktop/ogmen_ws/build/sllidar_ros2
[0.736s] Level 1:colcon.colcon_core.environment:create_environment_scripts_only(ogmen_description)
[0.737s] Level 1:colcon.colcon_core.environment:checking '/home/labster/Desktop/ogmen_ws/install/ogmen_description' for CMake module files
[0.738s] Level 1:colcon.colcon_core.environment:checking '/home/labster/Desktop/ogmen_ws/install/ogmen_description' for CMake config files
[0.738s] Level 1:colcon.colcon_core.shell:create_environment_hook('ogmen_description', 'cmake_prefix_path')
[0.738s] INFO:colcon.colcon_core.shell:Creating environment hook '/home/labster/Desktop/ogmen_ws/install/ogmen_description/share/ogmen_description/hook/cmake_prefix_path.ps1'
[1.858s] INFO:colcon.colcon_core.shell:Creating environment descriptor '/home/labster/Desktop/ogmen_ws/install/ogmen_description/share/ogmen_description/hook/cmake_prefix_path.dsv'
[1.859s] INFO:colcon.colcon_core.shell:Creating environment hook '/home/labster/Desktop/ogmen_ws/install/ogmen_description/share/ogmen_description/hook/cmake_prefix_path.sh'
[2.174s] Level 1:colcon.colcon_core.environment:checking '/home/labster/Desktop/ogmen_ws/install/ogmen_description/bin'
[2.174s] Level 1:colcon.colcon_core.environment:checking '/home/labster/Desktop/ogmen_ws/install/ogmen_description/lib/pkgconfig/ogmen_description.pc'
[2.175s] Level 1:colcon.colcon_core.environment:checking '/home/labster/Desktop/ogmen_ws/install/ogmen_description/lib/python3.10/site-packages'
[2.175s] Level 1:colcon.colcon_core.environment:checking '/home/labster/Desktop/ogmen_ws/install/ogmen_description/bin'
[2.176s] INFO:colcon.colcon_core.shell:Creating package script '/home/labster/Desktop/ogmen_ws/install/ogmen_description/share/ogmen_description/package.ps1'
[2.177s] INFO:colcon.colcon_core.shell:Creating package descriptor '/home/labster/Desktop/ogmen_ws/install/ogmen_description/share/ogmen_description/package.dsv'
[2.178s] INFO:colcon.colcon_core.shell:Creating package script '/home/labster/Desktop/ogmen_ws/install/ogmen_description/share/ogmen_description/package.sh'
[2.179s] INFO:colcon.colcon_core.shell:Creating package script '/home/labster/Desktop/ogmen_ws/install/ogmen_description/share/ogmen_description/package.bash'
[2.179s] INFO:colcon.colcon_core.shell:Creating package script '/home/labster/Desktop/ogmen_ws/install/ogmen_description/share/ogmen_description/package.zsh'
[2.180s] Level 1:colcon.colcon_core.environment:create_file_with_runtime_dependencies(/home/labster/Desktop/ogmen_ws/install/ogmen_description/share/colcon-core/packages/ogmen_description)
[2.182s] Level 1:colcon.colcon_core.environment:create_environment_scripts_only(sllidar_ros2)
[2.183s] Level 1:colcon.colcon_core.environment:checking '/home/labster/Desktop/ogmen_ws/install/sllidar_ros2' for CMake module files
[2.184s] Level 1:colcon.colcon_core.environment:checking '/home/labster/Desktop/ogmen_ws/install/sllidar_ros2' for CMake config files
[2.185s] Level 1:colcon.colcon_core.shell:create_environment_hook('sllidar_ros2', 'cmake_prefix_path')
[2.185s] INFO:colcon.colcon_core.shell:Creating environment hook '/home/labster/Desktop/ogmen_ws/install/sllidar_ros2/share/sllidar_ros2/hook/cmake_prefix_path.ps1'
[2.186s] INFO:colcon.colcon_core.shell:Creating environment descriptor '/home/labster/Desktop/ogmen_ws/install/sllidar_ros2/share/sllidar_ros2/hook/cmake_prefix_path.dsv'
[2.187s] INFO:colcon.colcon_core.shell:Creating environment hook '/home/labster/Desktop/ogmen_ws/install/sllidar_ros2/share/sllidar_ros2/hook/cmake_prefix_path.sh'
[2.188s] Level 1:colcon.colcon_core.environment:checking '/home/labster/Desktop/ogmen_ws/install/sllidar_ros2/lib'
[2.188s] Level 1:colcon.colcon_core.environment:checking '/home/labster/Desktop/ogmen_ws/install/sllidar_ros2/bin'
[2.189s] Level 1:colcon.colcon_core.environment:checking '/home/labster/Desktop/ogmen_ws/install/sllidar_ros2/lib/pkgconfig/sllidar_ros2.pc'
[2.189s] Level 1:colcon.colcon_core.environment:checking '/home/labster/Desktop/ogmen_ws/install/sllidar_ros2/lib/python3.10/site-packages'
[2.189s] Level 1:colcon.colcon_core.environment:checking '/home/labster/Desktop/ogmen_ws/install/sllidar_ros2/bin'
[2.190s] INFO:colcon.colcon_core.shell:Creating package script '/home/labster/Desktop/ogmen_ws/install/sllidar_ros2/share/sllidar_ros2/package.ps1'
[2.191s] INFO:colcon.colcon_core.shell:Creating package descriptor '/home/labster/Desktop/ogmen_ws/install/sllidar_ros2/share/sllidar_ros2/package.dsv'
[2.192s] INFO:colcon.colcon_core.shell:Creating package script '/home/labster/Desktop/ogmen_ws/install/sllidar_ros2/share/sllidar_ros2/package.sh'
[2.193s] INFO:colcon.colcon_core.shell:Creating package script '/home/labster/Desktop/ogmen_ws/install/sllidar_ros2/share/sllidar_ros2/package.bash'
[2.193s] INFO:colcon.colcon_core.shell:Creating package script '/home/labster/Desktop/ogmen_ws/install/sllidar_ros2/share/sllidar_ros2/package.zsh'
[2.194s] Level 1:colcon.colcon_core.environment:create_file_with_runtime_dependencies(/home/labster/Desktop/ogmen_ws/install/sllidar_ros2/share/colcon-core/packages/sllidar_ros2)
[2.379s] Level 1:colcon.colcon_core.environment:create_environment_scripts_only(sllidar_ros2)
[2.380s] Level 1:colcon.colcon_core.environment:checking '/home/labster/Desktop/ogmen_ws/install/sllidar_ros2' for CMake module files
[2.381s] Level 1:colcon.colcon_core.environment:checking '/home/labster/Desktop/ogmen_ws/install/sllidar_ros2' for CMake config files
[2.382s] Level 1:colcon.colcon_core.shell:create_environment_hook('sllidar_ros2', 'cmake_prefix_path')
[2.382s] INFO:colcon.colcon_core.shell:Creating environment hook '/home/labster/Desktop/ogmen_ws/install/sllidar_ros2/share/sllidar_ros2/hook/cmake_prefix_path.ps1'
[2.750s] INFO:colcon.colcon_core.shell:Creating environment descriptor '/home/labster/Desktop/ogmen_ws/install/sllidar_ros2/share/sllidar_ros2/hook/cmake_prefix_path.dsv'
[2.751s] INFO:colcon.colcon_core.shell:Creating environment hook '/home/labster/Desktop/ogmen_ws/install/sllidar_ros2/share/sllidar_ros2/hook/cmake_prefix_path.sh'
[2.752s] Level 1:colcon.colcon_core.environment:checking '/home/labster/Desktop/ogmen_ws/install/sllidar_ros2/lib'
[2.752s] Level 1:colcon.colcon_core.environment:checking '/home/labster/Desktop/ogmen_ws/install/sllidar_ros2/bin'
[2.752s] Level 1:colcon.colcon_core.environment:checking '/home/labster/Desktop/ogmen_ws/install/sllidar_ros2/lib/pkgconfig/sllidar_ros2.pc'
[2.753s] Level 1:colcon.colcon_core.environment:checking '/home/labster/Desktop/ogmen_ws/install/sllidar_ros2/lib/python3.10/site-packages'
[2.753s] Level 1:colcon.colcon_core.environment:checking '/home/labster/Desktop/ogmen_ws/install/sllidar_ros2/bin'
[2.754s] INFO:colcon.colcon_core.shell:Creating package script '/home/labster/Desktop/ogmen_ws/install/sllidar_ros2/share/sllidar_ros2/package.ps1'
[2.755s] INFO:colcon.colcon_core.shell:Creating package descriptor '/home/labster/Desktop/ogmen_ws/install/sllidar_ros2/share/sllidar_ros2/package.dsv'
[2.756s] INFO:colcon.colcon_core.shell:Creating package script '/home/labster/Desktop/ogmen_ws/install/sllidar_ros2/share/sllidar_ros2/package.sh'
[2.756s] INFO:colcon.colcon_core.shell:Creating package script '/home/labster/Desktop/ogmen_ws/install/sllidar_ros2/share/sllidar_ros2/package.bash'
[2.757s] INFO:colcon.colcon_core.shell:Creating package script '/home/labster/Desktop/ogmen_ws/install/sllidar_ros2/share/sllidar_ros2/package.zsh'
[2.758s] Level 1:colcon.colcon_core.environment:create_file_with_runtime_dependencies(/home/labster/Desktop/ogmen_ws/install/sllidar_ros2/share/colcon-core/packages/sllidar_ros2)
[2.758s] DEBUG:colcon.colcon_parallel_executor.executor.parallel:closing loop
[2.759s] DEBUG:colcon.colcon_parallel_executor.executor.parallel:loop closed
[2.759s] DEBUG:colcon.colcon_parallel_executor.executor.parallel:run_until_complete finished with '0'
[2.759s] DEBUG:colcon.colcon_core.event_reactor:joining thread
[2.996s] DEBUG:colcon.colcon_core.event_handler.log_command:Invoked command in '/home/labster/Desktop/ogmen_ws/build/sllidar_ros2' returned '0': CMAKE_PREFIX_PATH=${CMAKE_PREFIX_PATH}:/opt/ros/humble /usr/bin/cmake --install /home/labster/Desktop/ogmen_ws/build/sllidar_ros2
[3.388s] INFO:colcon.colcon_core.plugin_system:Skipping extension 'colcon_notification.desktop_notification.terminal_notifier': Not used on non-Darwin systems
[3.388s] INFO:colcon.colcon_core.plugin_system:Skipping extension 'colcon_notification.desktop_notification.win32': Not used on non-Windows systems
[3.389s] INFO:colcon.colcon_notification.desktop_notification:Sending desktop notification using 'notify2'
[3.413s] DEBUG:colcon.colcon_core.event_reactor:joined thread
[3.413s] INFO:colcon.colcon_core.shell:Creating prefix script '/home/labster/Desktop/ogmen_ws/install/local_setup.ps1'
[4.035s] INFO:colcon.colcon_core.shell:Creating prefix util module '/home/labster/Desktop/ogmen_ws/install/_local_setup_util_ps1.py'
[4.038s] INFO:colcon.colcon_core.shell:Creating prefix chain script '/home/labster/Desktop/ogmen_ws/install/setup.ps1'
[4.041s] INFO:colcon.colcon_core.shell:Creating prefix script '/home/labster/Desktop/ogmen_ws/install/local_setup.sh'
[4.042s] INFO:colcon.colcon_core.shell:Creating prefix util module '/home/labster/Desktop/ogmen_ws/install/_local_setup_util_sh.py'
[4.043s] INFO:colcon.colcon_core.shell:Creating prefix chain script '/home/labster/Desktop/ogmen_ws/install/setup.sh'
[4.045s] INFO:colcon.colcon_core.shell:Creating prefix script '/home/labster/Desktop/ogmen_ws/install/local_setup.bash'
[4.046s] INFO:colcon.colcon_core.shell:Creating prefix chain script '/home/labster/Desktop/ogmen_ws/install/setup.bash'
[4.048s] INFO:colcon.colcon_core.shell:Creating prefix script '/home/labster/Desktop/ogmen_ws/install/local_setup.zsh'
[4.049s] INFO:colcon.colcon_core.shell:Creating prefix chain script '/home/labster/Desktop/ogmen_ws/install/setup.zsh'
