running egg_info
writing ../../build/ogmen_description/ogmen_description.egg-info/PKG-INFO
writing dependency_links to ../../build/ogmen_description/ogmen_description.egg-info/dependency_links.txt
writing entry points to ../../build/ogmen_description/ogmen_description.egg-info/entry_points.txt
writing requirements to ../../build/ogmen_description/ogmen_description.egg-info/requires.txt
writing top-level names to ../../build/ogmen_description/ogmen_description.egg-info/top_level.txt
reading manifest file '../../build/ogmen_description/ogmen_description.egg-info/SOURCES.txt'
writing manifest file '../../build/ogmen_description/ogmen_description.egg-info/SOURCES.txt'
running build
running build_py
copying ogmen_description/reading_laser.py -> /home/labster/Desktop/ogmen_ws/build/ogmen_description/build/lib/ogmen_description
copying ogmen_description/move.py -> /home/labster/Desktop/ogmen_ws/build/ogmen_description/build/lib/ogmen_description
running install
running install_lib
copying /home/labster/Desktop/ogmen_ws/build/ogmen_description/build/lib/ogmen_description/reading_laser.py -> /home/labster/Desktop/ogmen_ws/install/ogmen_description/lib/python3.10/site-packages/ogmen_description
copying /home/labster/Desktop/ogmen_ws/build/ogmen_description/build/lib/ogmen_description/move.py -> /home/labster/Desktop/ogmen_ws/install/ogmen_description/lib/python3.10/site-packages/ogmen_description
byte-compiling /home/labster/Desktop/ogmen_ws/install/ogmen_description/lib/python3.10/site-packages/ogmen_description/reading_laser.py to reading_laser.cpython-310.pyc
byte-compiling /home/labster/Desktop/ogmen_ws/install/ogmen_description/lib/python3.10/site-packages/ogmen_description/move.py to move.cpython-310.pyc
running install_data
copying launch/spawn.launch.py -> /home/labster/Desktop/ogmen_ws/install/ogmen_description/share/ogmen_description/launch
copying launch/rviz.launch.py -> /home/labster/Desktop/ogmen_ws/install/ogmen_description/share/ogmen_description/launch
running install_egg_info
removing '/home/labster/Desktop/ogmen_ws/install/ogmen_description/lib/python3.10/site-packages/ogmen_description-0.0.0-py3.10.egg-info' (and everything under it)
Copying ../../build/ogmen_description/ogmen_description.egg-info to /home/labster/Desktop/ogmen_ws/install/ogmen_description/lib/python3.10/site-packages/ogmen_description-0.0.0-py3.10.egg-info
running install_scripts
Installing filter script to /home/labster/Desktop/ogmen_ws/install/ogmen_description/lib/ogmen_description
Installing mover script to /home/labster/Desktop/ogmen_ws/install/ogmen_description/lib/ogmen_description
writing list of installed files to '/home/labster/Desktop/ogmen_ws/build/ogmen_description/install.log'
