[0.043s] Invoking command in '/home/labster/Desktop/ogmen_ws/src/build/ogmen_description': CMAKE_PREFIX_PATH=${CMAKE_PREFIX_PATH}:/opt/ros/humble /usr/bin/cmake /home/labster/Desktop/ogmen_ws/src/ogmen_description -DAMENT_CMAKE_SYMLINK_INSTALL=1 -DCMAKE_INSTALL_PREFIX=/home/labster/Desktop/ogmen_ws/src/install/ogmen_description
[0.338s] -- The C compiler identification is GNU 11.4.0
[0.494s] -- The CXX compiler identification is GNU 11.4.0
[0.523s] -- Detecting C compiler ABI info
[0.650s] -- Detecting C compiler ABI info - done
[0.656s] -- Check for working C compiler: /usr/bin/cc - skipped
[0.657s] -- Detecting C compile features
[0.657s] -- Detecting C compile features - done
[0.660s] -- Detecting CXX compiler ABI info
[0.780s] -- Detecting CXX compiler ABI info - done
[0.786s] -- Check for working CXX compiler: /usr/bin/c++ - skipped
[0.787s] -- Detecting CXX compile features
[0.787s] -- Detecting CXX compile features - done
[0.820s] -- Found ament_cmake: 1.3.8 (/opt/ros/humble/share/ament_cmake/cmake)
[1.091s] -- Found Python3: /usr/bin/python3 (found version "3.10.12") found components: Interpreter 
[1.183s] -- Override CMake install command with custom implementation using symlinks instead of copying resources
[1.336s] -- Found urdf: 2.6.0 (/opt/ros/humble/share/urdf/cmake)
[1.704s] -- Found xacro: 2.0.8 (/opt/ros/humble/share/xacro/cmake)
[1.765s] [33mCMake Warning (dev) at /usr/share/cmake-3.22/Modules/FindPackageHandleStandardArgs.cmake:438 (message):
[1.765s]   The package name passed to `find_package_handle_standard_args` (PkgConfig)
[1.765s]   does not match the name of the calling package (gazebo).  This can lead to
[1.766s]   problems in calling code that expects `find_package` result variables
[1.766s]   (e.g., `_FOUND`) to follow a certain pattern.
[1.766s] Call Stack (most recent call first):
[1.766s]   /usr/share/cmake-3.22/Modules/FindPkgConfig.cmake:99 (find_package_handle_standard_args)
[1.766s]   /usr/lib/x86_64-linux-gnu/cmake/gazebo/gazebo-config.cmake:72 (include)
[1.766s]   CMakeLists.txt:12 (find_package)
[1.767s] This warning is for project developers.  Use -Wno-dev to suppress it.
[1.767s] [0m
[1.767s] -- Found PkgConfig: /usr/bin/pkg-config (found version "0.29.2") 
[1.774s] -- Checking for module 'bullet>=2.82'
[1.817s] --   Found bullet, version 3.05
[2.124s] -- Found fcl: /usr/include (found suitable version "0.7.0", minimum required is "0.5.0") 
[2.229s] -- Found assimp: /usr/include (found version "5.2.0") 
[2.446s] -- Found DART: /usr/include (Required is at least version "6.6") found components: dart 
[2.883s] -- Found Boost: /usr/lib/x86_64-linux-gnu/cmake/Boost-1.74.0/BoostConfig.cmake (found suitable version "1.74.0", minimum required is "1.40.0") found components: thread system filesystem program_options regex iostreams date_time 
[2.907s] -- Found Protobuf: /usr/lib/x86_64-linux-gnu/libprotobuf.so (found version "3.12.4") 
[2.928s] -- Looking for ignition-math6 -- found version 6.15.1
[2.957s] -- Searching for dependencies of ignition-math6
[2.964s] -- Looking for OGRE...
[2.964s] -- OGRE_PREFIX_WATCH changed.
[2.970s] -- Checking for module 'OGRE'
[2.992s] --   Found OGRE, version 1.9.0
[3.051s] -- Found Ogre Ghadamon (1.9.0)
[3.065s] -- Found OGRE: optimized;/usr/lib/x86_64-linux-gnu/libOgreMain.so;debug;/usr/lib/x86_64-linux-gnu/libOgreMain.so
[3.075s] -- Looking for OGRE_Paging...
[3.082s] -- Found OGRE_Paging: optimized;/usr/lib/x86_64-linux-gnu/libOgrePaging.so;debug;/usr/lib/x86_64-linux-gnu/libOgrePaging.so
[3.082s] -- Looking for OGRE_Terrain...
[3.087s] -- Found OGRE_Terrain: optimized;/usr/lib/x86_64-linux-gnu/libOgreTerrain.so;debug;/usr/lib/x86_64-linux-gnu/libOgreTerrain.so
[3.087s] -- Looking for OGRE_Property...
[3.093s] -- Found OGRE_Property: optimized;/usr/lib/x86_64-linux-gnu/libOgreProperty.so;debug;/usr/lib/x86_64-linux-gnu/libOgreProperty.so
[3.093s] -- Looking for OGRE_RTShaderSystem...
[3.099s] -- Found OGRE_RTShaderSystem: optimized;/usr/lib/x86_64-linux-gnu/libOgreRTShaderSystem.so;debug;/usr/lib/x86_64-linux-gnu/libOgreRTShaderSystem.so
[3.099s] -- Looking for OGRE_Volume...
[3.104s] -- Found OGRE_Volume: optimized;/usr/lib/x86_64-linux-gnu/libOgreVolume.so;debug;/usr/lib/x86_64-linux-gnu/libOgreVolume.so
[3.104s] -- Looking for OGRE_Overlay...
[3.111s] -- Found OGRE_Overlay: optimized;/usr/lib/x86_64-linux-gnu/libOgreOverlay.so;debug;/usr/lib/x86_64-linux-gnu/libOgreOverlay.so
[3.252s] -- Looking for ignition-math6 -- found version 6.15.1
[3.268s] -- Looking for ignition-transport8 -- found version 8.2.1
[3.269s] -- Searching for dependencies of ignition-transport8
[3.295s] -- Found Protobuf: /usr/lib/x86_64-linux-gnu/libprotobuf.so (found suitable version "3.12.4", minimum required is "3") 
[3.312s] -- Config-file not installed for ZeroMQ -- checking for pkg-config
[3.320s] -- Checking for module 'libzmq >= 4'
[3.360s] --   Found libzmq , version 4.3.4
[3.437s] -- Found ZeroMQ: TRUE (Required is at least version "4") 
[3.451s] -- Checking for module 'uuid'
[3.483s] --   Found uuid, version 2.37.2
[3.557s] -- Found UUID: TRUE  
[3.567s] -- Looking for ignition-msgs5 -- found version 5.8.1
[3.568s] -- Searching for dependencies of ignition-msgs5
[3.615s] -- Looking for ignition-math6 -- found version 6.15.1
[3.627s] -- Checking for module 'tinyxml2'
[3.657s] --   Found tinyxml2, version 9.0.0
[3.735s] -- Looking for ignition-msgs5 -- found version 5.8.1
[3.749s] -- Looking for ignition-common3 -- found version 3.14.0
[3.749s] -- Searching for dependencies of ignition-common3
[3.752s] -- Looking for dlfcn.h - found
[3.753s] -- Looking for libdl - found
[3.755s] -- Found DL: TRUE  
[3.786s] -- Found tinyobjloader: /usr/lib/x86_64-linux-gnu/cmake/tinyobjloader/tinyobjloader-config.cmake (found version "2.0.0") 
[3.789s] -- Searching for <ignition-common3> component [graphics]
[3.800s] -- Looking for ignition-common3-graphics -- found version 3.14.0
[3.801s] -- Searching for dependencies of ignition-common3-graphics
[3.801s] -- Looking for ignition-math6 -- found version 6.15.1
[3.814s] -- Looking for ignition-fuel_tools4 -- found version 4.4.0
[3.815s] -- Searching for dependencies of ignition-fuel_tools4
[3.990s] -- Found CURL: /usr/lib/x86_64-linux-gnu/libcurl.so (found version "7.81.0")  
[4.019s] -- Checking for module 'jsoncpp'
[4.050s] --   Found jsoncpp, version 1.9.5
[4.109s] -- Found JSONCPP: TRUE  
[4.122s] -- Checking for module 'libzip'
[4.146s] --   Found libzip, version 1.7.3
[4.203s] -- Found ZIP: TRUE  
[4.203s] -- Looking for ignition-common3 -- found version 3.14.0
[4.204s] -- Looking for ignition-math6 -- found version 6.15.1
[4.204s] -- Looking for ignition-msgs5 -- found version 5.8.1
[4.241s] -- Found gazebo_ros_pkgs: 3.7.0 (/opt/ros/humble/share/gazebo_ros_pkgs/cmake)
[4.306s] -- Found tf2: 0.25.6 (/opt/ros/humble/share/tf2/cmake)
[4.344s] -- Found rosidl_generator_c: 3.1.5 (/opt/ros/humble/share/rosidl_generator_c/cmake)
[4.350s] -- Found rosidl_adapter: 3.1.5 (/opt/ros/humble/share/rosidl_adapter/cmake)
[4.359s] -- Found rosidl_generator_cpp: 3.1.5 (/opt/ros/humble/share/rosidl_generator_cpp/cmake)
[4.375s] -- Using all available rosidl_typesupport_c: rosidl_typesupport_fastrtps_c;rosidl_typesupport_introspection_c
[4.394s] -- Using all available rosidl_typesupport_cpp: rosidl_typesupport_fastrtps_cpp;rosidl_typesupport_introspection_cpp
[4.640s] -- Configuring done
[4.645s] -- Generating done
[4.648s] -- Build files have been written to: /home/labster/Desktop/ogmen_ws/src/build/ogmen_description
[4.663s] Invoked command in '/home/labster/Desktop/ogmen_ws/src/build/ogmen_description' returned '0': CMAKE_PREFIX_PATH=${CMAKE_PREFIX_PATH}:/opt/ros/humble /usr/bin/cmake /home/labster/Desktop/ogmen_ws/src/ogmen_description -DAMENT_CMAKE_SYMLINK_INSTALL=1 -DCMAKE_INSTALL_PREFIX=/home/labster/Desktop/ogmen_ws/src/install/ogmen_description
[4.665s] Invoking command in '/home/labster/Desktop/ogmen_ws/src/build/ogmen_description': CMAKE_PREFIX_PATH=${CMAKE_PREFIX_PATH}:/opt/ros/humble /usr/bin/cmake --build /home/labster/Desktop/ogmen_ws/src/build/ogmen_description -- -j12 -l12
[4.740s] Invoked command in '/home/labster/Desktop/ogmen_ws/src/build/ogmen_description' returned '0': CMAKE_PREFIX_PATH=${CMAKE_PREFIX_PATH}:/opt/ros/humble /usr/bin/cmake --build /home/labster/Desktop/ogmen_ws/src/build/ogmen_description -- -j12 -l12
[4.802s] Invoking command in '/home/labster/Desktop/ogmen_ws/src/build/ogmen_description': CMAKE_PREFIX_PATH=${CMAKE_PREFIX_PATH}:/opt/ros/humble /usr/bin/cmake --install /home/labster/Desktop/ogmen_ws/src/build/ogmen_description
[4.818s] -- Install configuration: ""
[4.820s] -- Execute custom install script
[4.824s] -- Symlinking: /home/labster/Desktop/ogmen_ws/src/install/ogmen_description/share/ogmen_description/launch/display.launch.py
[4.860s] -- Symlinking: /home/labster/Desktop/ogmen_ws/src/install/ogmen_description/share/ogmen_description/launch/gazebo.launch.py
[4.879s] -- Symlinking: /home/labster/Desktop/ogmen_ws/src/install/ogmen_description/share/ogmen_description/launch/gz-sim.launch.py
[4.901s] -- Symlinking: /home/labster/Desktop/ogmen_ws/src/install/ogmen_description/share/ogmen_description/meshes/base_link.stl
[4.920s] -- Symlinking: /home/labster/Desktop/ogmen_ws/src/install/ogmen_description/share/ogmen_description/meshes/camera_1.stl
[4.958s] -- Symlinking: /home/labster/Desktop/ogmen_ws/src/install/ogmen_description/share/ogmen_description/meshes/left_wheel_1.stl
[5.005s] -- Symlinking: /home/labster/Desktop/ogmen_ws/src/install/ogmen_description/share/ogmen_description/meshes/lidar_1.stl
[5.027s] -- Symlinking: /home/labster/Desktop/ogmen_ws/src/install/ogmen_description/share/ogmen_description/meshes/right_wheel_1.stl
[5.046s] -- Symlinking: /home/labster/Desktop/ogmen_ws/src/install/ogmen_description/share/ogmen_description/urdf/materials.xacro
[5.067s] -- Symlinking: /home/labster/Desktop/ogmen_ws/src/install/ogmen_description/share/ogmen_description/urdf/ogmen.gazebo
[5.086s] -- Symlinking: /home/labster/Desktop/ogmen_ws/src/install/ogmen_description/share/ogmen_description/urdf/ogmen.trans
[5.111s] -- Symlinking: /home/labster/Desktop/ogmen_ws/src/install/ogmen_description/share/ogmen_description/urdf/ogmen.xacro
[5.136s] -- Symlinking: /home/labster/Desktop/ogmen_ws/src/install/ogmen_description/share/ogmen_description/config/rviz_default.rviz
[5.165s] -- Symlinking: /home/labster/Desktop/ogmen_ws/src/install/ogmen_description/share/ogmen_description/worlds/empty.world
[5.183s] -- Symlinking: /home/labster/Desktop/ogmen_ws/src/install/ogmen_description/share/ogmen_description/worlds/empty_world.sdf
[5.200s] -- Symlinking: /home/labster/Desktop/ogmen_ws/src/install/ogmen_description/share/ogmen_description/worlds/ogmen_world.world
[5.266s] -- Symlinking: /home/labster/Desktop/ogmen_ws/src/install/ogmen_description/share/ament_index/resource_index/package_run_dependencies/ogmen_description
[5.292s] -- Symlinking: /home/labster/Desktop/ogmen_ws/src/install/ogmen_description/share/ament_index/resource_index/parent_prefix_path/ogmen_description
[5.307s] -- Symlinking: /home/labster/Desktop/ogmen_ws/src/install/ogmen_description/share/ogmen_description/environment/ament_prefix_path.sh
[5.324s] -- Symlinking: /home/labster/Desktop/ogmen_ws/src/install/ogmen_description/share/ogmen_description/environment/ament_prefix_path.dsv
[5.341s] -- Symlinking: /home/labster/Desktop/ogmen_ws/src/install/ogmen_description/share/ogmen_description/environment/path.sh
[5.362s] -- Symlinking: /home/labster/Desktop/ogmen_ws/src/install/ogmen_description/share/ogmen_description/environment/path.dsv
[5.379s] -- Symlinking: /home/labster/Desktop/ogmen_ws/src/install/ogmen_description/share/ogmen_description/local_setup.bash
[5.398s] -- Symlinking: /home/labster/Desktop/ogmen_ws/src/install/ogmen_description/share/ogmen_description/local_setup.sh
[5.415s] -- Symlinking: /home/labster/Desktop/ogmen_ws/src/install/ogmen_description/share/ogmen_description/local_setup.zsh
[5.447s] -- Symlinking: /home/labster/Desktop/ogmen_ws/src/install/ogmen_description/share/ogmen_description/local_setup.dsv
[5.457s] -- Symlinking: /home/labster/Desktop/ogmen_ws/src/install/ogmen_description/share/ogmen_description/package.dsv
[5.468s] -- Symlinking: /home/labster/Desktop/ogmen_ws/src/install/ogmen_description/share/ament_index/resource_index/packages/ogmen_description
[5.480s] -- Symlinking: /home/labster/Desktop/ogmen_ws/src/install/ogmen_description/share/ogmen_description/cmake/ogmen_descriptionConfig.cmake
[5.490s] -- Symlinking: /home/labster/Desktop/ogmen_ws/src/install/ogmen_description/share/ogmen_description/cmake/ogmen_descriptionConfig-version.cmake
[5.501s] -- Symlinking: /home/labster/Desktop/ogmen_ws/src/install/ogmen_description/share/ogmen_description/package.xml
[5.513s] Invoked command in '/home/labster/Desktop/ogmen_ws/src/build/ogmen_description' returned '0': CMAKE_PREFIX_PATH=${CMAKE_PREFIX_PATH}:/opt/ros/humble /usr/bin/cmake --install /home/labster/Desktop/ogmen_ws/src/build/ogmen_description
