/home/labster/Desktop/ogmen_ws/install/ogmen_description/lib/python3.10/site-packages/ogmen_description/__init__.py
/home/labster/Desktop/ogmen_ws/install/ogmen_description/lib/python3.10/site-packages/ogmen_description/__pycache__/__init__.cpython-310.pyc
/home/labster/Desktop/ogmen_ws/install/ogmen_description/share/ament_index/resource_index/packages/ogmen_description
/home/labster/Desktop/ogmen_ws/install/ogmen_description/share/ogmen_description/package.xml
/home/labster/Desktop/ogmen_ws/install/ogmen_description/share/ogmen_description/launch/display.launch.py
/home/labster/Desktop/ogmen_ws/install/ogmen_description/share/ogmen_description/launch/gazebo.launch.py
/home/labster/Desktop/ogmen_ws/install/ogmen_description/share/ogmen_description/urdf/ogmen.trans
/home/labster/Desktop/ogmen_ws/install/ogmen_description/share/ogmen_description/urdf/ogmen.xacro
/home/labster/Desktop/ogmen_ws/install/ogmen_description/share/ogmen_description/urdf/ogmen.gazebo
/home/labster/Desktop/ogmen_ws/install/ogmen_description/share/ogmen_description/urdf/materials.xacro
/home/labster/Desktop/ogmen_ws/install/ogmen_description/share/ogmen_description/meshes/lidar_1.stl
/home/labster/Desktop/ogmen_ws/install/ogmen_description/share/ogmen_description/meshes/right_wheel_1.stl
/home/labster/Desktop/ogmen_ws/install/ogmen_description/share/ogmen_description/meshes/camera_1.stl
/home/labster/Desktop/ogmen_ws/install/ogmen_description/share/ogmen_description/meshes/base_link.stl
/home/labster/Desktop/ogmen_ws/install/ogmen_description/share/ogmen_description/meshes/left_wheel_1.stl
/home/labster/Desktop/ogmen_ws/install/ogmen_description/share/ogmen_description/config/display.rviz
/home/labster/Desktop/ogmen_ws/install/ogmen_description/lib/python3.10/site-packages/ogmen_description-0.0.0-py3.10.egg-info/top_level.txt
/home/labster/Desktop/ogmen_ws/install/ogmen_description/lib/python3.10/site-packages/ogmen_description-0.0.0-py3.10.egg-info/dependency_links.txt
/home/labster/Desktop/ogmen_ws/install/ogmen_description/lib/python3.10/site-packages/ogmen_description-0.0.0-py3.10.egg-info/SOURCES.txt
/home/labster/Desktop/ogmen_ws/install/ogmen_description/lib/python3.10/site-packages/ogmen_description-0.0.0-py3.10.egg-info/requires.txt
/home/labster/Desktop/ogmen_ws/install/ogmen_description/lib/python3.10/site-packages/ogmen_description-0.0.0-py3.10.egg-info/zip-safe
/home/labster/Desktop/ogmen_ws/install/ogmen_description/lib/python3.10/site-packages/ogmen_description-0.0.0-py3.10.egg-info/PKG-INFO
/home/labster/Desktop/ogmen_ws/install/ogmen_description/lib/python3.10/site-packages/ogmen_description-0.0.0-py3.10.egg-info/entry_points.txt
