[0.199s] Invoking command in '/home/labster/Desktop/ogmen_ws/src/build/sllidar_ros2': CMAKE_PREFIX_PATH=${CMAKE_PREFIX_PATH}:/opt/ros/humble /usr/bin/cmake --build /home/labster/Desktop/ogmen_ws/src/build/sllidar_ros2 -- -j12 -l12
[3.291s] [35m[1mConsolidate compiler generated dependencies of target sllidar_node[0m
[3.299s] [35m[1mConsolidate compiler generated dependencies of target sllidar_client[0m
[3.383s] [ 10%] Built target sllidar_client
[3.908s] [100%] Built target sllidar_node
[3.908s] Invoked command in '/home/labster/Desktop/ogmen_ws/src/build/sllidar_ros2' returned '0': CMAKE_PREFIX_PATH=${CMAKE_PREFIX_PATH}:/opt/ros/humble /usr/bin/cmake --build /home/labster/Desktop/ogmen_ws/src/build/sllidar_ros2 -- -j12 -l12
[4.003s] Invoking command in '/home/labster/Desktop/ogmen_ws/src/build/sllidar_ros2': CMAKE_PREFIX_PATH=${CMAKE_PREFIX_PATH}:/opt/ros/humble /usr/bin/cmake --install /home/labster/Desktop/ogmen_ws/src/build/sllidar_ros2
[4.021s] -- Install configuration: ""
[4.021s] -- Execute custom install script
[4.023s] -- Up-to-date symlink: /home/labster/Desktop/ogmen_ws/src/install/sllidar_ros2/share/sllidar_ros2/launch/sllidar_a1_launch.py
[4.023s] -- Up-to-date symlink: /home/labster/Desktop/ogmen_ws/src/install/sllidar_ros2/share/sllidar_ros2/launch/sllidar_a2m12_launch .py
[4.023s] -- Up-to-date symlink: /home/labster/Desktop/ogmen_ws/src/install/sllidar_ros2/share/sllidar_ros2/launch/sllidar_a2m7_launch.py
[4.024s] -- Up-to-date symlink: /home/labster/Desktop/ogmen_ws/src/install/sllidar_ros2/share/sllidar_ros2/launch/sllidar_a2m8_launch.py
[4.024s] -- Up-to-date symlink: /home/labster/Desktop/ogmen_ws/src/install/sllidar_ros2/share/sllidar_ros2/launch/sllidar_a3_launch.py
[4.024s] -- Up-to-date symlink: /home/labster/Desktop/ogmen_ws/src/install/sllidar_ros2/share/sllidar_ros2/launch/sllidar_c1_launch.py
[4.024s] -- Up-to-date symlink: /home/labster/Desktop/ogmen_ws/src/install/sllidar_ros2/share/sllidar_ros2/launch/sllidar_s1_launch.py
[4.025s] -- Up-to-date symlink: /home/labster/Desktop/ogmen_ws/src/install/sllidar_ros2/share/sllidar_ros2/launch/sllidar_s1_tcp_launch.py
[4.025s] -- Up-to-date symlink: /home/labster/Desktop/ogmen_ws/src/install/sllidar_ros2/share/sllidar_ros2/launch/sllidar_s2_launch.py
[4.025s] -- Up-to-date symlink: /home/labster/Desktop/ogmen_ws/src/install/sllidar_ros2/share/sllidar_ros2/launch/sllidar_s2e_launch.py
[4.025s] -- Up-to-date symlink: /home/labster/Desktop/ogmen_ws/src/install/sllidar_ros2/share/sllidar_ros2/launch/sllidar_s3_launch.py
[4.026s] -- Up-to-date symlink: /home/labster/Desktop/ogmen_ws/src/install/sllidar_ros2/share/sllidar_ros2/launch/sllidar_t1_launch.py
[4.026s] -- Up-to-date symlink: /home/labster/Desktop/ogmen_ws/src/install/sllidar_ros2/share/sllidar_ros2/launch/view_sllidar_a1_launch.py
[4.026s] -- Up-to-date symlink: /home/labster/Desktop/ogmen_ws/src/install/sllidar_ros2/share/sllidar_ros2/launch/view_sllidar_a2m12_launch.py
[4.026s] -- Up-to-date symlink: /home/labster/Desktop/ogmen_ws/src/install/sllidar_ros2/share/sllidar_ros2/launch/view_sllidar_a2m7_launch.py
[4.027s] -- Up-to-date symlink: /home/labster/Desktop/ogmen_ws/src/install/sllidar_ros2/share/sllidar_ros2/launch/view_sllidar_a2m8_launch.py
[4.027s] -- Up-to-date symlink: /home/labster/Desktop/ogmen_ws/src/install/sllidar_ros2/share/sllidar_ros2/launch/view_sllidar_a3_launch.py
[4.027s] -- Up-to-date symlink: /home/labster/Desktop/ogmen_ws/src/install/sllidar_ros2/share/sllidar_ros2/launch/view_sllidar_c1_launch.py
[4.027s] -- Up-to-date symlink: /home/labster/Desktop/ogmen_ws/src/install/sllidar_ros2/share/sllidar_ros2/launch/view_sllidar_s1_launch.py
[4.028s] -- Up-to-date symlink: /home/labster/Desktop/ogmen_ws/src/install/sllidar_ros2/share/sllidar_ros2/launch/view_sllidar_s1_tcp_launch.py
[4.028s] -- Up-to-date symlink: /home/labster/Desktop/ogmen_ws/src/install/sllidar_ros2/share/sllidar_ros2/launch/view_sllidar_s2_launch.py
[4.028s] -- Up-to-date symlink: /home/labster/Desktop/ogmen_ws/src/install/sllidar_ros2/share/sllidar_ros2/launch/view_sllidar_s2e_launch.py
[4.028s] -- Up-to-date symlink: /home/labster/Desktop/ogmen_ws/src/install/sllidar_ros2/share/sllidar_ros2/launch/view_sllidar_s3_launch.py
[4.028s] -- Up-to-date symlink: /home/labster/Desktop/ogmen_ws/src/install/sllidar_ros2/share/sllidar_ros2/launch/view_sllidar_t1_launch.py
[4.029s] -- Up-to-date symlink: /home/labster/Desktop/ogmen_ws/src/install/sllidar_ros2/share/sllidar_ros2/rviz/sllidar_ros2.rviz
[4.029s] -- Up-to-date symlink: /home/labster/Desktop/ogmen_ws/src/install/sllidar_ros2/lib/sllidar_ros2/sllidar_node
[4.030s] -- Up-to-date symlink: /home/labster/Desktop/ogmen_ws/src/install/sllidar_ros2/lib/sllidar_ros2/sllidar_client
[4.030s] -- Up-to-date symlink: /home/labster/Desktop/ogmen_ws/src/install/sllidar_ros2/share/ament_index/resource_index/package_run_dependencies/sllidar_ros2
[4.030s] -- Up-to-date symlink: /home/labster/Desktop/ogmen_ws/src/install/sllidar_ros2/share/ament_index/resource_index/parent_prefix_path/sllidar_ros2
[4.031s] -- Up-to-date symlink: /home/labster/Desktop/ogmen_ws/src/install/sllidar_ros2/share/sllidar_ros2/environment/ament_prefix_path.sh
[4.031s] -- Up-to-date symlink: /home/labster/Desktop/ogmen_ws/src/install/sllidar_ros2/share/sllidar_ros2/environment/ament_prefix_path.dsv
[4.031s] -- Up-to-date symlink: /home/labster/Desktop/ogmen_ws/src/install/sllidar_ros2/share/sllidar_ros2/environment/path.sh
[4.032s] -- Up-to-date symlink: /home/labster/Desktop/ogmen_ws/src/install/sllidar_ros2/share/sllidar_ros2/environment/path.dsv
[4.032s] -- Up-to-date symlink: /home/labster/Desktop/ogmen_ws/src/install/sllidar_ros2/share/sllidar_ros2/local_setup.bash
[4.032s] -- Up-to-date symlink: /home/labster/Desktop/ogmen_ws/src/install/sllidar_ros2/share/sllidar_ros2/local_setup.sh
[4.033s] -- Up-to-date symlink: /home/labster/Desktop/ogmen_ws/src/install/sllidar_ros2/share/sllidar_ros2/local_setup.zsh
[4.033s] -- Up-to-date symlink: /home/labster/Desktop/ogmen_ws/src/install/sllidar_ros2/share/sllidar_ros2/local_setup.dsv
[4.033s] -- Symlinking: /home/labster/Desktop/ogmen_ws/src/install/sllidar_ros2/share/sllidar_ros2/package.dsv
[4.058s] -- Up-to-date symlink: /home/labster/Desktop/ogmen_ws/src/install/sllidar_ros2/share/ament_index/resource_index/packages/sllidar_ros2
[4.058s] -- Up-to-date symlink: /home/labster/Desktop/ogmen_ws/src/install/sllidar_ros2/share/sllidar_ros2/cmake/ament_cmake_export_dependencies-extras.cmake
[4.059s] -- Up-to-date symlink: /home/labster/Desktop/ogmen_ws/src/install/sllidar_ros2/share/sllidar_ros2/cmake/ament_cmake_export_include_directories-extras.cmake
[4.060s] -- Up-to-date symlink: /home/labster/Desktop/ogmen_ws/src/install/sllidar_ros2/share/sllidar_ros2/cmake/sllidar_ros2Config.cmake
[4.060s] -- Up-to-date symlink: /home/labster/Desktop/ogmen_ws/src/install/sllidar_ros2/share/sllidar_ros2/cmake/sllidar_ros2Config-version.cmake
[4.060s] -- Up-to-date symlink: /home/labster/Desktop/ogmen_ws/src/install/sllidar_ros2/share/sllidar_ros2/package.xml
[4.064s] Invoked command in '/home/labster/Desktop/ogmen_ws/src/build/sllidar_ros2' returned '0': CMAKE_PREFIX_PATH=${CMAKE_PREFIX_PATH}:/opt/ros/humble /usr/bin/cmake --install /home/labster/Desktop/ogmen_ws/src/build/sllidar_ros2
